2024-03-27 15:26:14.735 [info] Log level: Info
2024-03-27 15:26:14.735 [info] Validating found git in: "git"
2024-03-27 15:26:14.735 [info] Using git "2.43.0" from "git"
2024-03-27 15:26:14.735 [info] > git rev-parse --show-toplevel [14ms]
2024-03-27 15:26:14.735 [info] > git rev-parse --git-dir --git-common-dir [219ms]
2024-03-27 15:26:14.735 [info] Open repository: /root/docker
2024-03-27 15:26:14.934 [info] > git rev-parse --show-toplevel [175ms]
2024-03-27 15:26:14.935 [info] > git config --get commit.template [183ms]
2024-03-27 15:26:14.989 [info] > git rev-parse --show-toplevel [31ms]
2024-03-27 15:26:15.066 [info] > git rev-parse --show-toplevel [45ms]
2024-03-27 15:26:15.068 [info] > git for-each-ref --format=%(refname)%00%(upstream:short)%00%(objectname)%00%(upstream:track)%00%(upstream:remotename)%00%(upstream:remoteref) refs/heads/main refs/remotes/main [95ms]
2024-03-27 15:26:15.292 [info] > git status -z -uall [197ms]
2024-03-27 15:26:15.292 [info] > git check-ignore -v -z --stdin [14ms]
2024-03-27 15:26:15.298 [info] > git rev-parse --show-toplevel [54ms]
2024-03-27 15:26:16.156 [info] > git config --get commit.template [665ms]
2024-03-27 15:26:16.156 [info] > git rev-parse --show-toplevel [744ms]
2024-03-27 15:26:16.408 [info] > git rev-parse --show-toplevel [156ms]
2024-03-27 15:26:16.521 [info] > git for-each-ref --format=%(refname)%00%(upstream:short)%00%(objectname)%00%(upstream:track)%00%(upstream:remotename)%00%(upstream:remoteref) refs/heads/main refs/remotes/main [116ms]
2024-03-27 15:26:16.555 [info] > git rev-parse --show-toplevel [38ms]
2024-03-27 15:26:16.595 [info] > git status -z -uall [56ms]
2024-03-27 15:26:16.663 [info] > git rev-parse --show-toplevel [81ms]
2024-03-27 15:26:16.683 [info] > git rev-parse --show-toplevel [5ms]
2024-03-27 15:26:16.697 [info] > git rev-parse --show-toplevel [4ms]
2024-03-27 15:26:17.067 [info] > git rev-parse --show-toplevel [359ms]
2024-03-27 15:26:17.094 [info] > git rev-parse --show-toplevel [16ms]
2024-03-27 15:26:17.119 [info] > git rev-parse --show-toplevel [7ms]
2024-03-27 15:26:17.141 [info] > git rev-parse --show-toplevel [6ms]
2024-03-27 15:26:17.155 [info] > git rev-parse --show-toplevel [5ms]
2024-03-27 15:26:17.177 [info] > git rev-parse --show-toplevel [13ms]
2024-03-27 15:26:17.233 [info] > git rev-parse --show-toplevel [8ms]
2024-03-27 15:26:17.254 [info] > git rev-parse --show-toplevel [7ms]
2024-03-27 15:26:17.455 [info] > git for-each-ref --format=%(refname)%00%(upstream:short)%00%(objectname)%00%(upstream:track)%00%(upstream:remotename)%00%(upstream:remoteref) refs/heads/main [7ms]
2024-03-27 15:26:17.483 [info] > git for-each-ref --format=%(refname)%00%(upstream:short)%00%(objectname)%00%(upstream:track)%00%(upstream:remotename)%00%(upstream:remoteref) refs/heads/main [12ms]
2024-03-27 15:26:17.503 [info] > git config --local branch.main.vscode-merge-base [5ms]
2024-03-27 15:26:17.503 [warning] git config failed: Failed to execute git
2024-03-27 15:26:17.527 [info] > git reflog refs/heads/main --grep-reflog=branch: Created from *. [11ms]
2024-03-27 15:26:17.543 [info] > git symbolic-ref --short refs/remotes/origin/HEAD [5ms]
2024-03-27 15:26:17.543 [info] fatal: ref refs/remotes/origin/HEAD is not a symbolic ref
2024-03-27 15:26:17.543 [info] GitHistoryProvider:resolveHistoryItemGroupBase - Failed to resolve history item group base for 'refs/heads/main'
2024-03-27 15:26:17.544 [info] GitHistoryProvider:resolveHistoryItemGroupCommonAncestor - Failed to resolve history item group base for 'refs/heads/main'
2024-03-27 15:26:18.052 [info] > git for-each-ref --format=%(refname)%00%(upstream:short)%00%(objectname)%00%(upstream:track)%00%(upstream:remotename)%00%(upstream:remoteref) refs/heads/main [3ms]
2024-03-27 15:26:18.069 [info] > git for-each-ref --format=%(refname)%00%(upstream:short)%00%(objectname)%00%(upstream:track)%00%(upstream:remotename)%00%(upstream:remoteref) refs/heads/main [7ms]
2024-03-27 15:26:18.083 [info] > git config --local branch.main.vscode-merge-base [3ms]
2024-03-27 15:26:18.083 [warning] git config failed: Failed to execute git
2024-03-27 15:26:18.097 [info] > git reflog refs/heads/main --grep-reflog=branch: Created from *. [3ms]
2024-03-27 15:26:18.109 [info] > git symbolic-ref --short refs/remotes/origin/HEAD [3ms]
2024-03-27 15:26:18.109 [info] fatal: ref refs/remotes/origin/HEAD is not a symbolic ref
2024-03-27 15:26:18.109 [info] GitHistoryProvider:resolveHistoryItemGroupBase - Failed to resolve history item group base for 'refs/heads/main'
2024-03-27 15:26:18.109 [info] GitHistoryProvider:resolveHistoryItemGroupCommonAncestor - Failed to resolve history item group base for 'refs/heads/main'
2024-03-27 15:26:18.752 [info] > git check-ignore -v -z --stdin [19ms]
2024-03-27 15:26:19.046 [info] > git config --local branch.main.github-pr-owner-number [10ms]
2024-03-27 15:26:19.046 [warning] git config failed: Failed to execute git
2024-03-27 15:26:19.076 [info] > git config --local branch.main.remote [12ms]
2024-03-27 15:26:19.077 [warning] git config failed: Failed to execute git
2024-03-27 15:26:19.099 [info] > git config --local branch.main.merge [8ms]
2024-03-27 15:26:19.099 [warning] git config failed: Failed to execute git
2024-03-27 15:26:21.718 [info] > git config --get commit.template [5ms]
2024-03-27 15:26:21.744 [info] > git for-each-ref --format=%(refname)%00%(upstream:short)%00%(objectname)%00%(upstream:track)%00%(upstream:remotename)%00%(upstream:remoteref) refs/heads/main refs/remotes/main [2ms]
2024-03-27 15:26:21.777 [info] > git status -z -uall [18ms]
2024-03-27 15:26:22.114 [info] > git for-each-ref --format=%(refname)%00%(upstream:short)%00%(objectname)%00%(upstream:track)%00%(upstream:remotename)%00%(upstream:remoteref) refs/heads/main [11ms]
2024-03-27 15:26:22.144 [info] > git for-each-ref --format=%(refname)%00%(upstream:short)%00%(objectname)%00%(upstream:track)%00%(upstream:remotename)%00%(upstream:remoteref) refs/heads/main [10ms]
2024-03-27 15:26:22.171 [info] > git config --local branch.main.vscode-merge-base [3ms]
2024-03-27 15:26:22.171 [warning] git config failed: Failed to execute git
2024-03-27 15:26:22.198 [info] > git reflog refs/heads/main --grep-reflog=branch: Created from *. [3ms]
2024-03-27 15:26:22.225 [info] > git symbolic-ref --short refs/remotes/origin/HEAD [13ms]
2024-03-27 15:26:22.225 [info] fatal: ref refs/remotes/origin/HEAD is not a symbolic ref
2024-03-27 15:26:22.226 [info] GitHistoryProvider:resolveHistoryItemGroupBase - Failed to resolve history item group base for 'refs/heads/main'
2024-03-27 15:26:22.226 [info] GitHistoryProvider:resolveHistoryItemGroupCommonAncestor - Failed to resolve history item group base for 'refs/heads/main'
2024-03-27 15:26:22.395 [info] > git for-each-ref --format=%(refname)%00%(upstream:short)%00%(objectname)%00%(upstream:track)%00%(upstream:remotename)%00%(upstream:remoteref) refs/heads/main [5ms]
2024-03-27 15:26:22.416 [info] > git for-each-ref --format=%(refname)%00%(upstream:short)%00%(objectname)%00%(upstream:track)%00%(upstream:remotename)%00%(upstream:remoteref) refs/heads/main [3ms]
2024-03-27 15:26:22.449 [info] > git config --local branch.main.vscode-merge-base [5ms]
2024-03-27 15:26:22.449 [warning] git config failed: Failed to execute git
2024-03-27 15:26:22.470 [info] > git reflog refs/heads/main --grep-reflog=branch: Created from *. [6ms]
2024-03-27 15:26:22.489 [info] > git symbolic-ref --short refs/remotes/origin/HEAD [3ms]
2024-03-27 15:26:22.489 [info] fatal: ref refs/remotes/origin/HEAD is not a symbolic ref
2024-03-27 15:26:22.490 [info] GitHistoryProvider:resolveHistoryItemGroupBase - Failed to resolve history item group base for 'refs/heads/main'
2024-03-27 15:26:22.490 [info] GitHistoryProvider:resolveHistoryItemGroupCommonAncestor - Failed to resolve history item group base for 'refs/heads/main'
2024-03-27 15:26:26.912 [info] > git for-each-ref --format=%(refname)%00%(upstream:short)%00%(objectname)%00%(upstream:track)%00%(upstream:remotename)%00%(upstream:remoteref) refs/heads/main refs/remotes/main [8ms]
2024-03-27 15:26:26.916 [info] > git config --get commit.template [32ms]
2024-03-27 15:26:26.985 [info] > git status -z -uall [53ms]
2024-03-27 15:28:17.634 [info] > git config --get commit.template [18ms]
2024-03-27 15:28:17.640 [info] > git for-each-ref --format=%(refname)%00%(upstream:short)%00%(objectname)%00%(upstream:track)%00%(upstream:remotename)%00%(upstream:remoteref) refs/heads/main refs/remotes/main [7ms]
2024-03-27 15:28:17.674 [info] > git status -z -uall [25ms]
2024-03-27 15:28:22.866 [info] > git config --get commit.template [17ms]
2024-03-27 15:28:22.868 [info] > git for-each-ref --format=%(refname)%00%(upstream:short)%00%(objectname)%00%(upstream:track)%00%(upstream:remotename)%00%(upstream:remoteref) refs/heads/main refs/remotes/main [4ms]
2024-03-27 15:28:22.901 [info] > git status -z -uall [19ms]
2024-03-27 15:28:27.973 [info] > git config --get commit.template [14ms]
2024-03-27 15:28:27.975 [info] > git for-each-ref --format=%(refname)%00%(upstream:short)%00%(objectname)%00%(upstream:track)%00%(upstream:remotename)%00%(upstream:remoteref) refs/heads/main refs/remotes/main [2ms]
2024-03-27 15:28:28.034 [info] > git status -z -uall [38ms]
2024-03-27 15:28:33.088 [info] > git config --get commit.template [12ms]
2024-03-27 15:28:33.090 [info] > git for-each-ref --format=%(refname)%00%(upstream:short)%00%(objectname)%00%(upstream:track)%00%(upstream:remotename)%00%(upstream:remoteref) refs/heads/main refs/remotes/main [4ms]
2024-03-27 15:28:33.118 [info] > git status -z -uall [15ms]
2024-03-27 15:28:38.157 [info] > git config --get commit.template [3ms]
2024-03-27 15:28:38.182 [info] > git for-each-ref --format=%(refname)%00%(upstream:short)%00%(objectname)%00%(upstream:track)%00%(upstream:remotename)%00%(upstream:remoteref) refs/heads/main refs/remotes/main [2ms]
2024-03-27 15:28:38.213 [info] > git status -z -uall [15ms]
2024-03-27 15:28:48.030 [info] > git config --get commit.template [4ms]
2024-03-27 15:28:48.050 [info] > git for-each-ref --format=%(refname)%00%(upstream:short)%00%(objectname)%00%(upstream:track)%00%(upstream:remotename)%00%(upstream:remoteref) refs/heads/main refs/remotes/main [3ms]
2024-03-27 15:28:48.095 [info] > git status -z -uall [34ms]
2024-03-27 15:28:53.164 [info] > git config --get commit.template [13ms]
2024-03-27 15:28:53.169 [info] > git for-each-ref --format=%(refname)%00%(upstream:short)%00%(objectname)%00%(upstream:track)%00%(upstream:remotename)%00%(upstream:remoteref) refs/heads/main refs/remotes/main [7ms]
2024-03-27 15:28:53.213 [info] > git status -z -uall [19ms]
2024-03-27 15:28:53.273 [info] > git for-each-ref --format=%(refname)%00%(upstream:short)%00%(objectname)%00%(upstream:track)%00%(upstream:remotename)%00%(upstream:remoteref) refs/heads/main [13ms]
2024-03-27 15:28:53.291 [info] > git for-each-ref --format=%(refname)%00%(upstream:short)%00%(objectname)%00%(upstream:track)%00%(upstream:remotename)%00%(upstream:remoteref) refs/heads/main [5ms]
2024-03-27 15:28:53.564 [info] > git config --local branch.main.vscode-merge-base [247ms]
2024-03-27 15:28:53.564 [warning] git config failed: Failed to execute git
2024-03-27 15:28:53.590 [info] > git reflog refs/heads/main --grep-reflog=branch: Created from *. [12ms]
2024-03-27 15:28:53.612 [info] > git symbolic-ref --short refs/remotes/origin/HEAD [6ms]
2024-03-27 15:28:53.612 [info] fatal: ref refs/remotes/origin/HEAD is not a symbolic ref
2024-03-27 15:28:53.612 [info] GitHistoryProvider:resolveHistoryItemGroupBase - Failed to resolve history item group base for 'refs/heads/main'
2024-03-27 15:28:53.612 [info] GitHistoryProvider:resolveHistoryItemGroupCommonAncestor - Failed to resolve history item group base for 'refs/heads/main'
2024-03-27 15:28:53.842 [info] > git for-each-ref --format=%(refname)%00%(upstream:short)%00%(objectname)%00%(upstream:track)%00%(upstream:remotename)%00%(upstream:remoteref) refs/heads/main [32ms]
2024-03-27 15:28:53.859 [info] > git for-each-ref --format=%(refname)%00%(upstream:short)%00%(objectname)%00%(upstream:track)%00%(upstream:remotename)%00%(upstream:remoteref) refs/heads/main [4ms]
2024-03-27 15:28:53.887 [info] > git config --local branch.main.vscode-merge-base [3ms]
2024-03-27 15:28:53.887 [warning] git config failed: Failed to execute git
2024-03-27 15:28:53.909 [info] > git reflog refs/heads/main --grep-reflog=branch: Created from *. [3ms]
2024-03-27 15:28:53.929 [info] > git symbolic-ref --short refs/remotes/origin/HEAD [6ms]
2024-03-27 15:28:53.929 [info] fatal: ref refs/remotes/origin/HEAD is not a symbolic ref
2024-03-27 15:28:53.929 [info] GitHistoryProvider:resolveHistoryItemGroupBase - Failed to resolve history item group base for 'refs/heads/main'
2024-03-27 15:28:53.929 [info] GitHistoryProvider:resolveHistoryItemGroupCommonAncestor - Failed to resolve history item group base for 'refs/heads/main'
2024-03-27 15:28:58.275 [info] > git config --get commit.template [14ms]
2024-03-27 15:28:58.276 [info] > git for-each-ref --format=%(refname)%00%(upstream:short)%00%(objectname)%00%(upstream:track)%00%(upstream:remotename)%00%(upstream:remoteref) refs/heads/main refs/remotes/main [3ms]
2024-03-27 15:28:58.317 [info] > git status -z -uall [29ms]
2024-03-27 15:29:03.509 [info] > git config --get commit.template [2ms]
2024-03-27 15:29:03.531 [info] > git for-each-ref --format=%(refname)%00%(upstream:short)%00%(objectname)%00%(upstream:track)%00%(upstream:remotename)%00%(upstream:remoteref) refs/heads/main refs/remotes/main [3ms]
2024-03-27 15:29:03.562 [info] > git status -z -uall [20ms]
2024-03-27 15:29:03.655 [info] > git for-each-ref --format=%(refname)%00%(upstream:short)%00%(objectname)%00%(upstream:track)%00%(upstream:remotename)%00%(upstream:remoteref) refs/heads/main [7ms]
2024-03-27 15:29:03.924 [info] > git for-each-ref --format=%(refname)%00%(upstream:short)%00%(objectname)%00%(upstream:track)%00%(upstream:remotename)%00%(upstream:remoteref) refs/heads/main [251ms]
2024-03-27 15:29:03.957 [info] > git config --local branch.main.vscode-merge-base [15ms]
2024-03-27 15:29:03.958 [warning] git config failed: Failed to execute git
2024-03-27 15:29:04.009 [info] > git reflog refs/heads/main --grep-reflog=branch: Created from *. [6ms]
2024-03-27 15:29:04.037 [info] > git symbolic-ref --short refs/remotes/origin/HEAD [13ms]
2024-03-27 15:29:04.037 [info] fatal: ref refs/remotes/origin/HEAD is not a symbolic ref
2024-03-27 15:29:04.037 [info] GitHistoryProvider:resolveHistoryItemGroupBase - Failed to resolve history item group base for 'refs/heads/main'
2024-03-27 15:29:04.037 [info] GitHistoryProvider:resolveHistoryItemGroupCommonAncestor - Failed to resolve history item group base for 'refs/heads/main'
2024-03-27 15:29:04.272 [info] > git for-each-ref --format=%(refname)%00%(upstream:short)%00%(objectname)%00%(upstream:track)%00%(upstream:remotename)%00%(upstream:remoteref) refs/heads/main [3ms]
2024-03-27 15:29:04.332 [info] > git for-each-ref --format=%(refname)%00%(upstream:short)%00%(objectname)%00%(upstream:track)%00%(upstream:remotename)%00%(upstream:remoteref) refs/heads/main [30ms]
2024-03-27 15:29:04.358 [info] > git config --local branch.main.vscode-merge-base [6ms]
2024-03-27 15:29:04.358 [warning] git config failed: Failed to execute git
2024-03-27 15:29:04.410 [info] > git reflog refs/heads/main --grep-reflog=branch: Created from *. [21ms]
2024-03-27 15:29:04.460 [info] > git symbolic-ref --short refs/remotes/origin/HEAD [17ms]
2024-03-27 15:29:04.460 [info] fatal: ref refs/remotes/origin/HEAD is not a symbolic ref
2024-03-27 15:29:04.461 [info] GitHistoryProvider:resolveHistoryItemGroupBase - Failed to resolve history item group base for 'refs/heads/main'
2024-03-27 15:29:04.461 [info] GitHistoryProvider:resolveHistoryItemGroupCommonAncestor - Failed to resolve history item group base for 'refs/heads/main'
2024-03-27 15:29:08.637 [info] > git config --get commit.template [7ms]
2024-03-27 15:29:08.660 [info] > git for-each-ref --format=%(refname)%00%(upstream:short)%00%(objectname)%00%(upstream:track)%00%(upstream:remotename)%00%(upstream:remoteref) refs/heads/main refs/remotes/main [12ms]
2024-03-27 15:29:08.696 [info] > git status -z -uall [23ms]
2024-03-27 15:29:08.743 [info] > git for-each-ref --format=%(refname)%00%(upstream:short)%00%(objectname)%00%(upstream:track)%00%(upstream:remotename)%00%(upstream:remoteref) refs/heads/main [8ms]
2024-03-27 15:29:08.769 [info] > git for-each-ref --format=%(refname)%00%(upstream:short)%00%(objectname)%00%(upstream:track)%00%(upstream:remotename)%00%(upstream:remoteref) refs/heads/main [11ms]
2024-03-27 15:29:08.789 [info] > git config --local branch.main.vscode-merge-base [7ms]
2024-03-27 15:29:08.789 [warning] git config failed: Failed to execute git
2024-03-27 15:29:09.040 [info] > git reflog refs/heads/main --grep-reflog=branch: Created from *. [234ms]
2024-03-27 15:29:09.072 [info] > git symbolic-ref --short refs/remotes/origin/HEAD [13ms]
2024-03-27 15:29:09.073 [info] fatal: ref refs/remotes/origin/HEAD is not a symbolic ref
2024-03-27 15:29:09.074 [info] GitHistoryProvider:resolveHistoryItemGroupBase - Failed to resolve history item group base for 'refs/heads/main'
2024-03-27 15:29:09.074 [info] GitHistoryProvider:resolveHistoryItemGroupCommonAncestor - Failed to resolve history item group base for 'refs/heads/main'
2024-03-27 15:29:09.259 [info] > git for-each-ref --format=%(refname)%00%(upstream:short)%00%(objectname)%00%(upstream:track)%00%(upstream:remotename)%00%(upstream:remoteref) refs/heads/main [8ms]
2024-03-27 15:29:09.377 [info] > git for-each-ref --format=%(refname)%00%(upstream:short)%00%(objectname)%00%(upstream:track)%00%(upstream:remotename)%00%(upstream:remoteref) refs/heads/main [106ms]
2024-03-27 15:29:09.412 [info] > git config --local branch.main.vscode-merge-base [14ms]
2024-03-27 15:29:09.412 [warning] git config failed: Failed to execute git
2024-03-27 15:29:09.442 [info] > git reflog refs/heads/main --grep-reflog=branch: Created from *. [12ms]
2024-03-27 15:29:09.475 [info] > git symbolic-ref --short refs/remotes/origin/HEAD [11ms]
2024-03-27 15:29:09.475 [info] fatal: ref refs/remotes/origin/HEAD is not a symbolic ref
2024-03-27 15:29:09.476 [info] GitHistoryProvider:resolveHistoryItemGroupBase - Failed to resolve history item group base for 'refs/heads/main'
2024-03-27 15:29:09.476 [info] GitHistoryProvider:resolveHistoryItemGroupCommonAncestor - Failed to resolve history item group base for 'refs/heads/main'
2024-03-27 15:29:15.220 [info] > git config --get commit.template [34ms]
2024-03-27 15:29:15.233 [info] > git for-each-ref --format=%(refname)%00%(upstream:short)%00%(objectname)%00%(upstream:track)%00%(upstream:remotename)%00%(upstream:remoteref) refs/heads/main refs/remotes/main [15ms]
2024-03-27 15:29:15.292 [info] > git status -z -uall [27ms]
2024-03-27 15:29:15.856 [info] > git config --local branch.main.github-pr-owner-number [415ms]
2024-03-27 15:29:15.856 [warning] git config failed: Failed to execute git
2024-03-27 15:29:15.903 [info] > git for-each-ref --format=%(refname)%00%(upstream:short)%00%(objectname)%00%(upstream:track)%00%(upstream:remotename)%00%(upstream:remoteref) refs/heads/main [525ms]
2024-03-27 15:29:15.951 [info] > git config --local branch.main.remote [48ms]
2024-03-27 15:29:15.952 [warning] git config failed: Failed to execute git
2024-03-27 15:29:15.984 [info] > git for-each-ref --format=%(refname)%00%(upstream:short)%00%(objectname)%00%(upstream:track)%00%(upstream:remotename)%00%(upstream:remoteref) refs/heads/main [46ms]
2024-03-27 15:29:16.018 [info] > git config --local branch.main.vscode-merge-base [7ms]
2024-03-27 15:29:16.019 [warning] git config failed: Failed to execute git
2024-03-27 15:29:16.035 [info] > git config --local branch.main.merge [54ms]
2024-03-27 15:29:16.038 [warning] git config failed: Failed to execute git
2024-03-27 15:29:16.052 [info] > git reflog refs/heads/main --grep-reflog=branch: Created from *. [18ms]
2024-03-27 15:29:16.084 [info] > git symbolic-ref --short refs/remotes/origin/HEAD [14ms]
2024-03-27 15:29:16.099 [info] fatal: ref refs/remotes/origin/HEAD is not a symbolic ref
2024-03-27 15:29:16.099 [info] GitHistoryProvider:resolveHistoryItemGroupBase - Failed to resolve history item group base for 'refs/heads/main'
2024-03-27 15:29:16.099 [info] GitHistoryProvider:resolveHistoryItemGroupCommonAncestor - Failed to resolve history item group base for 'refs/heads/main'
2024-03-27 15:29:16.423 [info] > git for-each-ref --format=%(refname)%00%(upstream:short)%00%(objectname)%00%(upstream:track)%00%(upstream:remotename)%00%(upstream:remoteref) refs/heads/main [33ms]
2024-03-27 15:29:16.520 [info] > git for-each-ref --format=%(refname)%00%(upstream:short)%00%(objectname)%00%(upstream:track)%00%(upstream:remotename)%00%(upstream:remoteref) refs/heads/main [27ms]
2024-03-27 15:29:16.555 [info] > git config --local branch.main.vscode-merge-base [6ms]
2024-03-27 15:29:16.556 [warning] git config failed: Failed to execute git
2024-03-27 15:29:16.624 [info] > git reflog refs/heads/main --grep-reflog=branch: Created from *. [17ms]
2024-03-27 15:29:16.713 [info] > git symbolic-ref --short refs/remotes/origin/HEAD [34ms]
2024-03-27 15:29:16.713 [info] fatal: ref refs/remotes/origin/HEAD is not a symbolic ref
2024-03-27 15:29:16.714 [info] GitHistoryProvider:resolveHistoryItemGroupBase - Failed to resolve history item group base for 'refs/heads/main'
2024-03-27 15:29:16.714 [info] GitHistoryProvider:resolveHistoryItemGroupCommonAncestor - Failed to resolve history item group base for 'refs/heads/main'
2024-03-27 15:29:55.167 [info] > git config --get commit.template [26ms]
2024-03-27 15:29:55.169 [info] > git for-each-ref --format=%(refname)%00%(upstream:short)%00%(objectname)%00%(upstream:track)%00%(upstream:remotename)%00%(upstream:remoteref) refs/heads/main refs/remotes/main [3ms]
2024-03-27 15:29:55.229 [info] > git status -z -uall [45ms]
2024-03-27 15:30:00.317 [info] > git config --get commit.template [11ms]
2024-03-27 15:30:00.321 [info] > git for-each-ref --format=%(refname)%00%(upstream:short)%00%(objectname)%00%(upstream:track)%00%(upstream:remotename)%00%(upstream:remoteref) refs/heads/main refs/remotes/main [5ms]
2024-03-27 15:30:00.348 [info] > git status -z -uall [15ms]
2024-03-27 15:30:05.419 [info] > git for-each-ref --format=%(refname)%00%(upstream:short)%00%(objectname)%00%(upstream:track)%00%(upstream:remotename)%00%(upstream:remoteref) refs/heads/main refs/remotes/main [1ms]
2024-03-27 15:30:05.422 [info] > git config --get commit.template [28ms]
2024-03-27 15:30:05.455 [info] > git status -z -uall [20ms]
2024-03-27 15:30:10.509 [info] > git config --get commit.template [11ms]
2024-03-27 15:30:10.513 [info] > git for-each-ref --format=%(refname)%00%(upstream:short)%00%(objectname)%00%(upstream:track)%00%(upstream:remotename)%00%(upstream:remoteref) refs/heads/main refs/remotes/main [5ms]
2024-03-27 15:30:10.541 [info] > git status -z -uall [16ms]
2024-03-27 15:30:15.580 [info] > git config --get commit.template [3ms]
2024-03-27 15:30:15.596 [info] > git for-each-ref --format=%(refname)%00%(upstream:short)%00%(objectname)%00%(upstream:track)%00%(upstream:remotename)%00%(upstream:remoteref) refs/heads/main refs/remotes/main [5ms]
2024-03-27 15:30:15.629 [info] > git status -z -uall [19ms]
2024-03-27 15:30:20.678 [info] > git config --get commit.template [12ms]
2024-03-27 15:30:20.678 [info] > git for-each-ref --format=%(refname)%00%(upstream:short)%00%(objectname)%00%(upstream:track)%00%(upstream:remotename)%00%(upstream:remoteref) refs/heads/main refs/remotes/main [3ms]
2024-03-27 15:30:20.704 [info] > git status -z -uall [16ms]
2024-03-27 15:30:20.748 [info] > git for-each-ref --format=%(refname)%00%(upstream:short)%00%(objectname)%00%(upstream:track)%00%(upstream:remotename)%00%(upstream:remoteref) refs/heads/main [1ms]
2024-03-27 15:30:20.771 [info] > git for-each-ref --format=%(refname)%00%(upstream:short)%00%(objectname)%00%(upstream:track)%00%(upstream:remotename)%00%(upstream:remoteref) refs/heads/main [10ms]
2024-03-27 15:30:20.790 [info] > git config --local branch.main.vscode-merge-base [9ms]
2024-03-27 15:30:20.791 [warning] git config failed: Failed to execute git
2024-03-27 15:30:20.810 [info] > git reflog refs/heads/main --grep-reflog=branch: Created from *. [4ms]
2024-03-27 15:30:20.966 [info] > git symbolic-ref --short refs/remotes/origin/HEAD [148ms]
2024-03-27 15:30:20.968 [info] fatal: ref refs/remotes/origin/HEAD is not a symbolic ref
2024-03-27 15:30:20.968 [info] GitHistoryProvider:resolveHistoryItemGroupBase - Failed to resolve history item group base for 'refs/heads/main'
2024-03-27 15:30:20.968 [info] GitHistoryProvider:resolveHistoryItemGroupCommonAncestor - Failed to resolve history item group base for 'refs/heads/main'
2024-03-27 15:30:21.099 [info] > git for-each-ref --format=%(refname)%00%(upstream:short)%00%(objectname)%00%(upstream:track)%00%(upstream:remotename)%00%(upstream:remoteref) refs/heads/main [8ms]
2024-03-27 15:30:21.124 [info] > git for-each-ref --format=%(refname)%00%(upstream:short)%00%(objectname)%00%(upstream:track)%00%(upstream:remotename)%00%(upstream:remoteref) refs/heads/main [12ms]
2024-03-27 15:30:21.146 [info] > git config --local branch.main.vscode-merge-base [10ms]
2024-03-27 15:30:21.146 [warning] git config failed: Failed to execute git
2024-03-27 15:30:21.185 [info] > git reflog refs/heads/main --grep-reflog=branch: Created from *. [6ms]
2024-03-27 15:30:21.207 [info] > git symbolic-ref --short refs/remotes/origin/HEAD [7ms]
2024-03-27 15:30:21.207 [info] fatal: ref refs/remotes/origin/HEAD is not a symbolic ref
2024-03-27 15:30:21.208 [info] GitHistoryProvider:resolveHistoryItemGroupBase - Failed to resolve history item group base for 'refs/heads/main'
2024-03-27 15:30:21.208 [info] GitHistoryProvider:resolveHistoryItemGroupCommonAncestor - Failed to resolve history item group base for 'refs/heads/main'
2024-03-27 15:30:25.748 [info] > git config --get commit.template [5ms]
2024-03-27 15:30:25.762 [info] > git for-each-ref --format=%(refname)%00%(upstream:short)%00%(objectname)%00%(upstream:track)%00%(upstream:remotename)%00%(upstream:remoteref) refs/heads/main refs/remotes/main [4ms]
2024-03-27 15:30:25.789 [info] > git status -z -uall [17ms]
2024-03-27 15:30:30.823 [info] > git config --get commit.template [3ms]
2024-03-27 15:30:30.841 [info] > git for-each-ref --format=%(refname)%00%(upstream:short)%00%(objectname)%00%(upstream:track)%00%(upstream:remotename)%00%(upstream:remoteref) refs/heads/main refs/remotes/main [4ms]
2024-03-27 15:30:30.868 [info] > git status -z -uall [16ms]
2024-03-27 15:30:35.936 [info] > git config --get commit.template [20ms]
2024-03-27 15:30:35.945 [info] > git for-each-ref --format=%(refname)%00%(upstream:short)%00%(objectname)%00%(upstream:track)%00%(upstream:remotename)%00%(upstream:remoteref) refs/heads/main refs/remotes/main [11ms]
2024-03-27 15:30:36.005 [info] > git status -z -uall [45ms]
2024-03-27 15:30:36.075 [info] > git for-each-ref --format=%(refname)%00%(upstream:short)%00%(objectname)%00%(upstream:track)%00%(upstream:remotename)%00%(upstream:remoteref) refs/heads/main [21ms]
2024-03-27 15:30:36.095 [info] > git config --local branch.main.github-pr-owner-number [21ms]
2024-03-27 15:30:36.096 [warning] git config failed: Failed to execute git
2024-03-27 15:30:36.310 [info] > git config --local branch.main.remote [198ms]
2024-03-27 15:30:36.310 [warning] git config failed: Failed to execute git
2024-03-27 15:30:36.327 [info] > git for-each-ref --format=%(refname)%00%(upstream:short)%00%(objectname)%00%(upstream:track)%00%(upstream:remotename)%00%(upstream:remoteref) refs/heads/main [233ms]
2024-03-27 15:30:36.343 [info] > git config --local branch.main.merge [17ms]
2024-03-27 15:30:36.343 [warning] git config failed: Failed to execute git
2024-03-27 15:30:36.350 [info] > git config --local branch.main.vscode-merge-base [9ms]
2024-03-27 15:30:36.350 [warning] git config failed: Failed to execute git
2024-03-27 15:30:36.372 [info] > git reflog refs/heads/main --grep-reflog=branch: Created from *. [10ms]
2024-03-27 15:30:36.389 [info] > git symbolic-ref --short refs/remotes/origin/HEAD [5ms]
2024-03-27 15:30:36.389 [info] fatal: ref refs/remotes/origin/HEAD is not a symbolic ref
2024-03-27 15:30:36.389 [info] GitHistoryProvider:resolveHistoryItemGroupBase - Failed to resolve history item group base for 'refs/heads/main'
2024-03-27 15:30:36.389 [info] GitHistoryProvider:resolveHistoryItemGroupCommonAncestor - Failed to resolve history item group base for 'refs/heads/main'
2024-03-27 15:30:36.558 [info] > git for-each-ref --format=%(refname)%00%(upstream:short)%00%(objectname)%00%(upstream:track)%00%(upstream:remotename)%00%(upstream:remoteref) refs/heads/main [12ms]
2024-03-27 15:30:36.574 [info] > git for-each-ref --format=%(refname)%00%(upstream:short)%00%(objectname)%00%(upstream:track)%00%(upstream:remotename)%00%(upstream:remoteref) refs/heads/main [5ms]
2024-03-27 15:30:36.597 [info] > git config --local branch.main.vscode-merge-base [4ms]
2024-03-27 15:30:36.597 [warning] git config failed: Failed to execute git
2024-03-27 15:30:36.616 [info] > git reflog refs/heads/main --grep-reflog=branch: Created from *. [8ms]
2024-03-27 15:30:36.632 [info] > git symbolic-ref --short refs/remotes/origin/HEAD [5ms]
2024-03-27 15:30:36.632 [info] fatal: ref refs/remotes/origin/HEAD is not a symbolic ref
2024-03-27 15:30:36.632 [info] GitHistoryProvider:resolveHistoryItemGroupBase - Failed to resolve history item group base for 'refs/heads/main'
2024-03-27 15:30:36.632 [info] GitHistoryProvider:resolveHistoryItemGroupCommonAncestor - Failed to resolve history item group base for 'refs/heads/main'
2024-03-27 15:30:50.082 [info] > git for-each-ref --format=%(refname)%00%(upstream:short)%00%(objectname)%00%(upstream:track)%00%(upstream:remotename)%00%(upstream:remoteref) refs/heads/main refs/remotes/main [7ms]
2024-03-27 15:30:50.082 [info] > git config --get commit.template [51ms]
2024-03-27 15:30:50.175 [info] > git status -z -uall [61ms]
2024-03-27 15:30:55.265 [info] > git config --get commit.template [16ms]
2024-03-27 15:30:55.274 [info] > git for-each-ref --format=%(refname)%00%(upstream:short)%00%(objectname)%00%(upstream:track)%00%(upstream:remotename)%00%(upstream:remoteref) refs/heads/main refs/remotes/main [11ms]
2024-03-27 15:30:55.315 [info] > git status -z -uall [26ms]
2024-03-27 15:31:18.951 [info] > git config --local branch.main.github-pr-owner-number [3ms]
2024-03-27 15:31:18.952 [warning] git config failed: Failed to execute git
2024-03-27 15:31:31.619 [info] > git for-each-ref --format=%(refname)%00%(upstream:short)%00%(objectname)%00%(upstream:track)%00%(upstream:remotename)%00%(upstream:remoteref) refs/heads/main [27ms]
2024-03-27 15:31:31.636 [info] > git for-each-ref --format=%(refname)%00%(upstream:short)%00%(objectname)%00%(upstream:track)%00%(upstream:remotename)%00%(upstream:remoteref) refs/heads/main [7ms]
2024-03-27 15:31:31.645 [info] > git config --local branch.main.github-pr-owner-number [30ms]
2024-03-27 15:31:31.645 [warning] git config failed: Failed to execute git
2024-03-27 15:31:31.656 [info] > git config --local branch.main.vscode-merge-base [11ms]
2024-03-27 15:31:31.656 [warning] git config failed: Failed to execute git
2024-03-27 15:31:31.667 [info] > git config --local branch.main.remote [13ms]
2024-03-27 15:31:31.667 [warning] git config failed: Failed to execute git
2024-03-27 15:31:31.680 [info] > git reflog refs/heads/main --grep-reflog=branch: Created from *. [15ms]
2024-03-27 15:31:31.689 [info] > git config --local branch.main.merge [10ms]
2024-03-27 15:31:31.690 [warning] git config failed: Failed to execute git
2024-03-27 15:31:31.692 [info] > git symbolic-ref --short refs/remotes/origin/HEAD [4ms]
2024-03-27 15:31:31.692 [info] fatal: ref refs/remotes/origin/HEAD is not a symbolic ref
2024-03-27 15:31:31.692 [info] GitHistoryProvider:resolveHistoryItemGroupBase - Failed to resolve history item group base for 'refs/heads/main'
2024-03-27 15:31:31.692 [info] GitHistoryProvider:resolveHistoryItemGroupCommonAncestor - Failed to resolve history item group base for 'refs/heads/main'
2024-03-27 15:31:31.841 [info] > git for-each-ref --format=%(refname)%00%(upstream:short)%00%(objectname)%00%(upstream:track)%00%(upstream:remotename)%00%(upstream:remoteref) refs/heads/main [28ms]
2024-03-27 15:31:31.886 [info] > git for-each-ref --format=%(refname)%00%(upstream:short)%00%(objectname)%00%(upstream:track)%00%(upstream:remotename)%00%(upstream:remoteref) refs/heads/main [35ms]
2024-03-27 15:31:31.999 [info] > git config --local branch.main.vscode-merge-base [103ms]
2024-03-27 15:31:32.000 [warning] git config failed: Failed to execute git
2024-03-27 15:31:32.044 [info] > git reflog refs/heads/main --grep-reflog=branch: Created from *. [16ms]
2024-03-27 15:31:32.089 [info] > git symbolic-ref --short refs/remotes/origin/HEAD [22ms]
2024-03-27 15:31:32.090 [info] fatal: ref refs/remotes/origin/HEAD is not a symbolic ref
2024-03-27 15:31:32.090 [info] GitHistoryProvider:resolveHistoryItemGroupBase - Failed to resolve history item group base for 'refs/heads/main'
2024-03-27 15:31:32.090 [info] GitHistoryProvider:resolveHistoryItemGroupCommonAncestor - Failed to resolve history item group base for 'refs/heads/main'
2024-03-27 15:31:46.866 [info] > git config --get commit.template [10ms]
2024-03-27 15:31:46.870 [info] > git for-each-ref --format=%(refname)%00%(upstream:short)%00%(objectname)%00%(upstream:track)%00%(upstream:remotename)%00%(upstream:remoteref) refs/heads/main refs/remotes/main [5ms]
2024-03-27 15:31:46.897 [info] > git status -z -uall [17ms]
2024-03-27 15:31:46.965 [info] > git for-each-ref --format=%(refname)%00%(upstream:short)%00%(objectname)%00%(upstream:track)%00%(upstream:remotename)%00%(upstream:remoteref) refs/heads/main [4ms]
2024-03-27 15:31:47.249 [info] > git config --local branch.main.github-pr-owner-number [237ms]
2024-03-27 15:31:47.249 [warning] git config failed: Failed to execute git
2024-03-27 15:31:47.276 [info] > git merge-base refs/heads/main refs/remotes/origin/main [298ms]
2024-03-27 15:31:47.362 [info] > git rev-list --count --left-right refs/heads/main...refs/remotes/origin/main [61ms]
2024-03-27 15:31:51.967 [info] > git config --get commit.template [11ms]
2024-03-27 15:31:51.970 [info] > git for-each-ref --format=%(refname)%00%(upstream:short)%00%(objectname)%00%(upstream:track)%00%(upstream:remotename)%00%(upstream:remoteref) refs/heads/main refs/remotes/main [3ms]
2024-03-27 15:31:52.007 [info] > git status -z -uall [18ms]
2024-03-27 15:31:57.061 [info] > git config --get commit.template [12ms]
2024-03-27 15:31:57.063 [info] > git for-each-ref --format=%(refname)%00%(upstream:short)%00%(objectname)%00%(upstream:track)%00%(upstream:remotename)%00%(upstream:remoteref) refs/heads/main refs/remotes/main [4ms]
2024-03-27 15:31:57.093 [info] > git status -z -uall [8ms]
2024-03-27 15:32:02.139 [info] > git config --get commit.template [13ms]
2024-03-27 15:32:02.140 [info] > git for-each-ref --format=%(refname)%00%(upstream:short)%00%(objectname)%00%(upstream:track)%00%(upstream:remotename)%00%(upstream:remoteref) refs/heads/main refs/remotes/main [2ms]
2024-03-27 15:32:02.167 [info] > git status -z -uall [18ms]
2024-03-27 15:32:07.235 [info] > git config --get commit.template [21ms]
2024-03-27 15:32:07.256 [info] > git for-each-ref --format=%(refname)%00%(upstream:short)%00%(objectname)%00%(upstream:track)%00%(upstream:remotename)%00%(upstream:remoteref) refs/heads/main refs/remotes/main [23ms]
2024-03-27 15:32:07.347 [info] > git status -z -uall [41ms]
2024-03-27 15:32:12.443 [info] > git config --get commit.template [23ms]
2024-03-27 15:32:12.445 [info] > git for-each-ref --format=%(refname)%00%(upstream:short)%00%(objectname)%00%(upstream:track)%00%(upstream:remotename)%00%(upstream:remoteref) refs/heads/main refs/remotes/main [4ms]
2024-03-27 15:32:12.558 [info] > git status -z -uall [49ms]
2024-03-27 15:32:17.644 [info] > git config --get commit.template [15ms]
2024-03-27 15:32:17.647 [info] > git for-each-ref --format=%(refname)%00%(upstream:short)%00%(objectname)%00%(upstream:track)%00%(upstream:remotename)%00%(upstream:remoteref) refs/heads/main refs/remotes/main [3ms]
2024-03-27 15:32:17.693 [info] > git status -z -uall [19ms]
2024-03-27 15:32:22.747 [info] > git config --get commit.template [16ms]
2024-03-27 15:32:22.749 [info] > git for-each-ref --format=%(refname)%00%(upstream:short)%00%(objectname)%00%(upstream:track)%00%(upstream:remotename)%00%(upstream:remoteref) refs/heads/main refs/remotes/main [2ms]
2024-03-27 15:32:22.792 [info] > git status -z -uall [21ms]
2024-03-27 15:32:27.838 [info] > git config --get commit.template [3ms]
2024-03-27 15:32:27.863 [info] > git for-each-ref --format=%(refname)%00%(upstream:short)%00%(objectname)%00%(upstream:track)%00%(upstream:remotename)%00%(upstream:remoteref) refs/heads/main refs/remotes/main [11ms]
2024-03-27 15:32:27.898 [info] > git status -z -uall [17ms]
2024-03-27 15:32:32.956 [info] > git config --get commit.template [12ms]
2024-03-27 15:32:32.961 [info] > git for-each-ref --format=%(refname)%00%(upstream:short)%00%(objectname)%00%(upstream:track)%00%(upstream:remotename)%00%(upstream:remoteref) refs/heads/main refs/remotes/main [6ms]
2024-03-27 15:32:32.995 [info] > git status -z -uall [22ms]
2024-03-27 15:32:38.109 [info] > git config --get commit.template [51ms]
2024-03-27 15:32:38.120 [info] > git for-each-ref --format=%(refname)%00%(upstream:short)%00%(objectname)%00%(upstream:track)%00%(upstream:remotename)%00%(upstream:remoteref) refs/heads/main refs/remotes/main [2ms]
2024-03-27 15:32:38.167 [info] > git status -z -uall [32ms]
2024-03-27 15:32:43.256 [info] > git config --get commit.template [15ms]
2024-03-27 15:32:43.258 [info] > git for-each-ref --format=%(refname)%00%(upstream:short)%00%(objectname)%00%(upstream:track)%00%(upstream:remotename)%00%(upstream:remoteref) refs/heads/main refs/remotes/main [3ms]
2024-03-27 15:32:43.312 [info] > git status -z -uall [16ms]
2024-03-27 15:32:48.354 [info] > git config --get commit.template [3ms]
2024-03-27 15:32:48.373 [info] > git for-each-ref --format=%(refname)%00%(upstream:short)%00%(objectname)%00%(upstream:track)%00%(upstream:remotename)%00%(upstream:remoteref) refs/heads/main refs/remotes/main [10ms]
2024-03-27 15:32:48.403 [info] > git status -z -uall [15ms]
2024-03-27 15:32:53.457 [info] > git config --get commit.template [17ms]
2024-03-27 15:32:53.457 [info] > git for-each-ref --format=%(refname)%00%(upstream:short)%00%(objectname)%00%(upstream:track)%00%(upstream:remotename)%00%(upstream:remoteref) refs/heads/main refs/remotes/main [1ms]
2024-03-27 15:32:53.493 [info] > git status -z -uall [22ms]
2024-03-27 15:32:58.546 [info] > git config --get commit.template [14ms]
2024-03-27 15:32:58.562 [info] > git for-each-ref --format=%(refname)%00%(upstream:short)%00%(objectname)%00%(upstream:track)%00%(upstream:remotename)%00%(upstream:remoteref) refs/heads/main refs/remotes/main [4ms]
2024-03-27 15:32:58.593 [info] > git status -z -uall [17ms]
2024-03-27 15:33:03.628 [info] > git config --get commit.template [4ms]
2024-03-27 15:33:03.645 [info] > git for-each-ref --format=%(refname)%00%(upstream:short)%00%(objectname)%00%(upstream:track)%00%(upstream:remotename)%00%(upstream:remoteref) refs/heads/main refs/remotes/main [6ms]
2024-03-27 15:33:03.672 [info] > git status -z -uall [15ms]
2024-03-27 15:33:08.721 [info] > git config --get commit.template [13ms]
2024-03-27 15:33:08.724 [info] > git for-each-ref --format=%(refname)%00%(upstream:short)%00%(objectname)%00%(upstream:track)%00%(upstream:remotename)%00%(upstream:remoteref) refs/heads/main refs/remotes/main [5ms]
2024-03-27 15:33:08.751 [info] > git status -z -uall [15ms]
2024-03-27 15:33:13.794 [info] > git config --get commit.template [5ms]
2024-03-27 15:33:13.814 [info] > git for-each-ref --format=%(refname)%00%(upstream:short)%00%(objectname)%00%(upstream:track)%00%(upstream:remotename)%00%(upstream:remoteref) refs/heads/main refs/remotes/main [3ms]
2024-03-27 15:33:13.847 [info] > git status -z -uall [18ms]
