2024-03-27 14:51:25.211 [info] Log level: Info
2024-03-27 14:51:25.211 [info] Validating found git in: "git"
2024-03-27 14:51:25.211 [info] Using git "2.43.0" from "git"
2024-03-27 14:51:25.211 [info] > git rev-parse --show-toplevel [28ms]
2024-03-27 14:51:25.227 [info] > git rev-parse --git-dir --git-common-dir [18ms]
2024-03-27 14:51:25.247 [info] Open repository: /root/docker
2024-03-27 14:51:25.477 [info] > git rev-parse --show-toplevel [204ms]
2024-03-27 14:51:25.478 [info] > git config --get commit.template [219ms]
2024-03-27 14:51:25.609 [info] > git rev-parse --show-toplevel [16ms]
2024-03-27 14:51:25.624 [info] > git for-each-ref --format=%(refname)%00%(upstream:short)%00%(objectname)%00%(upstream:track)%00%(upstream:remotename)%00%(upstream:remoteref) refs/heads/main refs/remotes/main [17ms]
2024-03-27 14:51:25.658 [info] > git rev-parse --show-toplevel [35ms]
2024-03-27 14:51:25.749 [info] > git status -z -uall [94ms]
2024-03-27 14:51:25.832 [info] > git rev-parse --show-toplevel [158ms]
2024-03-27 14:51:26.339 [info] > git rev-parse --show-toplevel [460ms]
2024-03-27 14:51:26.340 [info] > git config --get commit.template [482ms]
2024-03-27 14:51:26.416 [info] > git check-ignore -v -z --stdin [66ms]
2024-03-27 14:51:26.426 [info] > git for-each-ref --format=%(refname)%00%(upstream:short)%00%(objectname)%00%(upstream:track)%00%(upstream:remotename)%00%(upstream:remoteref) refs/heads/main refs/remotes/main [11ms]
2024-03-27 14:51:26.437 [info] > git rev-parse --show-toplevel [50ms]
2024-03-27 14:51:26.477 [info] > git status -z -uall [39ms]
2024-03-27 14:51:26.541 [info] > git rev-parse --show-toplevel [87ms]
2024-03-27 14:51:26.888 [info] > git rev-parse --show-toplevel [316ms]
2024-03-27 14:51:27.187 [info] > git rev-parse --show-toplevel [217ms]
2024-03-27 14:51:27.227 [info] > git rev-parse --show-toplevel [18ms]
2024-03-27 14:51:27.252 [info] > git rev-parse --show-toplevel [12ms]
2024-03-27 14:51:27.277 [info] > git rev-parse --show-toplevel [8ms]
2024-03-27 14:51:27.307 [info] > git rev-parse --show-toplevel [14ms]
2024-03-27 14:51:27.329 [info] > git rev-parse --show-toplevel [10ms]
2024-03-27 14:51:27.360 [info] > git rev-parse --show-toplevel [11ms]
2024-03-27 14:51:27.377 [info] > git rev-parse --show-toplevel [5ms]
2024-03-27 14:51:27.393 [info] > git rev-parse --show-toplevel [4ms]
2024-03-27 14:51:27.430 [info] > git rev-parse --show-toplevel [6ms]
2024-03-27 14:51:30.351 [info] > git config --get commit.template [14ms]
2024-03-27 14:51:30.357 [info] > git for-each-ref --format=%(refname)%00%(upstream:short)%00%(objectname)%00%(upstream:track)%00%(upstream:remotename)%00%(upstream:remoteref) refs/heads/main refs/remotes/main [7ms]
2024-03-27 14:51:30.387 [info] > git status -z -uall [19ms]
2024-03-27 14:51:34.570 [info] > git for-each-ref --format=%(refname)%00%(upstream:short)%00%(objectname)%00%(upstream:track)%00%(upstream:remotename)%00%(upstream:remoteref) refs/heads/main [3ms]
2024-03-27 14:51:34.587 [info] > git for-each-ref --format=%(refname)%00%(upstream:short)%00%(objectname)%00%(upstream:track)%00%(upstream:remotename)%00%(upstream:remoteref) refs/heads/main [4ms]
2024-03-27 14:51:34.611 [info] > git config --local branch.main.vscode-merge-base [9ms]
2024-03-27 14:51:34.611 [warning] git config failed: Failed to execute git
2024-03-27 14:51:34.632 [info] > git reflog refs/heads/main --grep-reflog=branch: Created from *. [5ms]
2024-03-27 14:51:34.645 [info] > git symbolic-ref --short refs/remotes/origin/HEAD [2ms]
2024-03-27 14:51:34.645 [info] fatal: ref refs/remotes/origin/HEAD is not a symbolic ref
2024-03-27 14:51:34.645 [info] GitHistoryProvider:resolveHistoryItemGroupBase - Failed to resolve history item group base for 'refs/heads/main'
2024-03-27 14:51:34.645 [info] GitHistoryProvider:resolveHistoryItemGroupCommonAncestor - Failed to resolve history item group base for 'refs/heads/main'
2024-03-27 14:51:34.908 [info] > git for-each-ref --format=%(refname)%00%(upstream:short)%00%(objectname)%00%(upstream:track)%00%(upstream:remotename)%00%(upstream:remoteref) refs/heads/main [4ms]
2024-03-27 14:51:34.924 [info] > git for-each-ref --format=%(refname)%00%(upstream:short)%00%(objectname)%00%(upstream:track)%00%(upstream:remotename)%00%(upstream:remoteref) refs/heads/main [1ms]
2024-03-27 14:51:34.942 [info] > git config --local branch.main.vscode-merge-base [3ms]
2024-03-27 14:51:34.942 [warning] git config failed: Failed to execute git
2024-03-27 14:51:34.958 [info] > git reflog refs/heads/main --grep-reflog=branch: Created from *. [7ms]
2024-03-27 14:51:34.977 [info] > git symbolic-ref --short refs/remotes/origin/HEAD [4ms]
2024-03-27 14:51:34.977 [info] fatal: ref refs/remotes/origin/HEAD is not a symbolic ref
2024-03-27 14:51:34.977 [info] GitHistoryProvider:resolveHistoryItemGroupBase - Failed to resolve history item group base for 'refs/heads/main'
2024-03-27 14:51:34.977 [info] GitHistoryProvider:resolveHistoryItemGroupCommonAncestor - Failed to resolve history item group base for 'refs/heads/main'
2024-03-27 14:51:35.434 [info] > git config --get commit.template [2ms]
2024-03-27 14:51:35.449 [info] > git for-each-ref --format=%(refname)%00%(upstream:short)%00%(objectname)%00%(upstream:track)%00%(upstream:remotename)%00%(upstream:remoteref) refs/heads/main refs/remotes/main [3ms]
2024-03-27 14:51:35.476 [info] > git status -z -uall [14ms]
2024-03-27 14:51:35.520 [info] > git check-ignore -v -z --stdin [8ms]
2024-03-27 14:51:43.963 [info] > git config --get commit.template [4ms]
2024-03-27 14:51:44.030 [info] > git for-each-ref --format=%(refname)%00%(upstream:short)%00%(objectname)%00%(upstream:track)%00%(upstream:remotename)%00%(upstream:remoteref) refs/heads/main refs/remotes/main [15ms]
2024-03-27 14:51:44.082 [info] > git status -z -uall [33ms]
2024-03-27 14:51:49.169 [info] > git config --get commit.template [23ms]
2024-03-27 14:51:49.179 [info] > git for-each-ref --format=%(refname)%00%(upstream:short)%00%(objectname)%00%(upstream:track)%00%(upstream:remotename)%00%(upstream:remoteref) refs/heads/main refs/remotes/main [12ms]
2024-03-27 14:51:49.220 [info] > git status -z -uall [31ms]
2024-03-27 14:51:49.820 [info] > git for-each-ref --format=%(refname)%00%(upstream:short)%00%(objectname)%00%(upstream:track)%00%(upstream:remotename)%00%(upstream:remoteref) refs/heads/main [43ms]
2024-03-27 14:51:49.932 [info] > git for-each-ref --format=%(refname)%00%(upstream:short)%00%(objectname)%00%(upstream:track)%00%(upstream:remotename)%00%(upstream:remoteref) refs/heads/main [83ms]
2024-03-27 14:51:49.950 [info] > git config --local branch.main.vscode-merge-base [2ms]
2024-03-27 14:51:49.950 [warning] git config failed: Failed to execute git
2024-03-27 14:51:50.012 [info] > git reflog refs/heads/main --grep-reflog=branch: Created from *. [25ms]
2024-03-27 14:51:50.066 [info] > git symbolic-ref --short refs/remotes/origin/HEAD [23ms]
2024-03-27 14:51:50.067 [info] fatal: ref refs/remotes/origin/HEAD is not a symbolic ref
2024-03-27 14:51:50.067 [info] GitHistoryProvider:resolveHistoryItemGroupBase - Failed to resolve history item group base for 'refs/heads/main'
2024-03-27 14:51:50.067 [info] GitHistoryProvider:resolveHistoryItemGroupCommonAncestor - Failed to resolve history item group base for 'refs/heads/main'
2024-03-27 14:51:55.063 [info] > git config --get commit.template [14ms]
2024-03-27 14:51:55.065 [info] > git for-each-ref --format=%(refname)%00%(upstream:short)%00%(objectname)%00%(upstream:track)%00%(upstream:remotename)%00%(upstream:remoteref) refs/heads/main refs/remotes/main [2ms]
2024-03-27 14:51:55.090 [info] > git status -z -uall [14ms]
2024-03-27 14:52:00.148 [info] > git config --get commit.template [13ms]
2024-03-27 14:52:00.152 [info] > git for-each-ref --format=%(refname)%00%(upstream:short)%00%(objectname)%00%(upstream:track)%00%(upstream:remotename)%00%(upstream:remoteref) refs/heads/main refs/remotes/main [6ms]
2024-03-27 14:52:00.174 [info] > git status -z -uall [13ms]
2024-03-27 14:52:05.208 [info] > git config --get commit.template [2ms]
2024-03-27 14:52:05.221 [info] > git for-each-ref --format=%(refname)%00%(upstream:short)%00%(objectname)%00%(upstream:track)%00%(upstream:remotename)%00%(upstream:remoteref) refs/heads/main refs/remotes/main [3ms]
2024-03-27 14:52:05.245 [info] > git status -z -uall [13ms]
2024-03-27 14:52:10.302 [info] > git config --get commit.template [20ms]
2024-03-27 14:52:10.309 [info] > git for-each-ref --format=%(refname)%00%(upstream:short)%00%(objectname)%00%(upstream:track)%00%(upstream:remotename)%00%(upstream:remoteref) refs/heads/main refs/remotes/main [12ms]
2024-03-27 14:52:10.338 [info] > git status -z -uall [13ms]
2024-03-27 14:52:15.408 [info] > git config --get commit.template [18ms]
2024-03-27 14:52:15.411 [info] > git for-each-ref --format=%(refname)%00%(upstream:short)%00%(objectname)%00%(upstream:track)%00%(upstream:remotename)%00%(upstream:remoteref) refs/heads/main refs/remotes/main [8ms]
2024-03-27 14:52:15.442 [info] > git status -z -uall [15ms]
2024-03-27 14:52:20.486 [info] > git config --get commit.template [2ms]
2024-03-27 14:52:20.501 [info] > git for-each-ref --format=%(refname)%00%(upstream:short)%00%(objectname)%00%(upstream:track)%00%(upstream:remotename)%00%(upstream:remoteref) refs/heads/main refs/remotes/main [4ms]
2024-03-27 14:52:20.532 [info] > git status -z -uall [21ms]
2024-03-27 14:52:25.585 [info] > git config --get commit.template [13ms]
2024-03-27 14:52:25.589 [info] > git for-each-ref --format=%(refname)%00%(upstream:short)%00%(objectname)%00%(upstream:track)%00%(upstream:remotename)%00%(upstream:remoteref) refs/heads/main refs/remotes/main [8ms]
2024-03-27 14:52:25.617 [info] > git status -z -uall [16ms]
2024-03-27 14:52:30.670 [info] > git config --get commit.template [5ms]
2024-03-27 14:52:30.684 [info] > git for-each-ref --format=%(refname)%00%(upstream:short)%00%(objectname)%00%(upstream:track)%00%(upstream:remotename)%00%(upstream:remoteref) refs/heads/main refs/remotes/main [3ms]
2024-03-27 14:52:30.706 [info] > git status -z -uall [12ms]
2024-03-27 14:52:35.755 [info] > git config --get commit.template [18ms]
2024-03-27 14:52:35.757 [info] > git for-each-ref --format=%(refname)%00%(upstream:short)%00%(objectname)%00%(upstream:track)%00%(upstream:remotename)%00%(upstream:remoteref) refs/heads/main refs/remotes/main [5ms]
2024-03-27 14:52:35.792 [info] > git status -z -uall [22ms]
2024-03-27 14:52:40.840 [info] > git config --get commit.template [14ms]
2024-03-27 14:52:40.865 [info] > git for-each-ref --format=%(refname)%00%(upstream:short)%00%(objectname)%00%(upstream:track)%00%(upstream:remotename)%00%(upstream:remoteref) refs/heads/main refs/remotes/main [6ms]
2024-03-27 14:52:40.890 [info] > git status -z -uall [13ms]
2024-03-27 14:52:45.932 [info] > git config --get commit.template [14ms]
2024-03-27 14:52:45.933 [info] > git for-each-ref --format=%(refname)%00%(upstream:short)%00%(objectname)%00%(upstream:track)%00%(upstream:remotename)%00%(upstream:remoteref) refs/heads/main refs/remotes/main [2ms]
2024-03-27 14:52:45.962 [info] > git status -z -uall [18ms]
2024-03-27 14:52:51.006 [info] > git config --get commit.template [13ms]
2024-03-27 14:52:51.008 [info] > git for-each-ref --format=%(refname)%00%(upstream:short)%00%(objectname)%00%(upstream:track)%00%(upstream:remotename)%00%(upstream:remoteref) refs/heads/main refs/remotes/main [4ms]
2024-03-27 14:52:51.038 [info] > git status -z -uall [15ms]
2024-03-27 14:52:56.082 [info] > git config --get commit.template [2ms]
2024-03-27 14:52:56.107 [info] > git for-each-ref --format=%(refname)%00%(upstream:short)%00%(objectname)%00%(upstream:track)%00%(upstream:remotename)%00%(upstream:remoteref) refs/heads/main refs/remotes/main [5ms]
2024-03-27 14:52:56.139 [info] > git status -z -uall [21ms]
2024-03-27 14:53:01.190 [info] > git config --get commit.template [1ms]
2024-03-27 14:53:01.205 [info] > git for-each-ref --format=%(refname)%00%(upstream:short)%00%(objectname)%00%(upstream:track)%00%(upstream:remotename)%00%(upstream:remoteref) refs/heads/main refs/remotes/main [2ms]
2024-03-27 14:53:01.231 [info] > git status -z -uall [14ms]
2024-03-27 14:53:06.286 [info] > git config --get commit.template [17ms]
2024-03-27 14:53:06.287 [info] > git for-each-ref --format=%(refname)%00%(upstream:short)%00%(objectname)%00%(upstream:track)%00%(upstream:remotename)%00%(upstream:remoteref) refs/heads/main refs/remotes/main [3ms]
2024-03-27 14:53:06.319 [info] > git status -z -uall [16ms]
2024-03-27 14:53:11.366 [info] > git config --get commit.template [16ms]
2024-03-27 14:53:11.371 [info] > git for-each-ref --format=%(refname)%00%(upstream:short)%00%(objectname)%00%(upstream:track)%00%(upstream:remotename)%00%(upstream:remoteref) refs/heads/main refs/remotes/main [7ms]
2024-03-27 14:53:11.400 [info] > git status -z -uall [18ms]
2024-03-27 14:53:16.438 [info] > git config --get commit.template [3ms]
2024-03-27 14:53:16.453 [info] > git for-each-ref --format=%(refname)%00%(upstream:short)%00%(objectname)%00%(upstream:track)%00%(upstream:remotename)%00%(upstream:remoteref) refs/heads/main refs/remotes/main [1ms]
2024-03-27 14:53:16.482 [info] > git status -z -uall [16ms]
2024-03-27 14:53:21.541 [info] > git config --get commit.template [26ms]
2024-03-27 14:53:21.550 [info] > git for-each-ref --format=%(refname)%00%(upstream:short)%00%(objectname)%00%(upstream:track)%00%(upstream:remotename)%00%(upstream:remoteref) refs/heads/main refs/remotes/main [18ms]
2024-03-27 14:53:21.574 [info] > git status -z -uall [15ms]
2024-03-27 14:53:26.627 [info] > git for-each-ref --format=%(refname)%00%(upstream:short)%00%(objectname)%00%(upstream:track)%00%(upstream:remotename)%00%(upstream:remoteref) refs/heads/main refs/remotes/main [6ms]
2024-03-27 14:53:26.627 [info] > git config --get commit.template [17ms]
2024-03-27 14:53:26.663 [info] > git status -z -uall [19ms]
2024-03-27 14:53:31.721 [info] > git config --get commit.template [18ms]
2024-03-27 14:53:31.726 [info] > git for-each-ref --format=%(refname)%00%(upstream:short)%00%(objectname)%00%(upstream:track)%00%(upstream:remotename)%00%(upstream:remoteref) refs/heads/main refs/remotes/main [7ms]
2024-03-27 14:53:31.769 [info] > git status -z -uall [26ms]
2024-03-27 14:53:36.839 [info] > git config --get commit.template [4ms]
2024-03-27 14:53:36.860 [info] > git for-each-ref --format=%(refname)%00%(upstream:short)%00%(objectname)%00%(upstream:track)%00%(upstream:remotename)%00%(upstream:remoteref) refs/heads/main refs/remotes/main [7ms]
2024-03-27 14:53:36.889 [info] > git status -z -uall [15ms]
2024-03-27 14:53:41.956 [info] > git for-each-ref --format=%(refname)%00%(upstream:short)%00%(objectname)%00%(upstream:track)%00%(upstream:remotename)%00%(upstream:remoteref) refs/heads/main refs/remotes/main [5ms]
2024-03-27 14:53:41.958 [info] > git config --get commit.template [19ms]
2024-03-27 14:53:42.005 [info] > git status -z -uall [24ms]
2024-03-27 14:53:47.107 [info] > git config --get commit.template [37ms]
2024-03-27 14:53:47.139 [info] > git for-each-ref --format=%(refname)%00%(upstream:short)%00%(objectname)%00%(upstream:track)%00%(upstream:remotename)%00%(upstream:remoteref) refs/heads/main refs/remotes/main [33ms]
2024-03-27 14:53:47.190 [info] > git status -z -uall [26ms]
2024-03-27 14:53:48.155 [info] > git config --local branch.main.github-pr-owner-number [26ms]
2024-03-27 14:53:48.155 [warning] git config failed: Failed to execute git
2024-03-27 14:53:48.183 [info] > git config --local branch.main.remote [13ms]
2024-03-27 14:53:48.183 [warning] git config failed: Failed to execute git
2024-03-27 14:53:48.204 [info] > git config --local branch.main.merge [5ms]
2024-03-27 14:53:48.204 [warning] git config failed: Failed to execute git
2024-03-27 14:53:52.246 [info] > git config --get commit.template [16ms]
2024-03-27 14:53:52.247 [info] > git for-each-ref --format=%(refname)%00%(upstream:short)%00%(objectname)%00%(upstream:track)%00%(upstream:remotename)%00%(upstream:remoteref) refs/heads/main refs/remotes/main [4ms]
2024-03-27 14:53:52.276 [info] > git status -z -uall [19ms]
2024-03-27 14:53:55.402 [info] > git for-each-ref --format=%(refname)%00%(upstream:short)%00%(objectname)%00%(upstream:track)%00%(upstream:remotename)%00%(upstream:remoteref) refs/heads/main [5ms]
2024-03-27 14:53:55.418 [info] > git for-each-ref --format=%(refname)%00%(upstream:short)%00%(objectname)%00%(upstream:track)%00%(upstream:remotename)%00%(upstream:remoteref) refs/heads/main [1ms]
2024-03-27 14:53:55.443 [info] > git config --local branch.main.vscode-merge-base [5ms]
2024-03-27 14:53:55.443 [warning] git config failed: Failed to execute git
2024-03-27 14:53:55.466 [info] > git reflog refs/heads/main --grep-reflog=branch: Created from *. [10ms]
2024-03-27 14:53:55.485 [info] > git symbolic-ref --short refs/remotes/origin/HEAD [5ms]
2024-03-27 14:53:55.485 [info] fatal: ref refs/remotes/origin/HEAD is not a symbolic ref
2024-03-27 14:53:55.485 [info] GitHistoryProvider:resolveHistoryItemGroupBase - Failed to resolve history item group base for 'refs/heads/main'
2024-03-27 14:53:55.485 [info] GitHistoryProvider:resolveHistoryItemGroupCommonAncestor - Failed to resolve history item group base for 'refs/heads/main'
2024-03-27 14:53:55.816 [info] > git for-each-ref --format=%(refname)%00%(upstream:short)%00%(objectname)%00%(upstream:track)%00%(upstream:remotename)%00%(upstream:remoteref) refs/heads/main [2ms]
2024-03-27 14:53:55.845 [info] > git for-each-ref --format=%(refname)%00%(upstream:short)%00%(objectname)%00%(upstream:track)%00%(upstream:remotename)%00%(upstream:remoteref) refs/heads/main [4ms]
2024-03-27 14:53:55.879 [info] > git config --local branch.main.vscode-merge-base [3ms]
2024-03-27 14:53:55.879 [warning] git config failed: Failed to execute git
2024-03-27 14:53:55.923 [info] > git reflog refs/heads/main --grep-reflog=branch: Created from *. [4ms]
2024-03-27 14:53:55.940 [info] > git symbolic-ref --short refs/remotes/origin/HEAD [6ms]
2024-03-27 14:53:55.940 [info] fatal: ref refs/remotes/origin/HEAD is not a symbolic ref
2024-03-27 14:53:55.940 [info] GitHistoryProvider:resolveHistoryItemGroupBase - Failed to resolve history item group base for 'refs/heads/main'
2024-03-27 14:53:55.940 [info] GitHistoryProvider:resolveHistoryItemGroupCommonAncestor - Failed to resolve history item group base for 'refs/heads/main'
2024-03-27 14:53:57.348 [info] > git config --get commit.template [17ms]
2024-03-27 14:53:57.350 [info] > git for-each-ref --format=%(refname)%00%(upstream:short)%00%(objectname)%00%(upstream:track)%00%(upstream:remotename)%00%(upstream:remoteref) refs/heads/main refs/remotes/main [4ms]
2024-03-27 14:53:57.389 [info] > git status -z -uall [17ms]
2024-03-27 14:53:57.440 [info] > git for-each-ref --format=%(refname)%00%(upstream:short)%00%(objectname)%00%(upstream:track)%00%(upstream:remotename)%00%(upstream:remoteref) refs/heads/main [10ms]
2024-03-27 14:53:57.461 [info] > git for-each-ref --format=%(refname)%00%(upstream:short)%00%(objectname)%00%(upstream:track)%00%(upstream:remotename)%00%(upstream:remoteref) refs/heads/main [1ms]
2024-03-27 14:53:57.492 [info] > git config --local branch.main.vscode-merge-base [5ms]
2024-03-27 14:53:57.493 [warning] git config failed: Failed to execute git
2024-03-27 14:53:57.745 [info] > git reflog refs/heads/main --grep-reflog=branch: Created from *. [241ms]
2024-03-27 14:53:57.777 [info] > git symbolic-ref --short refs/remotes/origin/HEAD [15ms]
2024-03-27 14:53:57.779 [info] fatal: ref refs/remotes/origin/HEAD is not a symbolic ref
2024-03-27 14:53:57.780 [info] GitHistoryProvider:resolveHistoryItemGroupBase - Failed to resolve history item group base for 'refs/heads/main'
2024-03-27 14:53:57.780 [info] GitHistoryProvider:resolveHistoryItemGroupCommonAncestor - Failed to resolve history item group base for 'refs/heads/main'
2024-03-27 14:53:58.011 [info] > git for-each-ref --format=%(refname)%00%(upstream:short)%00%(objectname)%00%(upstream:track)%00%(upstream:remotename)%00%(upstream:remoteref) refs/heads/main [15ms]
2024-03-27 14:53:58.049 [info] > git for-each-ref --format=%(refname)%00%(upstream:short)%00%(objectname)%00%(upstream:track)%00%(upstream:remotename)%00%(upstream:remoteref) refs/heads/main [6ms]
2024-03-27 14:53:58.070 [info] > git config --local branch.main.vscode-merge-base [5ms]
2024-03-27 14:53:58.070 [warning] git config failed: Failed to execute git
2024-03-27 14:53:58.092 [info] > git reflog refs/heads/main --grep-reflog=branch: Created from *. [7ms]
2024-03-27 14:53:58.109 [info] > git symbolic-ref --short refs/remotes/origin/HEAD [4ms]
2024-03-27 14:53:58.110 [info] fatal: ref refs/remotes/origin/HEAD is not a symbolic ref
2024-03-27 14:53:58.110 [info] GitHistoryProvider:resolveHistoryItemGroupBase - Failed to resolve history item group base for 'refs/heads/main'
2024-03-27 14:53:58.110 [info] GitHistoryProvider:resolveHistoryItemGroupCommonAncestor - Failed to resolve history item group base for 'refs/heads/main'
