2024-03-27 14:54:11.112 [info] Log level: Info
2024-03-27 14:54:11.112 [info] Validating found git in: "git"
2024-03-27 14:54:11.112 [info] Using git "2.43.0" from "git"
2024-03-27 14:54:11.112 [info] > git rev-parse --show-toplevel [21ms]
2024-03-27 14:54:11.113 [info] > git rev-parse --git-dir --git-common-dir [5ms]
2024-03-27 14:54:11.149 [info] Open repository: /root/docker
2024-03-27 14:54:11.220 [info] > git rev-parse --show-toplevel [26ms]
2024-03-27 14:54:11.236 [info] > git config --get commit.template [62ms]
2024-03-27 14:54:11.482 [info] > git rev-parse --show-toplevel [235ms]
2024-03-27 14:54:11.545 [info] > git rev-parse --show-toplevel [48ms]
2024-03-27 14:54:11.546 [info] > git for-each-ref --format=%(refname)%00%(upstream:short)%00%(objectname)%00%(upstream:track)%00%(upstream:remotename)%00%(upstream:remoteref) refs/heads/main refs/remotes/main [66ms]
2024-03-27 14:54:11.638 [info] > git status -z -uall [70ms]
2024-03-27 14:54:11.639 [info] > git rev-parse --show-toplevel [6ms]
2024-03-27 14:54:12.388 [info] > git config --get commit.template [613ms]
2024-03-27 14:54:12.388 [info] > git rev-parse --show-toplevel [632ms]
2024-03-27 14:54:12.779 [info] > git rev-parse --show-toplevel [357ms]
2024-03-27 14:54:12.800 [info] > git for-each-ref --format=%(refname)%00%(upstream:short)%00%(objectname)%00%(upstream:track)%00%(upstream:remotename)%00%(upstream:remoteref) refs/heads/main [66ms]
2024-03-27 14:54:12.842 [info] > git rev-parse --show-toplevel [42ms]
2024-03-27 14:54:12.842 [info] > git for-each-ref --format=%(refname)%00%(upstream:short)%00%(objectname)%00%(upstream:track)%00%(upstream:remotename)%00%(upstream:remoteref) refs/heads/main refs/remotes/main [65ms]
2024-03-27 14:54:12.905 [info] > git status -z -uall [37ms]
2024-03-27 14:54:12.906 [info] > git for-each-ref --format=%(refname)%00%(upstream:short)%00%(objectname)%00%(upstream:track)%00%(upstream:remotename)%00%(upstream:remoteref) refs/heads/main [68ms]
2024-03-27 14:54:12.928 [info] > git rev-parse --show-toplevel [25ms]
2024-03-27 14:54:12.994 [info] > git check-ignore -v -z --stdin [16ms]
2024-03-27 14:54:12.995 [info] > git config --local branch.main.vscode-merge-base [70ms]
2024-03-27 14:54:12.996 [warning] git config failed: Failed to execute git
2024-03-27 14:54:13.026 [info] > git rev-parse --show-toplevel [34ms]
2024-03-27 14:54:13.929 [info] > git reflog refs/heads/main --grep-reflog=branch: Created from *. [913ms]
2024-03-27 14:54:14.051 [info] > git symbolic-ref --short refs/remotes/origin/HEAD [59ms]
2024-03-27 14:54:14.051 [info] fatal: ref refs/remotes/origin/HEAD is not a symbolic ref
2024-03-27 14:54:14.051 [info] GitHistoryProvider:resolveHistoryItemGroupBase - Failed to resolve history item group base for 'refs/heads/main'
2024-03-27 14:54:14.051 [info] GitHistoryProvider:resolveHistoryItemGroupCommonAncestor - Failed to resolve history item group base for 'refs/heads/main'
2024-03-27 14:54:14.054 [info] > git rev-parse --show-toplevel [127ms]
2024-03-27 14:54:14.110 [info] > git rev-parse --show-toplevel [35ms]
2024-03-27 14:54:14.186 [info] > git rev-parse --show-toplevel [33ms]
2024-03-27 14:54:14.234 [info] > git rev-parse --show-toplevel [9ms]
2024-03-27 14:54:14.296 [info] > git rev-parse --show-toplevel [15ms]
2024-03-27 14:54:14.326 [info] > git rev-parse --show-toplevel [13ms]
2024-03-27 14:54:14.349 [info] > git rev-parse --show-toplevel [12ms]
2024-03-27 14:54:14.374 [info] > git rev-parse --show-toplevel [9ms]
2024-03-27 14:54:14.401 [info] > git rev-parse --show-toplevel [12ms]
2024-03-27 14:54:14.936 [info] > git for-each-ref --format=%(refname)%00%(upstream:short)%00%(objectname)%00%(upstream:track)%00%(upstream:remotename)%00%(upstream:remoteref) refs/heads/main [2ms]
2024-03-27 14:54:14.971 [info] > git for-each-ref --format=%(refname)%00%(upstream:short)%00%(objectname)%00%(upstream:track)%00%(upstream:remotename)%00%(upstream:remoteref) refs/heads/main [20ms]
2024-03-27 14:54:14.989 [info] > git config --local branch.main.vscode-merge-base [3ms]
2024-03-27 14:54:14.989 [warning] git config failed: Failed to execute git
2024-03-27 14:54:15.006 [info] > git reflog refs/heads/main --grep-reflog=branch: Created from *. [6ms]
2024-03-27 14:54:15.023 [info] > git symbolic-ref --short refs/remotes/origin/HEAD [6ms]
2024-03-27 14:54:15.023 [info] fatal: ref refs/remotes/origin/HEAD is not a symbolic ref
2024-03-27 14:54:15.024 [info] GitHistoryProvider:resolveHistoryItemGroupBase - Failed to resolve history item group base for 'refs/heads/main'
2024-03-27 14:54:15.024 [info] GitHistoryProvider:resolveHistoryItemGroupCommonAncestor - Failed to resolve history item group base for 'refs/heads/main'
2024-03-27 14:54:15.688 [info] > git check-ignore -v -z --stdin [16ms]
2024-03-27 14:54:15.960 [info] > git config --local branch.main.github-pr-owner-number [16ms]
2024-03-27 14:54:15.960 [warning] git config failed: Failed to execute git
2024-03-27 14:54:15.999 [info] > git config --local branch.main.remote [12ms]
2024-03-27 14:54:15.999 [warning] git config failed: Failed to execute git
2024-03-27 14:54:16.030 [info] > git config --local branch.main.merge [2ms]
2024-03-27 14:54:16.031 [warning] git config failed: Failed to execute git
2024-03-27 14:54:19.080 [info] > git for-each-ref --format=%(refname)%00%(upstream:short)%00%(objectname)%00%(upstream:track)%00%(upstream:remotename)%00%(upstream:remoteref) refs/heads/main refs/remotes/main [6ms]
2024-03-27 14:54:19.081 [info] > git config --get commit.template [29ms]
2024-03-27 14:54:19.120 [info] > git status -z -uall [25ms]
2024-03-27 14:54:19.190 [info] > git for-each-ref --format=%(refname)%00%(upstream:short)%00%(objectname)%00%(upstream:track)%00%(upstream:remotename)%00%(upstream:remoteref) refs/heads/main [20ms]
2024-03-27 14:54:19.211 [info] > git for-each-ref --format=%(refname)%00%(upstream:short)%00%(objectname)%00%(upstream:track)%00%(upstream:remotename)%00%(upstream:remoteref) refs/heads/main [10ms]
2024-03-27 14:54:19.424 [info] > git config --local branch.main.vscode-merge-base [197ms]
2024-03-27 14:54:19.424 [warning] git config failed: Failed to execute git
2024-03-27 14:54:19.441 [info] > git reflog refs/heads/main --grep-reflog=branch: Created from *. [3ms]
2024-03-27 14:54:19.454 [info] > git symbolic-ref --short refs/remotes/origin/HEAD [4ms]
2024-03-27 14:54:19.454 [info] fatal: ref refs/remotes/origin/HEAD is not a symbolic ref
2024-03-27 14:54:19.454 [info] GitHistoryProvider:resolveHistoryItemGroupBase - Failed to resolve history item group base for 'refs/heads/main'
2024-03-27 14:54:19.454 [info] GitHistoryProvider:resolveHistoryItemGroupCommonAncestor - Failed to resolve history item group base for 'refs/heads/main'
2024-03-27 14:54:19.592 [info] > git for-each-ref --format=%(refname)%00%(upstream:short)%00%(objectname)%00%(upstream:track)%00%(upstream:remotename)%00%(upstream:remoteref) refs/heads/main [10ms]
2024-03-27 14:54:19.612 [info] > git for-each-ref --format=%(refname)%00%(upstream:short)%00%(objectname)%00%(upstream:track)%00%(upstream:remotename)%00%(upstream:remoteref) refs/heads/main [6ms]
2024-03-27 14:54:19.628 [info] > git config --local branch.main.vscode-merge-base [2ms]
2024-03-27 14:54:19.628 [warning] git config failed: Failed to execute git
2024-03-27 14:54:19.648 [info] > git reflog refs/heads/main --grep-reflog=branch: Created from *. [5ms]
2024-03-27 14:54:19.668 [info] > git symbolic-ref --short refs/remotes/origin/HEAD [7ms]
2024-03-27 14:54:19.668 [info] fatal: ref refs/remotes/origin/HEAD is not a symbolic ref
2024-03-27 14:54:19.669 [info] GitHistoryProvider:resolveHistoryItemGroupBase - Failed to resolve history item group base for 'refs/heads/main'
2024-03-27 14:54:19.669 [info] GitHistoryProvider:resolveHistoryItemGroupCommonAncestor - Failed to resolve history item group base for 'refs/heads/main'
2024-03-27 14:54:24.205 [info] > git config --get commit.template [29ms]
2024-03-27 14:54:24.208 [info] > git for-each-ref --format=%(refname)%00%(upstream:short)%00%(objectname)%00%(upstream:track)%00%(upstream:remotename)%00%(upstream:remoteref) refs/heads/main refs/remotes/main [4ms]
2024-03-27 14:54:24.245 [info] > git status -z -uall [12ms]
2024-03-27 14:55:06.098 [info] > git config --get commit.template [28ms]
2024-03-27 14:55:06.104 [info] > git for-each-ref --format=%(refname)%00%(upstream:short)%00%(objectname)%00%(upstream:track)%00%(upstream:remotename)%00%(upstream:remoteref) refs/heads/main refs/remotes/main [7ms]
2024-03-27 14:55:06.167 [info] > git status -z -uall [41ms]
2024-03-27 14:55:06.985 [info] > git for-each-ref --format=%(refname)%00%(upstream:short)%00%(objectname)%00%(upstream:track)%00%(upstream:remotename)%00%(upstream:remoteref) refs/heads/main [24ms]
2024-03-27 14:55:07.020 [info] > git for-each-ref --format=%(refname)%00%(upstream:short)%00%(objectname)%00%(upstream:track)%00%(upstream:remotename)%00%(upstream:remoteref) refs/heads/main [6ms]
2024-03-27 14:55:07.048 [info] > git config --local branch.main.vscode-merge-base [2ms]
2024-03-27 14:55:07.048 [warning] git config failed: Failed to execute git
2024-03-27 14:55:07.075 [info] > git reflog refs/heads/main --grep-reflog=branch: Created from *. [4ms]
2024-03-27 14:55:07.091 [info] > git symbolic-ref --short refs/remotes/origin/HEAD [6ms]
2024-03-27 14:55:07.091 [info] fatal: ref refs/remotes/origin/HEAD is not a symbolic ref
2024-03-27 14:55:07.091 [info] GitHistoryProvider:resolveHistoryItemGroupBase - Failed to resolve history item group base for 'refs/heads/main'
2024-03-27 14:55:07.091 [info] GitHistoryProvider:resolveHistoryItemGroupCommonAncestor - Failed to resolve history item group base for 'refs/heads/main'
2024-03-27 14:55:11.258 [info] > git config --get commit.template [13ms]
2024-03-27 14:55:11.266 [info] > git for-each-ref --format=%(refname)%00%(upstream:short)%00%(objectname)%00%(upstream:track)%00%(upstream:remotename)%00%(upstream:remoteref) refs/heads/main refs/remotes/main [9ms]
2024-03-27 14:55:11.303 [info] > git status -z -uall [28ms]
2024-03-27 14:55:16.429 [info] > git config --get commit.template [9ms]
2024-03-27 14:55:16.430 [info] > git for-each-ref --format=%(refname)%00%(upstream:short)%00%(objectname)%00%(upstream:track)%00%(upstream:remotename)%00%(upstream:remoteref) refs/heads/main refs/remotes/main [2ms]
2024-03-27 14:55:16.451 [info] > git status -z -uall [12ms]
2024-03-27 14:55:21.500 [info] > git config --get commit.template [12ms]
2024-03-27 14:55:21.502 [info] > git for-each-ref --format=%(refname)%00%(upstream:short)%00%(objectname)%00%(upstream:track)%00%(upstream:remotename)%00%(upstream:remoteref) refs/heads/main refs/remotes/main [3ms]
2024-03-27 14:55:21.529 [info] > git status -z -uall [16ms]
2024-03-27 14:55:26.586 [info] > git for-each-ref --format=%(refname)%00%(upstream:short)%00%(objectname)%00%(upstream:track)%00%(upstream:remotename)%00%(upstream:remoteref) refs/heads/main refs/remotes/main [7ms]
2024-03-27 14:55:26.586 [info] > git config --get commit.template [21ms]
2024-03-27 14:55:26.610 [info] > git status -z -uall [14ms]
2024-03-27 14:55:31.648 [info] > git config --get commit.template [2ms]
2024-03-27 14:55:31.664 [info] > git for-each-ref --format=%(refname)%00%(upstream:short)%00%(objectname)%00%(upstream:track)%00%(upstream:remotename)%00%(upstream:remoteref) refs/heads/main refs/remotes/main [4ms]
2024-03-27 14:55:31.690 [info] > git status -z -uall [15ms]
2024-03-27 14:55:36.735 [info] > git config --get commit.template [14ms]
2024-03-27 14:55:36.736 [info] > git for-each-ref --format=%(refname)%00%(upstream:short)%00%(objectname)%00%(upstream:track)%00%(upstream:remotename)%00%(upstream:remoteref) refs/heads/main refs/remotes/main [3ms]
2024-03-27 14:55:36.766 [info] > git status -z -uall [19ms]
2024-03-27 14:55:41.818 [info] > git config --get commit.template [20ms]
2024-03-27 14:55:41.819 [info] > git for-each-ref --format=%(refname)%00%(upstream:short)%00%(objectname)%00%(upstream:track)%00%(upstream:remotename)%00%(upstream:remoteref) refs/heads/main refs/remotes/main [6ms]
2024-03-27 14:55:41.841 [info] > git status -z -uall [13ms]
2024-03-27 14:55:46.884 [info] > git config --get commit.template [9ms]
2024-03-27 14:55:46.885 [info] > git for-each-ref --format=%(refname)%00%(upstream:short)%00%(objectname)%00%(upstream:track)%00%(upstream:remotename)%00%(upstream:remoteref) refs/heads/main refs/remotes/main [2ms]
2024-03-27 14:55:46.912 [info] > git status -z -uall [14ms]
2024-03-27 14:55:51.952 [info] > git config --get commit.template [10ms]
2024-03-27 14:55:51.953 [info] > git for-each-ref --format=%(refname)%00%(upstream:short)%00%(objectname)%00%(upstream:track)%00%(upstream:remotename)%00%(upstream:remoteref) refs/heads/main refs/remotes/main [2ms]
2024-03-27 14:55:51.976 [info] > git status -z -uall [14ms]
2024-03-27 14:55:55.324 [info] > git for-each-ref --format=%(refname)%00%(upstream:short)%00%(objectname)%00%(upstream:track)%00%(upstream:remotename)%00%(upstream:remoteref) refs/heads/main [2ms]
2024-03-27 14:55:55.339 [info] > git for-each-ref --format=%(refname)%00%(upstream:short)%00%(objectname)%00%(upstream:track)%00%(upstream:remotename)%00%(upstream:remoteref) refs/heads/main [5ms]
2024-03-27 14:55:55.353 [info] > git config --local branch.main.vscode-merge-base [3ms]
2024-03-27 14:55:55.353 [warning] git config failed: Failed to execute git
2024-03-27 14:55:55.375 [info] > git reflog refs/heads/main --grep-reflog=branch: Created from *. [14ms]
2024-03-27 14:55:55.401 [info] > git symbolic-ref --short refs/remotes/origin/HEAD [10ms]
2024-03-27 14:55:55.401 [info] fatal: ref refs/remotes/origin/HEAD is not a symbolic ref
2024-03-27 14:55:55.401 [info] GitHistoryProvider:resolveHistoryItemGroupBase - Failed to resolve history item group base for 'refs/heads/main'
2024-03-27 14:55:55.401 [info] GitHistoryProvider:resolveHistoryItemGroupCommonAncestor - Failed to resolve history item group base for 'refs/heads/main'
2024-03-27 14:55:55.585 [info] > git for-each-ref --format=%(refname)%00%(upstream:short)%00%(objectname)%00%(upstream:track)%00%(upstream:remotename)%00%(upstream:remoteref) refs/heads/main [10ms]
2024-03-27 14:55:55.605 [info] > git for-each-ref --format=%(refname)%00%(upstream:short)%00%(objectname)%00%(upstream:track)%00%(upstream:remotename)%00%(upstream:remoteref) refs/heads/main [7ms]
2024-03-27 14:55:55.619 [info] > git config --local branch.main.vscode-merge-base [5ms]
2024-03-27 14:55:55.619 [warning] git config failed: Failed to execute git
2024-03-27 14:55:55.637 [info] > git reflog refs/heads/main --grep-reflog=branch: Created from *. [7ms]
2024-03-27 14:55:55.651 [info] > git symbolic-ref --short refs/remotes/origin/HEAD [5ms]
2024-03-27 14:55:55.651 [info] fatal: ref refs/remotes/origin/HEAD is not a symbolic ref
2024-03-27 14:55:55.651 [info] GitHistoryProvider:resolveHistoryItemGroupBase - Failed to resolve history item group base for 'refs/heads/main'
2024-03-27 14:55:55.651 [info] GitHistoryProvider:resolveHistoryItemGroupCommonAncestor - Failed to resolve history item group base for 'refs/heads/main'
2024-03-27 14:55:57.020 [info] > git config --get commit.template [13ms]
2024-03-27 14:55:57.026 [info] > git for-each-ref --format=%(refname)%00%(upstream:short)%00%(objectname)%00%(upstream:track)%00%(upstream:remotename)%00%(upstream:remoteref) refs/heads/main refs/remotes/main [7ms]
2024-03-27 14:55:57.056 [info] > git status -z -uall [21ms]
2024-03-27 14:56:03.025 [info] > git config --get commit.template [2ms]
2024-03-27 14:56:03.039 [info] > git for-each-ref --format=%(refname)%00%(upstream:short)%00%(objectname)%00%(upstream:track)%00%(upstream:remotename)%00%(upstream:remoteref) refs/heads/main refs/remotes/main [5ms]
2024-03-27 14:56:03.069 [info] > git status -z -uall [16ms]
2024-03-27 14:56:08.158 [info] > git config --get commit.template [28ms]
2024-03-27 14:56:08.170 [info] > git for-each-ref --format=%(refname)%00%(upstream:short)%00%(objectname)%00%(upstream:track)%00%(upstream:remotename)%00%(upstream:remoteref) refs/heads/main refs/remotes/main [14ms]
2024-03-27 14:56:08.231 [info] > git status -z -uall [44ms]
2024-03-27 14:56:13.330 [info] > git config --get commit.template [5ms]
2024-03-27 14:56:13.375 [info] > git for-each-ref --format=%(refname)%00%(upstream:short)%00%(objectname)%00%(upstream:track)%00%(upstream:remotename)%00%(upstream:remoteref) refs/heads/main refs/remotes/main [29ms]
2024-03-27 14:56:13.533 [info] > git status -z -uall [108ms]
2024-03-27 14:56:18.581 [info] > git config --get commit.template [13ms]
2024-03-27 14:56:18.583 [info] > git for-each-ref --format=%(refname)%00%(upstream:short)%00%(objectname)%00%(upstream:track)%00%(upstream:remotename)%00%(upstream:remoteref) refs/heads/main refs/remotes/main [4ms]
2024-03-27 14:56:18.609 [info] > git status -z -uall [15ms]
2024-03-27 14:56:23.671 [info] > git for-each-ref --format=%(refname)%00%(upstream:short)%00%(objectname)%00%(upstream:track)%00%(upstream:remotename)%00%(upstream:remoteref) refs/heads/main refs/remotes/main [1ms]
2024-03-27 14:56:23.672 [info] > git config --get commit.template [22ms]
2024-03-27 14:56:23.702 [info] > git status -z -uall [19ms]
2024-03-27 14:56:28.764 [info] > git config --get commit.template [30ms]
2024-03-27 14:56:28.781 [info] > git for-each-ref --format=%(refname)%00%(upstream:short)%00%(objectname)%00%(upstream:track)%00%(upstream:remotename)%00%(upstream:remoteref) refs/heads/main refs/remotes/main [17ms]
2024-03-27 14:56:28.832 [info] > git status -z -uall [25ms]
2024-03-27 14:56:33.885 [info] > git config --get commit.template [1ms]
2024-03-27 14:56:33.899 [info] > git for-each-ref --format=%(refname)%00%(upstream:short)%00%(objectname)%00%(upstream:track)%00%(upstream:remotename)%00%(upstream:remoteref) refs/heads/main refs/remotes/main [3ms]
2024-03-27 14:56:33.923 [info] > git status -z -uall [16ms]
2024-03-27 14:56:38.989 [info] > git for-each-ref --format=%(refname)%00%(upstream:short)%00%(objectname)%00%(upstream:track)%00%(upstream:remotename)%00%(upstream:remoteref) refs/heads/main refs/remotes/main [17ms]
2024-03-27 14:56:38.990 [info] > git config --get commit.template [30ms]
2024-03-27 14:56:39.066 [info] > git status -z -uall [53ms]
2024-03-27 14:56:44.109 [info] > git config --get commit.template [12ms]
2024-03-27 14:56:44.115 [info] > git for-each-ref --format=%(refname)%00%(upstream:short)%00%(objectname)%00%(upstream:track)%00%(upstream:remotename)%00%(upstream:remoteref) refs/heads/main refs/remotes/main [7ms]
2024-03-27 14:56:44.136 [info] > git status -z -uall [12ms]
2024-03-27 14:56:49.165 [info] > git config --get commit.template [3ms]
2024-03-27 14:56:49.179 [info] > git for-each-ref --format=%(refname)%00%(upstream:short)%00%(objectname)%00%(upstream:track)%00%(upstream:remotename)%00%(upstream:remoteref) refs/heads/main refs/remotes/main [4ms]
2024-03-27 14:56:49.205 [info] > git status -z -uall [14ms]
2024-03-27 14:56:54.254 [info] > git config --get commit.template [16ms]
2024-03-27 14:56:54.260 [info] > git for-each-ref --format=%(refname)%00%(upstream:short)%00%(objectname)%00%(upstream:track)%00%(upstream:remotename)%00%(upstream:remoteref) refs/heads/main refs/remotes/main [9ms]
2024-03-27 14:56:54.290 [info] > git status -z -uall [13ms]
2024-03-27 14:56:59.333 [info] > git config --get commit.template [6ms]
2024-03-27 14:56:59.349 [info] > git for-each-ref --format=%(refname)%00%(upstream:short)%00%(objectname)%00%(upstream:track)%00%(upstream:remotename)%00%(upstream:remoteref) refs/heads/main refs/remotes/main [4ms]
2024-03-27 14:56:59.377 [info] > git status -z -uall [14ms]
2024-03-27 14:57:04.431 [info] > git config --get commit.template [18ms]
2024-03-27 14:57:04.435 [info] > git for-each-ref --format=%(refname)%00%(upstream:short)%00%(objectname)%00%(upstream:track)%00%(upstream:remotename)%00%(upstream:remoteref) refs/heads/main refs/remotes/main [9ms]
2024-03-27 14:57:04.467 [info] > git status -z -uall [21ms]
2024-03-27 14:57:09.517 [info] > git config --get commit.template [13ms]
2024-03-27 14:57:09.524 [info] > git for-each-ref --format=%(refname)%00%(upstream:short)%00%(objectname)%00%(upstream:track)%00%(upstream:remotename)%00%(upstream:remoteref) refs/heads/main refs/remotes/main [7ms]
2024-03-27 14:57:09.557 [info] > git status -z -uall [24ms]
2024-03-27 14:57:14.627 [info] > git config --get commit.template [15ms]
2024-03-27 14:57:14.634 [info] > git for-each-ref --format=%(refname)%00%(upstream:short)%00%(objectname)%00%(upstream:track)%00%(upstream:remotename)%00%(upstream:remoteref) refs/heads/main refs/remotes/main [8ms]
2024-03-27 14:57:14.699 [info] > git status -z -uall [39ms]
2024-03-27 14:57:19.770 [info] > git config --get commit.template [4ms]
2024-03-27 14:57:19.789 [info] > git for-each-ref --format=%(refname)%00%(upstream:short)%00%(objectname)%00%(upstream:track)%00%(upstream:remotename)%00%(upstream:remoteref) refs/heads/main refs/remotes/main [4ms]
2024-03-27 14:57:19.816 [info] > git status -z -uall [15ms]
2024-03-27 14:57:24.854 [info] > git config --get commit.template [1ms]
2024-03-27 14:57:24.867 [info] > git for-each-ref --format=%(refname)%00%(upstream:short)%00%(objectname)%00%(upstream:track)%00%(upstream:remotename)%00%(upstream:remoteref) refs/heads/main refs/remotes/main [4ms]
2024-03-27 14:57:24.889 [info] > git status -z -uall [13ms]
2024-03-27 14:57:29.945 [info] > git config --get commit.template [18ms]
2024-03-27 14:57:29.947 [info] > git for-each-ref --format=%(refname)%00%(upstream:short)%00%(objectname)%00%(upstream:track)%00%(upstream:remotename)%00%(upstream:remoteref) refs/heads/main refs/remotes/main [3ms]
2024-03-27 14:57:29.979 [info] > git status -z -uall [18ms]
2024-03-27 14:57:35.024 [info] > git config --get commit.template [13ms]
2024-03-27 14:57:35.026 [info] > git for-each-ref --format=%(refname)%00%(upstream:short)%00%(objectname)%00%(upstream:track)%00%(upstream:remotename)%00%(upstream:remoteref) refs/heads/main refs/remotes/main [3ms]
2024-03-27 14:57:35.052 [info] > git status -z -uall [16ms]
2024-03-27 14:57:40.125 [info] > git config --get commit.template [26ms]
2024-03-27 14:57:40.127 [info] > git for-each-ref --format=%(refname)%00%(upstream:short)%00%(objectname)%00%(upstream:track)%00%(upstream:remotename)%00%(upstream:remoteref) refs/heads/main refs/remotes/main [5ms]
2024-03-27 14:57:40.158 [info] > git status -z -uall [15ms]
2024-03-27 14:57:45.207 [info] > git config --get commit.template [18ms]
2024-03-27 14:57:45.214 [info] > git for-each-ref --format=%(refname)%00%(upstream:short)%00%(objectname)%00%(upstream:track)%00%(upstream:remotename)%00%(upstream:remoteref) refs/heads/main refs/remotes/main [8ms]
2024-03-27 14:57:45.236 [info] > git status -z -uall [13ms]
2024-03-27 14:57:50.286 [info] > git config --get commit.template [20ms]
2024-03-27 14:57:50.287 [info] > git for-each-ref --format=%(refname)%00%(upstream:short)%00%(objectname)%00%(upstream:track)%00%(upstream:remotename)%00%(upstream:remoteref) refs/heads/main refs/remotes/main [3ms]
2024-03-27 14:57:50.323 [info] > git status -z -uall [22ms]
2024-03-27 14:57:55.366 [info] > git config --get commit.template [11ms]
2024-03-27 14:57:55.368 [info] > git for-each-ref --format=%(refname)%00%(upstream:short)%00%(objectname)%00%(upstream:track)%00%(upstream:remotename)%00%(upstream:remoteref) refs/heads/main refs/remotes/main [3ms]
2024-03-27 14:57:55.394 [info] > git status -z -uall [17ms]
2024-03-27 14:58:00.464 [info] > git config --get commit.template [27ms]
2024-03-27 14:58:00.467 [info] > git for-each-ref --format=%(refname)%00%(upstream:short)%00%(objectname)%00%(upstream:track)%00%(upstream:remotename)%00%(upstream:remoteref) refs/heads/main refs/remotes/main [9ms]
2024-03-27 14:58:00.502 [info] > git status -z -uall [27ms]
2024-03-27 14:58:00.749 [info] > git config --local branch.main.github-pr-owner-number [138ms]
2024-03-27 14:58:00.749 [warning] git config failed: Failed to execute git
2024-03-27 14:58:00.766 [info] > git for-each-ref --format=%(refname)%00%(upstream:short)%00%(objectname)%00%(upstream:track)%00%(upstream:remotename)%00%(upstream:remoteref) refs/heads/main [172ms]
2024-03-27 14:58:00.804 [info] > git for-each-ref --format=%(refname)%00%(upstream:short)%00%(objectname)%00%(upstream:track)%00%(upstream:remotename)%00%(upstream:remoteref) refs/heads/main [15ms]
2024-03-27 14:58:00.834 [info] > git config --local branch.main.remote [69ms]
2024-03-27 14:58:00.834 [warning] git config failed: Failed to execute git
2024-03-27 14:58:00.857 [info] > git config --local branch.main.vscode-merge-base [23ms]
2024-03-27 14:58:00.863 [warning] git config failed: Failed to execute git
2024-03-27 14:58:00.890 [info] > git config --local branch.main.merge [34ms]
2024-03-27 14:58:00.891 [warning] git config failed: Failed to execute git
2024-03-27 14:58:00.910 [info] > git reflog refs/heads/main --grep-reflog=branch: Created from *. [22ms]
2024-03-27 14:58:00.933 [info] > git symbolic-ref --short refs/remotes/origin/HEAD [11ms]
2024-03-27 14:58:00.933 [info] fatal: ref refs/remotes/origin/HEAD is not a symbolic ref
2024-03-27 14:58:00.934 [info] GitHistoryProvider:resolveHistoryItemGroupBase - Failed to resolve history item group base for 'refs/heads/main'
2024-03-27 14:58:00.934 [info] GitHistoryProvider:resolveHistoryItemGroupCommonAncestor - Failed to resolve history item group base for 'refs/heads/main'
2024-03-27 14:58:01.051 [info] > git for-each-ref --format=%(refname)%00%(upstream:short)%00%(objectname)%00%(upstream:track)%00%(upstream:remotename)%00%(upstream:remoteref) refs/heads/main [14ms]
2024-03-27 14:58:01.070 [info] > git for-each-ref --format=%(refname)%00%(upstream:short)%00%(objectname)%00%(upstream:track)%00%(upstream:remotename)%00%(upstream:remoteref) refs/heads/main [5ms]
2024-03-27 14:58:01.087 [info] > git config --local branch.main.vscode-merge-base [5ms]
2024-03-27 14:58:01.087 [warning] git config failed: Failed to execute git
2024-03-27 14:58:01.106 [info] > git reflog refs/heads/main --grep-reflog=branch: Created from *. [1ms]
2024-03-27 14:58:01.117 [info] > git symbolic-ref --short refs/remotes/origin/HEAD [3ms]
2024-03-27 14:58:01.117 [info] fatal: ref refs/remotes/origin/HEAD is not a symbolic ref
2024-03-27 14:58:01.117 [info] GitHistoryProvider:resolveHistoryItemGroupBase - Failed to resolve history item group base for 'refs/heads/main'
2024-03-27 14:58:01.117 [info] GitHistoryProvider:resolveHistoryItemGroupCommonAncestor - Failed to resolve history item group base for 'refs/heads/main'
2024-03-27 14:58:05.544 [info] > git config --get commit.template [9ms]
2024-03-27 14:58:05.546 [info] > git for-each-ref --format=%(refname)%00%(upstream:short)%00%(objectname)%00%(upstream:track)%00%(upstream:remotename)%00%(upstream:remoteref) refs/heads/main refs/remotes/main [3ms]
2024-03-27 14:58:05.565 [info] > git status -z -uall [11ms]
2024-03-27 14:58:10.606 [info] > git config --get commit.template [12ms]
2024-03-27 14:58:10.608 [info] > git for-each-ref --format=%(refname)%00%(upstream:short)%00%(objectname)%00%(upstream:track)%00%(upstream:remotename)%00%(upstream:remoteref) refs/heads/main refs/remotes/main [4ms]
2024-03-27 14:58:10.636 [info] > git status -z -uall [18ms]
2024-03-27 14:58:15.725 [info] > git config --get commit.template [13ms]
2024-03-27 14:58:15.764 [info] > git for-each-ref --format=%(refname)%00%(upstream:short)%00%(objectname)%00%(upstream:track)%00%(upstream:remotename)%00%(upstream:remoteref) refs/heads/main refs/remotes/main [24ms]
2024-03-27 14:58:15.872 [info] > git status -z -uall [85ms]
2024-03-27 14:58:20.973 [info] > git config --get commit.template [2ms]
2024-03-27 14:58:20.990 [info] > git for-each-ref --format=%(refname)%00%(upstream:short)%00%(objectname)%00%(upstream:track)%00%(upstream:remotename)%00%(upstream:remoteref) refs/heads/main refs/remotes/main [3ms]
2024-03-27 14:58:21.013 [info] > git status -z -uall [13ms]
2024-03-27 14:58:26.056 [info] > git config --get commit.template [12ms]
2024-03-27 14:58:26.057 [info] > git for-each-ref --format=%(refname)%00%(upstream:short)%00%(objectname)%00%(upstream:track)%00%(upstream:remotename)%00%(upstream:remoteref) refs/heads/main refs/remotes/main [3ms]
2024-03-27 14:58:26.080 [info] > git status -z -uall [12ms]
2024-03-27 14:58:31.117 [info] > git config --get commit.template [6ms]
2024-03-27 14:58:31.129 [info] > git for-each-ref --format=%(refname)%00%(upstream:short)%00%(objectname)%00%(upstream:track)%00%(upstream:remotename)%00%(upstream:remoteref) refs/heads/main refs/remotes/main [3ms]
2024-03-27 14:58:31.153 [info] > git status -z -uall [13ms]
2024-03-27 14:58:36.188 [info] > git config --get commit.template [5ms]
2024-03-27 14:58:36.199 [info] > git for-each-ref --format=%(refname)%00%(upstream:short)%00%(objectname)%00%(upstream:track)%00%(upstream:remotename)%00%(upstream:remoteref) refs/heads/main refs/remotes/main [3ms]
2024-03-27 14:58:36.223 [info] > git status -z -uall [14ms]
2024-03-27 14:58:41.260 [info] > git config --get commit.template [10ms]
2024-03-27 14:58:41.262 [info] > git for-each-ref --format=%(refname)%00%(upstream:short)%00%(objectname)%00%(upstream:track)%00%(upstream:remotename)%00%(upstream:remoteref) refs/heads/main refs/remotes/main [3ms]
2024-03-27 14:58:41.288 [info] > git status -z -uall [17ms]
2024-03-27 14:58:46.329 [info] > git config --get commit.template [11ms]
2024-03-27 14:58:46.333 [info] > git for-each-ref --format=%(refname)%00%(upstream:short)%00%(objectname)%00%(upstream:track)%00%(upstream:remotename)%00%(upstream:remoteref) refs/heads/main refs/remotes/main [5ms]
2024-03-27 14:58:46.353 [info] > git status -z -uall [12ms]
2024-03-27 14:58:51.398 [info] > git config --get commit.template [17ms]
2024-03-27 14:58:51.400 [info] > git for-each-ref --format=%(refname)%00%(upstream:short)%00%(objectname)%00%(upstream:track)%00%(upstream:remotename)%00%(upstream:remoteref) refs/heads/main refs/remotes/main [3ms]
2024-03-27 14:58:51.423 [info] > git status -z -uall [12ms]
2024-03-27 14:58:56.469 [info] > git config --get commit.template [17ms]
2024-03-27 14:58:56.472 [info] > git for-each-ref --format=%(refname)%00%(upstream:short)%00%(objectname)%00%(upstream:track)%00%(upstream:remotename)%00%(upstream:remoteref) refs/heads/main refs/remotes/main [5ms]
2024-03-27 14:58:56.496 [info] > git status -z -uall [14ms]
2024-03-27 14:59:01.531 [info] > git config --get commit.template [11ms]
2024-03-27 14:59:01.532 [info] > git for-each-ref --format=%(refname)%00%(upstream:short)%00%(objectname)%00%(upstream:track)%00%(upstream:remotename)%00%(upstream:remoteref) refs/heads/main refs/remotes/main [3ms]
2024-03-27 14:59:01.551 [info] > git status -z -uall [11ms]
2024-03-27 14:59:06.586 [info] > git config --get commit.template [9ms]
2024-03-27 14:59:06.587 [info] > git for-each-ref --format=%(refname)%00%(upstream:short)%00%(objectname)%00%(upstream:track)%00%(upstream:remotename)%00%(upstream:remoteref) refs/heads/main refs/remotes/main [3ms]
2024-03-27 14:59:06.608 [info] > git status -z -uall [12ms]
2024-03-27 14:59:11.649 [info] > git config --get commit.template [12ms]
2024-03-27 14:59:11.650 [info] > git for-each-ref --format=%(refname)%00%(upstream:short)%00%(objectname)%00%(upstream:track)%00%(upstream:remotename)%00%(upstream:remoteref) refs/heads/main refs/remotes/main [2ms]
2024-03-27 14:59:11.672 [info] > git status -z -uall [13ms]
2024-03-27 14:59:15.861 [info] > git config --local branch.main.github-pr-owner-number [4ms]
2024-03-27 14:59:15.862 [warning] git config failed: Failed to execute git
2024-03-27 14:59:16.712 [info] > git config --get commit.template [13ms]
2024-03-27 14:59:16.714 [info] > git for-each-ref --format=%(refname)%00%(upstream:short)%00%(objectname)%00%(upstream:track)%00%(upstream:remotename)%00%(upstream:remoteref) refs/heads/main refs/remotes/main [4ms]
2024-03-27 14:59:16.736 [info] > git status -z -uall [13ms]
2024-03-27 14:59:21.774 [info] > git config --get commit.template [10ms]
2024-03-27 14:59:21.776 [info] > git for-each-ref --format=%(refname)%00%(upstream:short)%00%(objectname)%00%(upstream:track)%00%(upstream:remotename)%00%(upstream:remoteref) refs/heads/main refs/remotes/main [4ms]
2024-03-27 14:59:21.796 [info] > git status -z -uall [12ms]
2024-03-27 14:59:26.839 [info] > git config --get commit.template [15ms]
2024-03-27 14:59:26.840 [info] > git for-each-ref --format=%(refname)%00%(upstream:short)%00%(objectname)%00%(upstream:track)%00%(upstream:remotename)%00%(upstream:remoteref) refs/heads/main refs/remotes/main [5ms]
2024-03-27 14:59:26.864 [info] > git status -z -uall [15ms]
2024-03-27 14:59:31.896 [info] > git config --get commit.template [3ms]
2024-03-27 14:59:31.910 [info] > git for-each-ref --format=%(refname)%00%(upstream:short)%00%(objectname)%00%(upstream:track)%00%(upstream:remotename)%00%(upstream:remoteref) refs/heads/main refs/remotes/main [2ms]
2024-03-27 14:59:31.933 [info] > git status -z -uall [13ms]
2024-03-27 14:59:36.967 [info] > git config --get commit.template [11ms]
2024-03-27 14:59:36.970 [info] > git for-each-ref --format=%(refname)%00%(upstream:short)%00%(objectname)%00%(upstream:track)%00%(upstream:remotename)%00%(upstream:remoteref) refs/heads/main refs/remotes/main [4ms]
2024-03-27 14:59:36.994 [info] > git status -z -uall [13ms]
2024-03-27 14:59:42.035 [info] > git config --get commit.template [11ms]
2024-03-27 14:59:42.037 [info] > git for-each-ref --format=%(refname)%00%(upstream:short)%00%(objectname)%00%(upstream:track)%00%(upstream:remotename)%00%(upstream:remoteref) refs/heads/main refs/remotes/main [3ms]
2024-03-27 14:59:42.058 [info] > git status -z -uall [11ms]
2024-03-27 14:59:47.100 [info] > git config --get commit.template [13ms]
2024-03-27 14:59:47.102 [info] > git for-each-ref --format=%(refname)%00%(upstream:short)%00%(objectname)%00%(upstream:track)%00%(upstream:remotename)%00%(upstream:remoteref) refs/heads/main refs/remotes/main [4ms]
2024-03-27 14:59:47.123 [info] > git status -z -uall [12ms]
2024-03-27 14:59:52.165 [info] > git config --get commit.template [13ms]
2024-03-27 14:59:52.167 [info] > git for-each-ref --format=%(refname)%00%(upstream:short)%00%(objectname)%00%(upstream:track)%00%(upstream:remotename)%00%(upstream:remoteref) refs/heads/main refs/remotes/main [4ms]
2024-03-27 14:59:52.186 [info] > git status -z -uall [12ms]
2024-03-27 14:59:57.218 [info] > git config --get commit.template [1ms]
2024-03-27 14:59:57.232 [info] > git for-each-ref --format=%(refname)%00%(upstream:short)%00%(objectname)%00%(upstream:track)%00%(upstream:remotename)%00%(upstream:remoteref) refs/heads/main refs/remotes/main [4ms]
2024-03-27 14:59:57.252 [info] > git status -z -uall [13ms]
2024-03-27 15:00:02.298 [info] > git config --get commit.template [15ms]
2024-03-27 15:00:02.299 [info] > git for-each-ref --format=%(refname)%00%(upstream:short)%00%(objectname)%00%(upstream:track)%00%(upstream:remotename)%00%(upstream:remoteref) refs/heads/main refs/remotes/main [3ms]
2024-03-27 15:00:02.323 [info] > git status -z -uall [14ms]
2024-03-27 15:00:07.368 [info] > git config --get commit.template [12ms]
2024-03-27 15:00:07.369 [info] > git for-each-ref --format=%(refname)%00%(upstream:short)%00%(objectname)%00%(upstream:track)%00%(upstream:remotename)%00%(upstream:remoteref) refs/heads/main refs/remotes/main [4ms]
2024-03-27 15:00:07.390 [info] > git status -z -uall [12ms]
2024-03-27 15:00:12.427 [info] > git config --get commit.template [12ms]
2024-03-27 15:00:12.428 [info] > git for-each-ref --format=%(refname)%00%(upstream:short)%00%(objectname)%00%(upstream:track)%00%(upstream:remotename)%00%(upstream:remoteref) refs/heads/main refs/remotes/main [3ms]
2024-03-27 15:00:12.449 [info] > git status -z -uall [12ms]
2024-03-27 15:00:17.481 [info] > git config --get commit.template [6ms]
2024-03-27 15:00:17.494 [info] > git for-each-ref --format=%(refname)%00%(upstream:short)%00%(objectname)%00%(upstream:track)%00%(upstream:remotename)%00%(upstream:remoteref) refs/heads/main refs/remotes/main [2ms]
2024-03-27 15:00:17.515 [info] > git status -z -uall [12ms]
2024-03-27 15:00:22.556 [info] > git config --get commit.template [14ms]
2024-03-27 15:00:22.559 [info] > git for-each-ref --format=%(refname)%00%(upstream:short)%00%(objectname)%00%(upstream:track)%00%(upstream:remotename)%00%(upstream:remoteref) refs/heads/main refs/remotes/main [3ms]
2024-03-27 15:00:22.581 [info] > git status -z -uall [12ms]
2024-03-27 15:00:27.620 [info] > git config --get commit.template [14ms]
2024-03-27 15:00:27.621 [info] > git for-each-ref --format=%(refname)%00%(upstream:short)%00%(objectname)%00%(upstream:track)%00%(upstream:remotename)%00%(upstream:remoteref) refs/heads/main refs/remotes/main [3ms]
2024-03-27 15:00:27.644 [info] > git status -z -uall [12ms]
2024-03-27 15:00:32.675 [info] > git config --get commit.template [2ms]
2024-03-27 15:00:32.688 [info] > git for-each-ref --format=%(refname)%00%(upstream:short)%00%(objectname)%00%(upstream:track)%00%(upstream:remotename)%00%(upstream:remoteref) refs/heads/main refs/remotes/main [4ms]
2024-03-27 15:00:32.711 [info] > git status -z -uall [13ms]
2024-03-27 15:00:37.750 [info] > git config --get commit.template [11ms]
2024-03-27 15:00:37.752 [info] > git for-each-ref --format=%(refname)%00%(upstream:short)%00%(objectname)%00%(upstream:track)%00%(upstream:remotename)%00%(upstream:remoteref) refs/heads/main refs/remotes/main [3ms]
2024-03-27 15:00:37.773 [info] > git status -z -uall [12ms]
2024-03-27 15:00:42.810 [info] > git config --get commit.template [10ms]
2024-03-27 15:00:42.815 [info] > git for-each-ref --format=%(refname)%00%(upstream:short)%00%(objectname)%00%(upstream:track)%00%(upstream:remotename)%00%(upstream:remoteref) refs/heads/main refs/remotes/main [6ms]
2024-03-27 15:00:42.837 [info] > git status -z -uall [14ms]
2024-03-27 15:00:47.875 [info] > git config --get commit.template [13ms]
2024-03-27 15:00:47.877 [info] > git for-each-ref --format=%(refname)%00%(upstream:short)%00%(objectname)%00%(upstream:track)%00%(upstream:remotename)%00%(upstream:remoteref) refs/heads/main refs/remotes/main [3ms]
2024-03-27 15:00:47.898 [info] > git status -z -uall [12ms]
2024-03-27 15:00:52.935 [info] > git config --get commit.template [11ms]
2024-03-27 15:00:52.938 [info] > git for-each-ref --format=%(refname)%00%(upstream:short)%00%(objectname)%00%(upstream:track)%00%(upstream:remotename)%00%(upstream:remoteref) refs/heads/main refs/remotes/main [4ms]
2024-03-27 15:00:52.960 [info] > git status -z -uall [13ms]
2024-03-27 15:00:58.014 [info] > git config --get commit.template [15ms]
2024-03-27 15:00:58.016 [info] > git for-each-ref --format=%(refname)%00%(upstream:short)%00%(objectname)%00%(upstream:track)%00%(upstream:remotename)%00%(upstream:remoteref) refs/heads/main refs/remotes/main [6ms]
2024-03-27 15:00:58.040 [info] > git status -z -uall [13ms]
2024-03-27 15:01:03.079 [info] > git config --get commit.template [12ms]
2024-03-27 15:01:03.080 [info] > git for-each-ref --format=%(refname)%00%(upstream:short)%00%(objectname)%00%(upstream:track)%00%(upstream:remotename)%00%(upstream:remoteref) refs/heads/main refs/remotes/main [2ms]
2024-03-27 15:01:03.100 [info] > git status -z -uall [10ms]
2024-03-27 15:01:08.139 [info] > git config --get commit.template [13ms]
2024-03-27 15:01:08.142 [info] > git for-each-ref --format=%(refname)%00%(upstream:short)%00%(objectname)%00%(upstream:track)%00%(upstream:remotename)%00%(upstream:remoteref) refs/heads/main refs/remotes/main [5ms]
2024-03-27 15:01:08.173 [info] > git status -z -uall [16ms]
2024-03-27 15:01:13.206 [info] > git config --get commit.template [5ms]
2024-03-27 15:01:13.222 [info] > git for-each-ref --format=%(refname)%00%(upstream:short)%00%(objectname)%00%(upstream:track)%00%(upstream:remotename)%00%(upstream:remoteref) refs/heads/main refs/remotes/main [6ms]
2024-03-27 15:01:13.242 [info] > git status -z -uall [12ms]
2024-03-27 15:01:18.276 [info] > git config --get commit.template [4ms]
2024-03-27 15:01:18.290 [info] > git for-each-ref --format=%(refname)%00%(upstream:short)%00%(objectname)%00%(upstream:track)%00%(upstream:remotename)%00%(upstream:remoteref) refs/heads/main refs/remotes/main [4ms]
2024-03-27 15:01:18.310 [info] > git status -z -uall [12ms]
2024-03-27 15:01:23.346 [info] > git config --get commit.template [12ms]
2024-03-27 15:01:23.350 [info] > git for-each-ref --format=%(refname)%00%(upstream:short)%00%(objectname)%00%(upstream:track)%00%(upstream:remotename)%00%(upstream:remoteref) refs/heads/main refs/remotes/main [5ms]
2024-03-27 15:01:23.371 [info] > git status -z -uall [12ms]
2024-03-27 15:01:28.410 [info] > git config --get commit.template [12ms]
2024-03-27 15:01:28.412 [info] > git for-each-ref --format=%(refname)%00%(upstream:short)%00%(objectname)%00%(upstream:track)%00%(upstream:remotename)%00%(upstream:remoteref) refs/heads/main refs/remotes/main [3ms]
2024-03-27 15:01:28.433 [info] > git status -z -uall [12ms]
2024-03-27 15:01:33.469 [info] > git config --get commit.template [12ms]
2024-03-27 15:01:33.470 [info] > git for-each-ref --format=%(refname)%00%(upstream:short)%00%(objectname)%00%(upstream:track)%00%(upstream:remotename)%00%(upstream:remoteref) refs/heads/main refs/remotes/main [4ms]
2024-03-27 15:01:33.493 [info] > git status -z -uall [12ms]
2024-03-27 15:01:38.530 [info] > git config --get commit.template [9ms]
2024-03-27 15:01:38.531 [info] > git for-each-ref --format=%(refname)%00%(upstream:short)%00%(objectname)%00%(upstream:track)%00%(upstream:remotename)%00%(upstream:remoteref) refs/heads/main refs/remotes/main [2ms]
2024-03-27 15:01:38.552 [info] > git status -z -uall [11ms]
2024-03-27 15:01:43.594 [info] > git config --get commit.template [14ms]
2024-03-27 15:01:43.597 [info] > git for-each-ref --format=%(refname)%00%(upstream:short)%00%(objectname)%00%(upstream:track)%00%(upstream:remotename)%00%(upstream:remoteref) refs/heads/main refs/remotes/main [4ms]
2024-03-27 15:01:43.621 [info] > git status -z -uall [12ms]
2024-03-27 15:01:48.662 [info] > git config --get commit.template [9ms]
2024-03-27 15:01:48.665 [info] > git for-each-ref --format=%(refname)%00%(upstream:short)%00%(objectname)%00%(upstream:track)%00%(upstream:remotename)%00%(upstream:remoteref) refs/heads/main refs/remotes/main [4ms]
2024-03-27 15:01:48.686 [info] > git status -z -uall [12ms]
2024-03-27 15:01:53.728 [info] > git config --get commit.template [14ms]
2024-03-27 15:01:53.732 [info] > git for-each-ref --format=%(refname)%00%(upstream:short)%00%(objectname)%00%(upstream:track)%00%(upstream:remotename)%00%(upstream:remoteref) refs/heads/main refs/remotes/main [5ms]
2024-03-27 15:01:53.755 [info] > git status -z -uall [13ms]
2024-03-27 15:01:58.806 [info] > git config --get commit.template [12ms]
2024-03-27 15:01:58.811 [info] > git for-each-ref --format=%(refname)%00%(upstream:short)%00%(objectname)%00%(upstream:track)%00%(upstream:remotename)%00%(upstream:remoteref) refs/heads/main refs/remotes/main [6ms]
2024-03-27 15:01:58.836 [info] > git status -z -uall [15ms]
2024-03-27 15:02:03.867 [info] > git config --get commit.template [2ms]
2024-03-27 15:02:03.881 [info] > git for-each-ref --format=%(refname)%00%(upstream:short)%00%(objectname)%00%(upstream:track)%00%(upstream:remotename)%00%(upstream:remoteref) refs/heads/main refs/remotes/main [3ms]
2024-03-27 15:02:03.902 [info] > git status -z -uall [13ms]
2024-03-27 15:02:08.960 [info] > git config --get commit.template [17ms]
2024-03-27 15:02:08.962 [info] > git for-each-ref --format=%(refname)%00%(upstream:short)%00%(objectname)%00%(upstream:track)%00%(upstream:remotename)%00%(upstream:remoteref) refs/heads/main refs/remotes/main [3ms]
2024-03-27 15:02:08.988 [info] > git status -z -uall [13ms]
2024-03-27 15:02:14.057 [info] > git for-each-ref --format=%(refname)%00%(upstream:short)%00%(objectname)%00%(upstream:track)%00%(upstream:remotename)%00%(upstream:remoteref) refs/heads/main refs/remotes/main [6ms]
2024-03-27 15:02:14.058 [info] > git config --get commit.template [26ms]
2024-03-27 15:02:14.100 [info] > git status -z -uall [33ms]
2024-03-27 15:02:19.158 [info] > git config --get commit.template [19ms]
2024-03-27 15:02:19.160 [info] > git for-each-ref --format=%(refname)%00%(upstream:short)%00%(objectname)%00%(upstream:track)%00%(upstream:remotename)%00%(upstream:remoteref) refs/heads/main refs/remotes/main [2ms]
2024-03-27 15:02:19.188 [info] > git status -z -uall [13ms]
2024-03-27 15:02:24.228 [info] > git config --get commit.template [12ms]
2024-03-27 15:02:24.230 [info] > git for-each-ref --format=%(refname)%00%(upstream:short)%00%(objectname)%00%(upstream:track)%00%(upstream:remotename)%00%(upstream:remoteref) refs/heads/main refs/remotes/main [5ms]
2024-03-27 15:02:24.258 [info] > git status -z -uall [16ms]
2024-03-27 15:02:29.299 [info] > git config --get commit.template [7ms]
2024-03-27 15:02:29.311 [info] > git for-each-ref --format=%(refname)%00%(upstream:short)%00%(objectname)%00%(upstream:track)%00%(upstream:remotename)%00%(upstream:remoteref) refs/heads/main refs/remotes/main [3ms]
2024-03-27 15:02:29.330 [info] > git status -z -uall [12ms]
2024-03-27 15:02:34.361 [info] > git config --get commit.template [2ms]
2024-03-27 15:02:34.374 [info] > git for-each-ref --format=%(refname)%00%(upstream:short)%00%(objectname)%00%(upstream:track)%00%(upstream:remotename)%00%(upstream:remoteref) refs/heads/main refs/remotes/main [4ms]
2024-03-27 15:02:34.396 [info] > git status -z -uall [10ms]
2024-03-27 15:02:39.464 [info] > git config --get commit.template [22ms]
2024-03-27 15:02:39.492 [info] > git for-each-ref --format=%(refname)%00%(upstream:short)%00%(objectname)%00%(upstream:track)%00%(upstream:remotename)%00%(upstream:remoteref) refs/heads/main refs/remotes/main [11ms]
2024-03-27 15:02:39.521 [info] > git status -z -uall [14ms]
2024-03-27 15:02:44.557 [info] > git config --get commit.template [10ms]
2024-03-27 15:02:44.560 [info] > git for-each-ref --format=%(refname)%00%(upstream:short)%00%(objectname)%00%(upstream:track)%00%(upstream:remotename)%00%(upstream:remoteref) refs/heads/main refs/remotes/main [4ms]
2024-03-27 15:02:44.580 [info] > git status -z -uall [11ms]
2024-03-27 15:02:49.611 [info] > git config --get commit.template [2ms]
2024-03-27 15:02:49.625 [info] > git for-each-ref --format=%(refname)%00%(upstream:short)%00%(objectname)%00%(upstream:track)%00%(upstream:remotename)%00%(upstream:remoteref) refs/heads/main refs/remotes/main [3ms]
2024-03-27 15:02:49.654 [info] > git status -z -uall [20ms]
2024-03-27 15:02:54.693 [info] > git config --get commit.template [1ms]
2024-03-27 15:02:54.706 [info] > git for-each-ref --format=%(refname)%00%(upstream:short)%00%(objectname)%00%(upstream:track)%00%(upstream:remotename)%00%(upstream:remoteref) refs/heads/main refs/remotes/main [5ms]
2024-03-27 15:02:54.727 [info] > git status -z -uall [12ms]
2024-03-27 15:02:59.776 [info] > git config --get commit.template [3ms]
2024-03-27 15:02:59.793 [info] > git for-each-ref --format=%(refname)%00%(upstream:short)%00%(objectname)%00%(upstream:track)%00%(upstream:remotename)%00%(upstream:remoteref) refs/heads/main refs/remotes/main [3ms]
2024-03-27 15:02:59.819 [info] > git status -z -uall [15ms]
2024-03-27 15:03:04.864 [info] > git config --get commit.template [10ms]
2024-03-27 15:03:04.866 [info] > git for-each-ref --format=%(refname)%00%(upstream:short)%00%(objectname)%00%(upstream:track)%00%(upstream:remotename)%00%(upstream:remoteref) refs/heads/main refs/remotes/main [3ms]
2024-03-27 15:03:04.886 [info] > git status -z -uall [12ms]
2024-03-27 15:03:09.920 [info] > git config --get commit.template [9ms]
2024-03-27 15:03:09.925 [info] > git for-each-ref --format=%(refname)%00%(upstream:short)%00%(objectname)%00%(upstream:track)%00%(upstream:remotename)%00%(upstream:remoteref) refs/heads/main refs/remotes/main [6ms]
2024-03-27 15:03:09.950 [info] > git status -z -uall [15ms]
2024-03-27 15:03:14.984 [info] > git config --get commit.template [9ms]
2024-03-27 15:03:14.985 [info] > git for-each-ref --format=%(refname)%00%(upstream:short)%00%(objectname)%00%(upstream:track)%00%(upstream:remotename)%00%(upstream:remoteref) refs/heads/main refs/remotes/main [3ms]
2024-03-27 15:03:15.005 [info] > git status -z -uall [12ms]
2024-03-27 15:03:20.042 [info] > git config --get commit.template [12ms]
2024-03-27 15:03:20.044 [info] > git for-each-ref --format=%(refname)%00%(upstream:short)%00%(objectname)%00%(upstream:track)%00%(upstream:remotename)%00%(upstream:remoteref) refs/heads/main refs/remotes/main [3ms]
2024-03-27 15:03:20.068 [info] > git status -z -uall [12ms]
2024-03-27 15:03:25.107 [info] > git config --get commit.template [11ms]
2024-03-27 15:03:25.110 [info] > git for-each-ref --format=%(refname)%00%(upstream:short)%00%(objectname)%00%(upstream:track)%00%(upstream:remotename)%00%(upstream:remoteref) refs/heads/main refs/remotes/main [5ms]
2024-03-27 15:03:25.132 [info] > git status -z -uall [13ms]
2024-03-27 15:03:30.172 [info] > git config --get commit.template [12ms]
2024-03-27 15:03:30.173 [info] > git for-each-ref --format=%(refname)%00%(upstream:short)%00%(objectname)%00%(upstream:track)%00%(upstream:remotename)%00%(upstream:remoteref) refs/heads/main refs/remotes/main [2ms]
2024-03-27 15:03:30.193 [info] > git status -z -uall [11ms]
2024-03-27 15:03:35.233 [info] > git config --get commit.template [12ms]
2024-03-27 15:03:35.238 [info] > git for-each-ref --format=%(refname)%00%(upstream:short)%00%(objectname)%00%(upstream:track)%00%(upstream:remotename)%00%(upstream:remoteref) refs/heads/main refs/remotes/main [6ms]
2024-03-27 15:03:35.259 [info] > git status -z -uall [12ms]
2024-03-27 15:03:40.304 [info] > git config --get commit.template [12ms]
2024-03-27 15:03:40.305 [info] > git for-each-ref --format=%(refname)%00%(upstream:short)%00%(objectname)%00%(upstream:track)%00%(upstream:remotename)%00%(upstream:remoteref) refs/heads/main refs/remotes/main [2ms]
2024-03-27 15:03:40.325 [info] > git status -z -uall [11ms]
2024-03-27 15:03:45.359 [info] > git config --get commit.template [11ms]
2024-03-27 15:03:45.360 [info] > git for-each-ref --format=%(refname)%00%(upstream:short)%00%(objectname)%00%(upstream:track)%00%(upstream:remotename)%00%(upstream:remoteref) refs/heads/main refs/remotes/main [3ms]
2024-03-27 15:03:45.381 [info] > git status -z -uall [12ms]
2024-03-27 15:03:50.414 [info] > git config --get commit.template [2ms]
2024-03-27 15:03:50.427 [info] > git for-each-ref --format=%(refname)%00%(upstream:short)%00%(objectname)%00%(upstream:track)%00%(upstream:remotename)%00%(upstream:remoteref) refs/heads/main refs/remotes/main [3ms]
2024-03-27 15:03:50.450 [info] > git status -z -uall [15ms]
2024-03-27 15:03:55.481 [info] > git config --get commit.template [2ms]
2024-03-27 15:03:55.495 [info] > git for-each-ref --format=%(refname)%00%(upstream:short)%00%(objectname)%00%(upstream:track)%00%(upstream:remotename)%00%(upstream:remoteref) refs/heads/main refs/remotes/main [4ms]
2024-03-27 15:03:55.516 [info] > git status -z -uall [12ms]
2024-03-27 15:04:00.551 [info] > git config --get commit.template [5ms]
2024-03-27 15:04:00.563 [info] > git for-each-ref --format=%(refname)%00%(upstream:short)%00%(objectname)%00%(upstream:track)%00%(upstream:remotename)%00%(upstream:remoteref) refs/heads/main refs/remotes/main [4ms]
2024-03-27 15:04:00.586 [info] > git status -z -uall [14ms]
2024-03-27 15:04:05.624 [info] > git config --get commit.template [11ms]
2024-03-27 15:04:05.626 [info] > git for-each-ref --format=%(refname)%00%(upstream:short)%00%(objectname)%00%(upstream:track)%00%(upstream:remotename)%00%(upstream:remoteref) refs/heads/main refs/remotes/main [3ms]
2024-03-27 15:04:05.644 [info] > git status -z -uall [11ms]
2024-03-27 15:04:10.680 [info] > git config --get commit.template [10ms]
2024-03-27 15:04:10.681 [info] > git for-each-ref --format=%(refname)%00%(upstream:short)%00%(objectname)%00%(upstream:track)%00%(upstream:remotename)%00%(upstream:remoteref) refs/heads/main refs/remotes/main [3ms]
2024-03-27 15:04:10.702 [info] > git status -z -uall [13ms]
2024-03-27 15:04:15.742 [info] > git for-each-ref --format=%(refname)%00%(upstream:short)%00%(objectname)%00%(upstream:track)%00%(upstream:remotename)%00%(upstream:remoteref) refs/heads/main refs/remotes/main [1ms]
2024-03-27 15:04:15.743 [info] > git config --get commit.template [14ms]
2024-03-27 15:04:15.765 [info] > git status -z -uall [13ms]
2024-03-27 15:04:16.015 [info] > git config --local branch.main.github-pr-owner-number [141ms]
2024-03-27 15:04:16.015 [warning] git config failed: Failed to execute git
2024-03-27 15:04:20.808 [info] > git config --get commit.template [11ms]
2024-03-27 15:04:20.810 [info] > git for-each-ref --format=%(refname)%00%(upstream:short)%00%(objectname)%00%(upstream:track)%00%(upstream:remotename)%00%(upstream:remoteref) refs/heads/main refs/remotes/main [4ms]
2024-03-27 15:04:20.834 [info] > git status -z -uall [13ms]
2024-03-27 15:04:25.874 [info] > git config --get commit.template [10ms]
2024-03-27 15:04:25.875 [info] > git for-each-ref --format=%(refname)%00%(upstream:short)%00%(objectname)%00%(upstream:track)%00%(upstream:remotename)%00%(upstream:remoteref) refs/heads/main refs/remotes/main [3ms]
2024-03-27 15:04:25.902 [info] > git status -z -uall [15ms]
2024-03-27 15:04:30.941 [info] > git config --get commit.template [11ms]
2024-03-27 15:04:30.944 [info] > git for-each-ref --format=%(refname)%00%(upstream:short)%00%(objectname)%00%(upstream:track)%00%(upstream:remotename)%00%(upstream:remoteref) refs/heads/main refs/remotes/main [4ms]
2024-03-27 15:04:30.966 [info] > git status -z -uall [13ms]
2024-03-27 15:04:36.004 [info] > git config --get commit.template [2ms]
2024-03-27 15:04:36.019 [info] > git for-each-ref --format=%(refname)%00%(upstream:short)%00%(objectname)%00%(upstream:track)%00%(upstream:remotename)%00%(upstream:remoteref) refs/heads/main refs/remotes/main [5ms]
2024-03-27 15:04:36.040 [info] > git status -z -uall [12ms]
2024-03-27 15:04:41.091 [info] > git config --get commit.template [20ms]
2024-03-27 15:04:41.101 [info] > git for-each-ref --format=%(refname)%00%(upstream:short)%00%(objectname)%00%(upstream:track)%00%(upstream:remotename)%00%(upstream:remoteref) refs/heads/main refs/remotes/main [10ms]
2024-03-27 15:04:41.139 [info] > git status -z -uall [29ms]
2024-03-27 15:04:42.089 [info] > git for-each-ref --format=%(refname)%00%(upstream:short)%00%(objectname)%00%(upstream:track)%00%(upstream:remotename)%00%(upstream:remoteref) refs/heads/main [11ms]
2024-03-27 15:04:42.113 [info] > git for-each-ref --format=%(refname)%00%(upstream:short)%00%(objectname)%00%(upstream:track)%00%(upstream:remotename)%00%(upstream:remoteref) refs/heads/main [1ms]
2024-03-27 15:04:42.141 [info] > git config --local branch.main.vscode-merge-base [2ms]
2024-03-27 15:04:42.141 [warning] git config failed: Failed to execute git
2024-03-27 15:04:42.158 [info] > git reflog refs/heads/main --grep-reflog=branch: Created from *. [3ms]
2024-03-27 15:04:42.184 [info] > git symbolic-ref --short refs/remotes/origin/HEAD [6ms]
2024-03-27 15:04:42.184 [info] fatal: ref refs/remotes/origin/HEAD is not a symbolic ref
2024-03-27 15:04:42.184 [info] GitHistoryProvider:resolveHistoryItemGroupBase - Failed to resolve history item group base for 'refs/heads/main'
2024-03-27 15:04:42.184 [info] GitHistoryProvider:resolveHistoryItemGroupCommonAncestor - Failed to resolve history item group base for 'refs/heads/main'
2024-03-27 15:04:42.872 [info] > git for-each-ref --format=%(refname)%00%(upstream:short)%00%(objectname)%00%(upstream:track)%00%(upstream:remotename)%00%(upstream:remoteref) refs/heads/main [2ms]
2024-03-27 15:04:42.892 [info] > git for-each-ref --format=%(refname)%00%(upstream:short)%00%(objectname)%00%(upstream:track)%00%(upstream:remotename)%00%(upstream:remoteref) refs/heads/main [5ms]
2024-03-27 15:04:42.910 [info] > git config --local branch.main.vscode-merge-base [6ms]
2024-03-27 15:04:42.910 [warning] git config failed: Failed to execute git
2024-03-27 15:04:42.927 [info] > git reflog refs/heads/main --grep-reflog=branch: Created from *. [4ms]
2024-03-27 15:04:42.963 [info] > git symbolic-ref --short refs/remotes/origin/HEAD [19ms]
2024-03-27 15:04:42.963 [info] fatal: ref refs/remotes/origin/HEAD is not a symbolic ref
2024-03-27 15:04:42.963 [info] GitHistoryProvider:resolveHistoryItemGroupBase - Failed to resolve history item group base for 'refs/heads/main'
2024-03-27 15:04:42.963 [info] GitHistoryProvider:resolveHistoryItemGroupCommonAncestor - Failed to resolve history item group base for 'refs/heads/main'
2024-03-27 15:04:43.102 [info] > git for-each-ref --format=%(refname)%00%(upstream:short)%00%(objectname)%00%(upstream:track)%00%(upstream:remotename)%00%(upstream:remoteref) refs/heads/main [3ms]
2024-03-27 15:04:43.125 [info] > git for-each-ref --format=%(refname)%00%(upstream:short)%00%(objectname)%00%(upstream:track)%00%(upstream:remotename)%00%(upstream:remoteref) refs/heads/main [3ms]
2024-03-27 15:04:43.154 [info] > git config --local branch.main.vscode-merge-base [7ms]
2024-03-27 15:04:43.154 [warning] git config failed: Failed to execute git
2024-03-27 15:04:43.172 [info] > git reflog refs/heads/main --grep-reflog=branch: Created from *. [6ms]
2024-03-27 15:04:43.189 [info] > git symbolic-ref --short refs/remotes/origin/HEAD [4ms]
2024-03-27 15:04:43.190 [info] fatal: ref refs/remotes/origin/HEAD is not a symbolic ref
2024-03-27 15:04:43.190 [info] GitHistoryProvider:resolveHistoryItemGroupBase - Failed to resolve history item group base for 'refs/heads/main'
2024-03-27 15:04:43.190 [info] GitHistoryProvider:resolveHistoryItemGroupCommonAncestor - Failed to resolve history item group base for 'refs/heads/main'
2024-03-27 15:04:43.571 [info] > git for-each-ref --format=%(refname)%00%(upstream:short)%00%(objectname)%00%(upstream:track)%00%(upstream:remotename)%00%(upstream:remoteref) refs/heads/main [7ms]
2024-03-27 15:04:43.589 [info] > git for-each-ref --format=%(refname)%00%(upstream:short)%00%(objectname)%00%(upstream:track)%00%(upstream:remotename)%00%(upstream:remoteref) refs/heads/main [4ms]
2024-03-27 15:04:43.617 [info] > git config --local branch.main.vscode-merge-base [7ms]
2024-03-27 15:04:43.618 [warning] git config failed: Failed to execute git
2024-03-27 15:04:43.647 [info] > git reflog refs/heads/main --grep-reflog=branch: Created from *. [10ms]
2024-03-27 15:04:43.669 [info] > git symbolic-ref --short refs/remotes/origin/HEAD [8ms]
2024-03-27 15:04:43.670 [info] fatal: ref refs/remotes/origin/HEAD is not a symbolic ref
2024-03-27 15:04:43.670 [info] GitHistoryProvider:resolveHistoryItemGroupBase - Failed to resolve history item group base for 'refs/heads/main'
2024-03-27 15:04:43.670 [info] GitHistoryProvider:resolveHistoryItemGroupCommonAncestor - Failed to resolve history item group base for 'refs/heads/main'
2024-03-27 15:04:44.472 [info] > git for-each-ref --format=%(refname)%00%(upstream:short)%00%(objectname)%00%(upstream:track)%00%(upstream:remotename)%00%(upstream:remoteref) refs/heads/main [3ms]
2024-03-27 15:04:44.493 [info] > git for-each-ref --format=%(refname)%00%(upstream:short)%00%(objectname)%00%(upstream:track)%00%(upstream:remotename)%00%(upstream:remoteref) refs/heads/main [6ms]
2024-03-27 15:04:44.508 [info] > git config --local branch.main.vscode-merge-base [4ms]
2024-03-27 15:04:44.508 [warning] git config failed: Failed to execute git
2024-03-27 15:04:44.535 [info] > git reflog refs/heads/main --grep-reflog=branch: Created from *. [7ms]
2024-03-27 15:04:44.556 [info] > git symbolic-ref --short refs/remotes/origin/HEAD [10ms]
2024-03-27 15:04:44.556 [info] fatal: ref refs/remotes/origin/HEAD is not a symbolic ref
2024-03-27 15:04:44.557 [info] GitHistoryProvider:resolveHistoryItemGroupBase - Failed to resolve history item group base for 'refs/heads/main'
2024-03-27 15:04:44.557 [info] GitHistoryProvider:resolveHistoryItemGroupCommonAncestor - Failed to resolve history item group base for 'refs/heads/main'
2024-03-27 15:04:44.704 [info] > git for-each-ref --format=%(refname)%00%(upstream:short)%00%(objectname)%00%(upstream:track)%00%(upstream:remotename)%00%(upstream:remoteref) refs/heads/main [5ms]
2024-03-27 15:04:44.724 [info] > git for-each-ref --format=%(refname)%00%(upstream:short)%00%(objectname)%00%(upstream:track)%00%(upstream:remotename)%00%(upstream:remoteref) refs/heads/main [6ms]
2024-03-27 15:04:44.748 [info] > git config --local branch.main.vscode-merge-base [3ms]
2024-03-27 15:04:44.748 [warning] git config failed: Failed to execute git
2024-03-27 15:04:44.776 [info] > git reflog refs/heads/main --grep-reflog=branch: Created from *. [6ms]
2024-03-27 15:04:44.790 [info] > git symbolic-ref --short refs/remotes/origin/HEAD [6ms]
2024-03-27 15:04:44.791 [info] fatal: ref refs/remotes/origin/HEAD is not a symbolic ref
2024-03-27 15:04:44.791 [info] GitHistoryProvider:resolveHistoryItemGroupBase - Failed to resolve history item group base for 'refs/heads/main'
2024-03-27 15:04:44.791 [info] GitHistoryProvider:resolveHistoryItemGroupCommonAncestor - Failed to resolve history item group base for 'refs/heads/main'
2024-03-27 15:04:46.194 [info] > git config --get commit.template [12ms]
2024-03-27 15:04:46.197 [info] > git for-each-ref --format=%(refname)%00%(upstream:short)%00%(objectname)%00%(upstream:track)%00%(upstream:remotename)%00%(upstream:remoteref) refs/heads/main refs/remotes/main [4ms]
2024-03-27 15:04:46.225 [info] > git status -z -uall [18ms]
