2024-03-27 15:26:13.492 [info] Extension host with pid 14552 started
2024-03-27 15:26:13.492 [info] Skipping acquiring lock for /root/docker/~/vscode/User/workspaceStorage/814fb4e0ea067e0160cf1ea1830b3d6d.
2024-03-27 15:26:13.803 [info] ExtensionService#_doActivateExtension vscode.git-base, startup: true, activationEvent: '*', root cause: vscode.git
2024-03-27 15:26:13.952 [info] ExtensionService#_doActivateExtension vscode.git, startup: true, activationEvent: '*'
2024-03-27 15:26:14.092 [info] ExtensionService#_doActivateExtension vscode.github, startup: true, activationEvent: '*'
2024-03-27 15:26:14.307 [info] Eager extensions activated
2024-03-27 15:26:14.396 [info] ExtensionService#_doActivateExtension vscode.debug-auto-launch, startup: false, activationEvent: 'onStartupFinished'
2024-03-27 15:26:14.404 [info] ExtensionService#_doActivateExtension vscode.merge-conflict, startup: false, activationEvent: 'onStartupFinished'
2024-03-27 15:26:14.421 [info] ExtensionService#_doActivateExtension vscode.github-authentication, startup: false, activationEvent: 'onStartupFinished', root cause: GitHub.vscode-pull-request-github
2024-03-27 15:26:14.486 [info] ExtensionService#_doActivateExtension ms-vscode-remote.remote-containers, startup: false, activationEvent: 'onStartupFinished'
2024-03-27 15:26:14.589 [info] ExtensionService#_doActivateExtension ms-vscode-remote.remote-wsl, startup: false, activationEvent: 'onStartupFinished'
2024-03-27 15:26:14.828 [info] ExtensionService#_doActivateExtension GitHub.vscode-pull-request-github, startup: false, activationEvent: 'onStartupFinished'
2024-03-27 15:26:15.390 [warning] [Decorations] CAPPING events from decorations provider vscode.git 1062
2024-03-27 15:26:16.630 [warning] [Decorations] CAPPING events from decorations provider vscode.git 1065
2024-03-27 15:26:18.190 [info] ExtensionService#_doActivateExtension vscode.emmet, startup: false, activationEvent: 'onLanguage'
2024-03-27 15:26:21.798 [warning] [Decorations] CAPPING events from decorations provider vscode.git 1065
2024-03-27 15:26:27.099 [warning] [Decorations] CAPPING events from decorations provider vscode.git 1064
2024-03-27 15:28:17.817 [warning] [Decorations] CAPPING events from decorations provider vscode.git 1064
2024-03-27 15:28:22.933 [warning] [Decorations] CAPPING events from decorations provider vscode.git 1064
2024-03-27 15:28:28.060 [warning] [Decorations] CAPPING events from decorations provider vscode.git 1064
2024-03-27 15:28:33.133 [warning] [Decorations] CAPPING events from decorations provider vscode.git 1064
2024-03-27 15:28:38.242 [warning] [Decorations] CAPPING events from decorations provider vscode.git 1064
2024-03-27 15:28:48.130 [warning] [Decorations] CAPPING events from decorations provider vscode.git 1064
2024-03-27 15:28:53.236 [warning] [Decorations] CAPPING events from decorations provider vscode.git 1068
2024-03-27 15:28:58.335 [warning] [Decorations] CAPPING events from decorations provider vscode.git 1068
2024-03-27 15:29:03.595 [warning] [Decorations] CAPPING events from decorations provider vscode.git 1081
2024-03-27 15:29:08.710 [warning] [Decorations] CAPPING events from decorations provider vscode.git 1088
2024-03-27 15:29:15.332 [warning] [Decorations] CAPPING events from decorations provider vscode.git 1088
2024-03-27 15:29:55.277 [warning] [Decorations] CAPPING events from decorations provider vscode.git 1088
2024-03-27 15:30:00.368 [warning] [Decorations] CAPPING events from decorations provider vscode.git 1088
2024-03-27 15:30:05.471 [warning] [Decorations] CAPPING events from decorations provider vscode.git 1088
2024-03-27 15:30:09.597 [info] ExtensionService#_doActivateExtension vscode.npm, startup: false, activationEvent: 'onTerminalQuickFixRequest:ms-vscode.npm-command'
2024-03-27 15:30:10.552 [warning] [Decorations] CAPPING events from decorations provider vscode.git 1088
2024-03-27 15:30:15.647 [warning] [Decorations] CAPPING events from decorations provider vscode.git 1088
2024-03-27 15:30:20.725 [warning] [Decorations] CAPPING events from decorations provider vscode.git 1089
2024-03-27 15:30:25.805 [warning] [Decorations] CAPPING events from decorations provider vscode.git 1089
2024-03-27 15:30:30.881 [warning] [Decorations] CAPPING events from decorations provider vscode.git 1089
2024-03-27 15:30:36.023 [warning] [Decorations] CAPPING events from decorations provider vscode.git 1089
2024-03-27 15:30:50.197 [warning] [Decorations] CAPPING events from decorations provider vscode.git 1089
2024-03-27 15:30:55.328 [warning] [Decorations] CAPPING events from decorations provider vscode.git 1089
2024-03-27 15:31:46.939 [warning] [Decorations] CAPPING events from decorations provider vscode.git 1090
2024-03-27 15:31:52.033 [warning] [Decorations] CAPPING events from decorations provider vscode.git 1090
2024-03-27 15:31:57.107 [warning] [Decorations] CAPPING events from decorations provider vscode.git 1090
2024-03-27 15:32:02.189 [warning] [Decorations] CAPPING events from decorations provider vscode.git 1090
2024-03-27 15:32:07.383 [warning] [Decorations] CAPPING events from decorations provider vscode.git 1090
2024-03-27 15:32:12.595 [warning] [Decorations] CAPPING events from decorations provider vscode.git 1090
2024-03-27 15:32:17.711 [warning] [Decorations] CAPPING events from decorations provider vscode.git 1090
2024-03-27 15:32:22.812 [warning] [Decorations] CAPPING events from decorations provider vscode.git 1090
2024-03-27 15:32:27.922 [warning] [Decorations] CAPPING events from decorations provider vscode.git 1090
2024-03-27 15:32:33.013 [warning] [Decorations] CAPPING events from decorations provider vscode.git 1090
2024-03-27 15:32:38.224 [warning] [Decorations] CAPPING events from decorations provider vscode.git 1090
2024-03-27 15:32:43.330 [warning] [Decorations] CAPPING events from decorations provider vscode.git 1090
2024-03-27 15:32:48.422 [warning] [Decorations] CAPPING events from decorations provider vscode.git 1090
2024-03-27 15:32:53.512 [warning] [Decorations] CAPPING events from decorations provider vscode.git 1090
2024-03-27 15:32:58.605 [warning] [Decorations] CAPPING events from decorations provider vscode.git 1090
2024-03-27 15:33:03.687 [warning] [Decorations] CAPPING events from decorations provider vscode.git 1090
2024-03-27 15:33:08.768 [warning] [Decorations] CAPPING events from decorations provider vscode.git 1090
2024-03-27 15:33:13.866 [warning] [Decorations] CAPPING events from decorations provider vscode.git 1090
