2024-03-27 15:10:41.940 [info] Log level: Info
2024-03-27 15:10:41.941 [info] Validating found git in: "git"
2024-03-27 15:10:41.941 [info] Using git "2.43.0" from "git"
2024-03-27 15:10:41.947 [info] > git rev-parse --show-toplevel [13ms]
2024-03-27 15:10:41.971 [info] > git rev-parse --git-dir --git-common-dir [9ms]
2024-03-27 15:10:41.995 [info] Open repository: /root/docker
2024-03-27 15:10:42.026 [info] > git config --get commit.template [20ms]
2024-03-27 15:10:42.046 [info] > git rev-parse --show-toplevel [25ms]
2024-03-27 15:10:42.080 [info] > git for-each-ref --format=%(refname)%00%(upstream:short)%00%(objectname)%00%(upstream:track)%00%(upstream:remotename)%00%(upstream:remoteref) refs/heads/main refs/remotes/main [19ms]
2024-03-27 15:10:42.184 [info] > git status -z -uall [89ms]
2024-03-27 15:10:42.410 [info] > git rev-parse --show-toplevel [333ms]
2024-03-27 15:10:44.455 [info] > git rev-parse --show-toplevel [293ms]
2024-03-27 15:10:44.456 [info] > git config --get commit.template [318ms]
2024-03-27 15:10:44.902 [info] > git check-ignore -v -z --stdin [55ms]
2024-03-27 15:10:44.903 [info] > git rev-parse --show-toplevel [157ms]
2024-03-27 15:10:44.999 [info] > git for-each-ref --format=%(refname)%00%(upstream:short)%00%(objectname)%00%(upstream:track)%00%(upstream:remotename)%00%(upstream:remoteref) refs/heads/main refs/remotes/main [101ms]
2024-03-27 15:10:45.035 [info] > git rev-parse --show-toplevel [39ms]
2024-03-27 15:10:45.084 [info] > git rev-parse --show-toplevel [5ms]
2024-03-27 15:10:45.442 [info] > git status -z -uall [417ms]
2024-03-27 15:10:46.397 [info] > git rev-parse --show-toplevel [958ms]
2024-03-27 15:10:46.447 [info] > git rev-parse --show-toplevel [24ms]
2024-03-27 15:10:46.528 [info] > git rev-parse --show-toplevel [59ms]
2024-03-27 15:10:46.592 [info] > git rev-parse --show-toplevel [14ms]
2024-03-27 15:10:46.680 [info] > git rev-parse --show-toplevel [42ms]
2024-03-27 15:10:46.764 [info] > git rev-parse --show-toplevel [13ms]
2024-03-27 15:10:46.801 [info] > git rev-parse --show-toplevel [17ms]
2024-03-27 15:10:46.822 [info] > git rev-parse --show-toplevel [3ms]
2024-03-27 15:10:46.840 [info] > git rev-parse --show-toplevel [4ms]
2024-03-27 15:10:46.877 [info] > git rev-parse --show-toplevel [6ms]
2024-03-27 15:10:46.904 [info] > git rev-parse --show-toplevel [14ms]
2024-03-27 15:10:46.936 [info] > git rev-parse --show-toplevel [17ms]
2024-03-27 15:10:49.376 [info] > git config --local branch.main.github-pr-owner-number [74ms]
2024-03-27 15:10:49.376 [warning] git config failed: Failed to execute git
2024-03-27 15:10:49.480 [info] > git config --local branch.main.remote [74ms]
2024-03-27 15:10:49.480 [warning] git config failed: Failed to execute git
2024-03-27 15:10:49.540 [info] > git config --local branch.main.merge [41ms]
2024-03-27 15:10:49.540 [warning] git config failed: Failed to execute git
2024-03-27 15:10:52.025 [info] > git for-each-ref --format=%(refname)%00%(upstream:short)%00%(objectname)%00%(upstream:track)%00%(upstream:remotename)%00%(upstream:remoteref) refs/heads/main refs/remotes/main [21ms]
2024-03-27 15:10:52.026 [info] > git config --get commit.template [32ms]
2024-03-27 15:10:52.066 [info] > git status -z -uall [23ms]
2024-03-27 15:10:57.236 [info] > git config --get commit.template [23ms]
2024-03-27 15:10:57.243 [info] > git for-each-ref --format=%(refname)%00%(upstream:short)%00%(objectname)%00%(upstream:track)%00%(upstream:remotename)%00%(upstream:remoteref) refs/heads/main refs/remotes/main [9ms]
2024-03-27 15:10:57.275 [info] > git status -z -uall [23ms]
2024-03-27 15:10:59.500 [info] > git for-each-ref --format=%(refname)%00%(upstream:short)%00%(objectname)%00%(upstream:track)%00%(upstream:remotename)%00%(upstream:remoteref) refs/heads/main [3ms]
2024-03-27 15:10:59.532 [info] > git for-each-ref --format=%(refname)%00%(upstream:short)%00%(objectname)%00%(upstream:track)%00%(upstream:remotename)%00%(upstream:remoteref) refs/heads/main [5ms]
2024-03-27 15:10:59.564 [info] > git config --local branch.main.vscode-merge-base [2ms]
2024-03-27 15:10:59.565 [warning] git config failed: Failed to execute git
2024-03-27 15:10:59.598 [info] > git reflog refs/heads/main --grep-reflog=branch: Created from *. [3ms]
2024-03-27 15:10:59.621 [info] > git symbolic-ref --short refs/remotes/origin/HEAD [5ms]
2024-03-27 15:10:59.621 [info] fatal: ref refs/remotes/origin/HEAD is not a symbolic ref
2024-03-27 15:10:59.622 [info] GitHistoryProvider:resolveHistoryItemGroupBase - Failed to resolve history item group base for 'refs/heads/main'
2024-03-27 15:10:59.622 [info] GitHistoryProvider:resolveHistoryItemGroupCommonAncestor - Failed to resolve history item group base for 'refs/heads/main'
2024-03-27 15:11:00.076 [info] > git for-each-ref --format=%(refname)%00%(upstream:short)%00%(objectname)%00%(upstream:track)%00%(upstream:remotename)%00%(upstream:remoteref) refs/heads/main [5ms]
2024-03-27 15:11:00.146 [info] > git for-each-ref --format=%(refname)%00%(upstream:short)%00%(objectname)%00%(upstream:track)%00%(upstream:remotename)%00%(upstream:remoteref) refs/heads/main [12ms]
2024-03-27 15:11:00.180 [info] > git config --local branch.main.vscode-merge-base [10ms]
2024-03-27 15:11:00.180 [warning] git config failed: Failed to execute git
2024-03-27 15:11:00.203 [info] > git reflog refs/heads/main --grep-reflog=branch: Created from *. [4ms]
2024-03-27 15:11:00.294 [info] > git symbolic-ref --short refs/remotes/origin/HEAD [72ms]
2024-03-27 15:11:00.295 [info] fatal: ref refs/remotes/origin/HEAD is not a symbolic ref
2024-03-27 15:11:00.295 [info] GitHistoryProvider:resolveHistoryItemGroupBase - Failed to resolve history item group base for 'refs/heads/main'
2024-03-27 15:11:00.295 [info] GitHistoryProvider:resolveHistoryItemGroupCommonAncestor - Failed to resolve history item group base for 'refs/heads/main'
2024-03-27 15:11:00.999 [info] > git check-ignore -v -z --stdin [30ms]
2024-03-27 15:11:02.338 [info] > git config --get commit.template [20ms]
2024-03-27 15:11:02.340 [info] > git for-each-ref --format=%(refname)%00%(upstream:short)%00%(objectname)%00%(upstream:track)%00%(upstream:remotename)%00%(upstream:remoteref) refs/heads/main refs/remotes/main [4ms]
2024-03-27 15:11:02.372 [info] > git status -z -uall [20ms]
2024-03-27 15:11:07.494 [info] > git config --get commit.template [24ms]
2024-03-27 15:11:07.500 [info] > git for-each-ref --format=%(refname)%00%(upstream:short)%00%(objectname)%00%(upstream:track)%00%(upstream:remotename)%00%(upstream:remoteref) refs/heads/main refs/remotes/main [7ms]
2024-03-27 15:11:07.587 [info] > git status -z -uall [46ms]
2024-03-27 15:11:12.803 [info] > git config --get commit.template [33ms]
2024-03-27 15:11:12.935 [info] > git for-each-ref --format=%(refname)%00%(upstream:short)%00%(objectname)%00%(upstream:track)%00%(upstream:remotename)%00%(upstream:remoteref) refs/heads/main refs/remotes/main [22ms]
2024-03-27 15:11:13.155 [info] > git status -z -uall [97ms]
2024-03-27 15:11:18.602 [info] > git config --get commit.template [93ms]
2024-03-27 15:11:18.603 [info] > git for-each-ref --format=%(refname)%00%(upstream:short)%00%(objectname)%00%(upstream:track)%00%(upstream:remotename)%00%(upstream:remoteref) refs/heads/main refs/remotes/main [12ms]
2024-03-27 15:11:18.915 [info] > git status -z -uall [56ms]
2024-03-27 15:11:24.360 [info] > git config --get commit.template [147ms]
2024-03-27 15:11:24.767 [info] > git for-each-ref --format=%(refname)%00%(upstream:short)%00%(objectname)%00%(upstream:track)%00%(upstream:remotename)%00%(upstream:remoteref) refs/heads/main refs/remotes/main [286ms]
2024-03-27 15:11:24.959 [info] > git status -z -uall [23ms]
2024-03-27 15:11:30.801 [info] > git config --get commit.template [27ms]
2024-03-27 15:11:30.899 [info] > git for-each-ref --format=%(refname)%00%(upstream:short)%00%(objectname)%00%(upstream:track)%00%(upstream:remotename)%00%(upstream:remoteref) refs/heads/main refs/remotes/main [4ms]
2024-03-27 15:11:31.361 [info] > git status -z -uall [382ms]
2024-03-27 15:11:37.428 [info] > git for-each-ref --format=%(refname)%00%(upstream:short)%00%(objectname)%00%(upstream:track)%00%(upstream:remotename)%00%(upstream:remoteref) refs/heads/main refs/remotes/main [42ms]
2024-03-27 15:11:37.430 [info] > git config --get commit.template [252ms]
2024-03-27 15:11:37.498 [info] > git status -z -uall [33ms]
2024-03-27 15:11:43.093 [info] > git config --get commit.template [160ms]
2024-03-27 15:11:43.167 [info] > git for-each-ref --format=%(refname)%00%(upstream:short)%00%(objectname)%00%(upstream:track)%00%(upstream:remotename)%00%(upstream:remoteref) refs/heads/main refs/remotes/main [81ms]
2024-03-27 15:11:43.496 [info] > git status -z -uall [65ms]
2024-03-27 15:11:48.996 [info] > git config --get commit.template [51ms]
2024-03-27 15:11:49.016 [info] > git for-each-ref --format=%(refname)%00%(upstream:short)%00%(objectname)%00%(upstream:track)%00%(upstream:remotename)%00%(upstream:remoteref) refs/heads/main refs/remotes/main [21ms]
2024-03-27 15:11:49.128 [info] > git status -z -uall [21ms]
2024-03-27 15:11:54.470 [info] > git config --get commit.template [155ms]
2024-03-27 15:11:54.516 [info] > git for-each-ref --format=%(refname)%00%(upstream:short)%00%(objectname)%00%(upstream:track)%00%(upstream:remotename)%00%(upstream:remoteref) refs/heads/main refs/remotes/main [65ms]
2024-03-27 15:11:54.619 [info] > git status -z -uall [37ms]
2024-03-27 15:11:59.957 [info] > git for-each-ref --format=%(refname)%00%(upstream:short)%00%(objectname)%00%(upstream:track)%00%(upstream:remotename)%00%(upstream:remoteref) refs/heads/main refs/remotes/main [2ms]
2024-03-27 15:11:59.958 [info] > git config --get commit.template [92ms]
2024-03-27 15:12:00.170 [info] > git status -z -uall [132ms]
2024-03-27 15:12:05.464 [info] > git config --get commit.template [99ms]
2024-03-27 15:12:05.673 [info] > git for-each-ref --format=%(refname)%00%(upstream:short)%00%(objectname)%00%(upstream:track)%00%(upstream:remotename)%00%(upstream:remoteref) refs/heads/main refs/remotes/main [92ms]
2024-03-27 15:12:05.719 [info] > git status -z -uall [29ms]
2024-03-27 15:12:10.877 [info] > git config --get commit.template [27ms]
2024-03-27 15:12:10.927 [info] > git for-each-ref --format=%(refname)%00%(upstream:short)%00%(objectname)%00%(upstream:track)%00%(upstream:remotename)%00%(upstream:remoteref) refs/heads/main refs/remotes/main [6ms]
2024-03-27 15:12:11.141 [info] > git status -z -uall [120ms]
2024-03-27 15:12:16.554 [info] > git config --get commit.template [114ms]
2024-03-27 15:12:16.582 [info] > git for-each-ref --format=%(refname)%00%(upstream:short)%00%(objectname)%00%(upstream:track)%00%(upstream:remotename)%00%(upstream:remoteref) refs/heads/main refs/remotes/main [32ms]
2024-03-27 15:12:16.962 [info] > git status -z -uall [145ms]
2024-03-27 15:12:22.115 [info] > git for-each-ref --format=%(refname)%00%(upstream:short)%00%(objectname)%00%(upstream:track)%00%(upstream:remotename)%00%(upstream:remoteref) refs/heads/main refs/remotes/main [5ms]
2024-03-27 15:12:22.116 [info] > git config --get commit.template [26ms]
2024-03-27 15:12:22.152 [info] > git status -z -uall [18ms]
2024-03-27 15:12:27.596 [info] > git config --get commit.template [21ms]
2024-03-27 15:12:27.714 [info] > git for-each-ref --format=%(refname)%00%(upstream:short)%00%(objectname)%00%(upstream:track)%00%(upstream:remotename)%00%(upstream:remoteref) refs/heads/main refs/remotes/main [64ms]
2024-03-27 15:12:27.915 [info] > git status -z -uall [99ms]
2024-03-27 15:12:33.488 [info] > git config --get commit.template [136ms]
2024-03-27 15:12:33.618 [info] > git for-each-ref --format=%(refname)%00%(upstream:short)%00%(objectname)%00%(upstream:track)%00%(upstream:remotename)%00%(upstream:remoteref) refs/heads/main refs/remotes/main [22ms]
2024-03-27 15:12:33.735 [info] > git status -z -uall [31ms]
2024-03-27 15:12:39.201 [info] > git config --get commit.template [223ms]
2024-03-27 15:12:39.202 [info] > git for-each-ref --format=%(refname)%00%(upstream:short)%00%(objectname)%00%(upstream:track)%00%(upstream:remotename)%00%(upstream:remoteref) refs/heads/main refs/remotes/main [71ms]
2024-03-27 15:12:39.433 [info] > git status -z -uall [160ms]
2024-03-27 15:12:44.862 [info] > git config --get commit.template [167ms]
2024-03-27 15:12:44.873 [info] > git for-each-ref --format=%(refname)%00%(upstream:short)%00%(objectname)%00%(upstream:track)%00%(upstream:remotename)%00%(upstream:remoteref) refs/heads/main refs/remotes/main [48ms]
2024-03-27 15:12:45.109 [info] > git status -z -uall [162ms]
2024-03-27 15:12:50.186 [info] > git config --get commit.template [12ms]
2024-03-27 15:12:50.281 [info] > git for-each-ref --format=%(refname)%00%(upstream:short)%00%(objectname)%00%(upstream:track)%00%(upstream:remotename)%00%(upstream:remoteref) refs/heads/main refs/remotes/main [20ms]
2024-03-27 15:12:50.472 [info] > git status -z -uall [9ms]
2024-03-27 15:12:55.952 [info] > git config --get commit.template [78ms]
2024-03-27 15:12:56.058 [info] > git for-each-ref --format=%(refname)%00%(upstream:short)%00%(objectname)%00%(upstream:track)%00%(upstream:remotename)%00%(upstream:remoteref) refs/heads/main refs/remotes/main [15ms]
2024-03-27 15:12:56.281 [info] > git status -z -uall [93ms]
2024-03-27 15:13:01.657 [info] > git for-each-ref --format=%(refname)%00%(upstream:short)%00%(objectname)%00%(upstream:track)%00%(upstream:remotename)%00%(upstream:remoteref) refs/heads/main refs/remotes/main [5ms]
2024-03-27 15:13:01.664 [info] > git config --get commit.template [62ms]
2024-03-27 15:13:01.905 [info] > git status -z -uall [61ms]
2024-03-27 15:13:07.249 [info] > git config --get commit.template [150ms]
2024-03-27 15:13:07.367 [info] > git for-each-ref --format=%(refname)%00%(upstream:short)%00%(objectname)%00%(upstream:track)%00%(upstream:remotename)%00%(upstream:remoteref) refs/heads/main refs/remotes/main [21ms]
2024-03-27 15:13:07.405 [info] > git status -z -uall [28ms]
2024-03-27 15:13:12.563 [info] > git config --get commit.template [26ms]
2024-03-27 15:13:12.686 [info] > git for-each-ref --format=%(refname)%00%(upstream:short)%00%(objectname)%00%(upstream:track)%00%(upstream:remotename)%00%(upstream:remoteref) refs/heads/main refs/remotes/main [1ms]
2024-03-27 15:13:12.929 [info] > git status -z -uall [96ms]
2024-03-27 15:13:18.029 [info] > git config --get commit.template [5ms]
2024-03-27 15:13:18.122 [info] > git for-each-ref --format=%(refname)%00%(upstream:short)%00%(objectname)%00%(upstream:track)%00%(upstream:remotename)%00%(upstream:remoteref) refs/heads/main refs/remotes/main [41ms]
2024-03-27 15:13:18.217 [info] > git status -z -uall [81ms]
2024-03-27 15:13:23.364 [info] > git for-each-ref --format=%(refname)%00%(upstream:short)%00%(objectname)%00%(upstream:track)%00%(upstream:remotename)%00%(upstream:remoteref) refs/heads/main refs/remotes/main [4ms]
2024-03-27 15:13:23.364 [info] > git config --get commit.template [30ms]
2024-03-27 15:13:23.413 [info] > git status -z -uall [41ms]
2024-03-27 15:13:28.612 [info] > git for-each-ref --format=%(refname)%00%(upstream:short)%00%(objectname)%00%(upstream:track)%00%(upstream:remotename)%00%(upstream:remoteref) refs/heads/main refs/remotes/main [4ms]
2024-03-27 15:13:28.617 [info] > git config --get commit.template [57ms]
2024-03-27 15:13:28.700 [info] > git status -z -uall [6ms]
2024-03-27 15:13:34.163 [info] > git config --get commit.template [2ms]
2024-03-27 15:13:34.314 [info] > git for-each-ref --format=%(refname)%00%(upstream:short)%00%(objectname)%00%(upstream:track)%00%(upstream:remotename)%00%(upstream:remoteref) refs/heads/main refs/remotes/main [1ms]
2024-03-27 15:13:34.532 [info] > git status -z -uall [78ms]
