2024-03-27 15:10:39.852 [info] Extension host with pid 13427 started
2024-03-27 15:10:39.868 [info] Skipping acquiring lock for /root/docker/~/vscode/User/workspaceStorage/814fb4e0ea067e0160cf1ea1830b3d6d.
2024-03-27 15:10:40.535 [info] ExtensionService#_doActivateExtension vscode.git-base, startup: true, activationEvent: '*', root cause: vscode.git
2024-03-27 15:10:41.319 [info] ExtensionService#_doActivateExtension vscode.git, startup: true, activationEvent: '*'
2024-03-27 15:10:41.432 [info] ExtensionService#_doActivateExtension vscode.github, startup: true, activationEvent: '*'
2024-03-27 15:10:41.917 [info] Eager extensions activated
2024-03-27 15:10:42.098 [info] ExtensionService#_doActivateExtension vscode.debug-auto-launch, startup: false, activationEvent: 'onStartupFinished'
2024-03-27 15:10:42.108 [info] ExtensionService#_doActivateExtension vscode.merge-conflict, startup: false, activationEvent: 'onStartupFinished'
2024-03-27 15:10:42.135 [info] ExtensionService#_doActivateExtension vscode.github-authentication, startup: false, activationEvent: 'onStartupFinished', root cause: GitHub.vscode-pull-request-github
2024-03-27 15:10:42.393 [warning] [Decorations] CAPPING events from decorations provider vscode.git 1041
2024-03-27 15:10:42.413 [info] ExtensionService#_doActivateExtension ms-vscode-remote.remote-containers, startup: false, activationEvent: 'onStartupFinished'
2024-03-27 15:10:42.640 [info] ExtensionService#_doActivateExtension ms-vscode-remote.remote-wsl, startup: false, activationEvent: 'onStartupFinished'
2024-03-27 15:10:45.106 [info] ExtensionService#_doActivateExtension GitHub.vscode-pull-request-github, startup: false, activationEvent: 'onStartupFinished'
2024-03-27 15:10:45.530 [warning] [Decorations] CAPPING events from decorations provider vscode.git 1042
2024-03-27 15:10:52.166 [warning] [Decorations] CAPPING events from decorations provider vscode.git 1045
2024-03-27 15:10:57.295 [warning] [Decorations] CAPPING events from decorations provider vscode.git 1045
2024-03-27 15:11:00.561 [info] ExtensionService#_doActivateExtension vscode.emmet, startup: false, activationEvent: 'onLanguage'
2024-03-27 15:11:02.404 [warning] [Decorations] CAPPING events from decorations provider vscode.git 1045
2024-03-27 15:11:07.691 [warning] [Decorations] CAPPING events from decorations provider vscode.git 1045
2024-03-27 15:11:13.316 [warning] [Decorations] CAPPING events from decorations provider vscode.git 1045
2024-03-27 15:11:19.042 [warning] [Decorations] CAPPING events from decorations provider vscode.git 1045
2024-03-27 15:11:25.151 [warning] [Decorations] CAPPING events from decorations provider vscode.git 1045
2024-03-27 15:11:31.536 [warning] [Decorations] CAPPING events from decorations provider vscode.git 1045
2024-03-27 15:11:37.642 [warning] [Decorations] CAPPING events from decorations provider vscode.git 1045
2024-03-27 15:11:43.703 [warning] [Decorations] CAPPING events from decorations provider vscode.git 1045
2024-03-27 15:11:49.159 [warning] [Decorations] CAPPING events from decorations provider vscode.git 1045
2024-03-27 15:11:54.662 [warning] [Decorations] CAPPING events from decorations provider vscode.git 1045
2024-03-27 15:12:00.262 [warning] [Decorations] CAPPING events from decorations provider vscode.git 1045
2024-03-27 15:12:05.785 [warning] [Decorations] CAPPING events from decorations provider vscode.git 1045
2024-03-27 15:12:11.262 [warning] [Decorations] CAPPING events from decorations provider vscode.git 1045
2024-03-27 15:12:17.013 [warning] [Decorations] CAPPING events from decorations provider vscode.git 1045
2024-03-27 15:12:22.171 [warning] [Decorations] CAPPING events from decorations provider vscode.git 1045
2024-03-27 15:12:27.962 [warning] [Decorations] CAPPING events from decorations provider vscode.git 1045
2024-03-27 15:12:33.754 [warning] [Decorations] CAPPING events from decorations provider vscode.git 1045
2024-03-27 15:12:39.585 [warning] [Decorations] CAPPING events from decorations provider vscode.git 1045
2024-03-27 15:12:45.143 [warning] [Decorations] CAPPING events from decorations provider vscode.git 1045
2024-03-27 15:12:50.514 [warning] [Decorations] CAPPING events from decorations provider vscode.git 1045
2024-03-27 15:12:56.330 [warning] [Decorations] CAPPING events from decorations provider vscode.git 1045
2024-03-27 15:13:01.983 [warning] [Decorations] CAPPING events from decorations provider vscode.git 1045
2024-03-27 15:13:07.445 [warning] [Decorations] CAPPING events from decorations provider vscode.git 1045
2024-03-27 15:13:12.941 [warning] [Decorations] CAPPING events from decorations provider vscode.git 1045
2024-03-27 15:13:18.313 [warning] [Decorations] CAPPING events from decorations provider vscode.git 1045
2024-03-27 15:13:23.442 [warning] [Decorations] CAPPING events from decorations provider vscode.git 1045
2024-03-27 15:13:29.009 [warning] [Decorations] CAPPING events from decorations provider vscode.git 1045
2024-03-27 15:13:34.641 [warning] [Decorations] CAPPING events from decorations provider vscode.git 1045
2024-03-27 15:13:38.084 [info] Extension host terminating: renderer closed the MessagePort
2024-03-27 15:13:38.969 [error] Canceled: Canceled
	at new $ (/usr/share/code/resources/app/out/vs/workbench/api/node/extensionHostProcess.js:140:45885)
	at s.U (/usr/share/code/resources/app/out/vs/workbench/api/node/extensionHostProcess.js:147:5556)
	at z.<computed>.T.charCodeAt.z.<computed> (/usr/share/code/resources/app/out/vs/workbench/api/node/extensionHostProcess.js:147:3007)
	at l.g (/usr/share/code/resources/app/out/vs/workbench/api/node/extensionHostProcess.js:150:184300)
	at l.executeCommand (/usr/share/code/resources/app/out/vs/workbench/api/node/extensionHostProcess.js:150:183738)
	at f.registerCommand.description (/usr/share/code/resources/app/out/vs/workbench/api/node/extensionHostProcess.js:150:183062)
	at l.h (/usr/share/code/resources/app/out/vs/workbench/api/node/extensionHostProcess.js:150:184839)
	at l.g (/usr/share/code/resources/app/out/vs/workbench/api/node/extensionHostProcess.js:150:183831)
	at l.executeCommand (/usr/share/code/resources/app/out/vs/workbench/api/node/extensionHostProcess.js:150:183738)
	at Object.executeCommand (/usr/share/code/resources/app/out/vs/workbench/api/node/extensionHostProcess.js:160:21654)
	at w.O [as value] (/usr/share/code/resources/app/extensions/git/dist/main.js:2:943479)
	at n.y (/usr/share/code/resources/app/out/vs/workbench/api/node/extensionHostProcess.js:80:1902)
	at n.z (/usr/share/code/resources/app/out/vs/workbench/api/node/extensionHostProcess.js:80:1972)
	at n.fire (/usr/share/code/resources/app/out/vs/workbench/api/node/extensionHostProcess.js:80:2188)
	at Object.m [as dispose] (/usr/share/code/resources/app/extensions/git/dist/main.js:2:962791)
	at /usr/share/code/resources/app/extensions/git/dist/main.js:2:968825
	at Array.forEach (<anonymous>)
	at f.dispose (/usr/share/code/resources/app/extensions/git/dist/main.js:2:968811)
	at u.<anonymous> (/usr/share/code/resources/app/out/vs/workbench/api/node/extensionHostProcess.js:148:3704)
	at u.dispose (/usr/share/code/resources/app/out/vs/workbench/api/node/extensionHostProcess.js:148:3801)
	at u.<anonymous> (/usr/share/code/resources/app/extensions/git/dist/main.js:2:945736)
	at u.dispose (/usr/share/code/resources/app/out/vs/workbench/api/node/extensionHostProcess.js:148:3801)
	at o (/usr/share/code/resources/app/out/vs/workbench/api/node/extensionHostProcess.js:30:754)
	at w.cb (/usr/share/code/resources/app/out/vs/workbench/api/node/extensionHostProcess.js:156:9882)
	at /usr/share/code/resources/app/out/vs/workbench/api/node/extensionHostProcess.js:156:7816
	at Array.map (<anonymous>)
	at w.Y (/usr/share/code/resources/app/out/vs/workbench/api/node/extensionHostProcess.js:156:7803)
	at w.terminate (/usr/share/code/resources/app/out/vs/workbench/api/node/extensionHostProcess.js:156:8076)
	at o.terminate (/usr/share/code/resources/app/out/vs/workbench/api/node/extensionHostProcess.js:160:1513)
	at t (/usr/share/code/resources/app/out/vs/workbench/api/node/extensionHostProcess.js:173:9949)
	at MessagePortMain.<anonymous> (/usr/share/code/resources/app/out/vs/workbench/api/node/extensionHostProcess.js:173:6374)
	at MessagePortMain.emit (node:events:514:28)
	at Object.emit (node:electron/js2c/utility_init:2:2285) setContext undefined
2024-03-27 15:13:38.970 [error] Canceled: Canceled
	at new $ (/usr/share/code/resources/app/out/vs/workbench/api/node/extensionHostProcess.js:140:45885)
	at s.U (/usr/share/code/resources/app/out/vs/workbench/api/node/extensionHostProcess.js:147:5556)
	at z.<computed>.T.charCodeAt.z.<computed> (/usr/share/code/resources/app/out/vs/workbench/api/node/extensionHostProcess.js:147:3007)
	at l.g (/usr/share/code/resources/app/out/vs/workbench/api/node/extensionHostProcess.js:150:184300)
	at l.executeCommand (/usr/share/code/resources/app/out/vs/workbench/api/node/extensionHostProcess.js:150:183738)
	at f.registerCommand.description (/usr/share/code/resources/app/out/vs/workbench/api/node/extensionHostProcess.js:150:183062)
	at l.h (/usr/share/code/resources/app/out/vs/workbench/api/node/extensionHostProcess.js:150:184839)
	at l.g (/usr/share/code/resources/app/out/vs/workbench/api/node/extensionHostProcess.js:150:183831)
	at l.executeCommand (/usr/share/code/resources/app/out/vs/workbench/api/node/extensionHostProcess.js:150:183738)
	at Object.executeCommand (/usr/share/code/resources/app/out/vs/workbench/api/node/extensionHostProcess.js:160:21654)
	at set hasGitHubRepositories [as hasGitHubRepositories] (/usr/share/code/resources/app/extensions/github/dist/extension.js:2:325214)
	at /usr/share/code/resources/app/extensions/github/dist/extension.js:2:326173
	at w.value (/usr/share/code/resources/app/extensions/git/dist/main.js:2:1050811)
	at n.y (/usr/share/code/resources/app/out/vs/workbench/api/node/extensionHostProcess.js:80:1902)
	at n.z (/usr/share/code/resources/app/out/vs/workbench/api/node/extensionHostProcess.js:80:1972)
	at n.fire (/usr/share/code/resources/app/out/vs/workbench/api/node/extensionHostProcess.js:80:2188)
	at Object.m [as dispose] (/usr/share/code/resources/app/extensions/git/dist/main.js:2:962791)
	at /usr/share/code/resources/app/extensions/git/dist/main.js:2:968825
	at Array.forEach (<anonymous>)
	at f.dispose (/usr/share/code/resources/app/extensions/git/dist/main.js:2:968811)
	at u.<anonymous> (/usr/share/code/resources/app/out/vs/workbench/api/node/extensionHostProcess.js:148:3704)
	at u.dispose (/usr/share/code/resources/app/out/vs/workbench/api/node/extensionHostProcess.js:148:3801)
	at u.<anonymous> (/usr/share/code/resources/app/extensions/git/dist/main.js:2:945736)
	at u.dispose (/usr/share/code/resources/app/out/vs/workbench/api/node/extensionHostProcess.js:148:3801)
	at o (/usr/share/code/resources/app/out/vs/workbench/api/node/extensionHostProcess.js:30:754)
	at w.cb (/usr/share/code/resources/app/out/vs/workbench/api/node/extensionHostProcess.js:156:9882)
	at /usr/share/code/resources/app/out/vs/workbench/api/node/extensionHostProcess.js:156:7816
	at Array.map (<anonymous>)
	at w.Y (/usr/share/code/resources/app/out/vs/workbench/api/node/extensionHostProcess.js:156:7803)
	at w.terminate (/usr/share/code/resources/app/out/vs/workbench/api/node/extensionHostProcess.js:156:8076)
	at o.terminate (/usr/share/code/resources/app/out/vs/workbench/api/node/extensionHostProcess.js:160:1513)
	at t (/usr/share/code/resources/app/out/vs/workbench/api/node/extensionHostProcess.js:173:9949)
	at MessagePortMain.<anonymous> (/usr/share/code/resources/app/out/vs/workbench/api/node/extensionHostProcess.js:173:6374)
	at MessagePortMain.emit (node:events:514:28)
	at Object.emit (node:electron/js2c/utility_init:2:2285) setContext undefined
2024-03-27 15:13:38.970 [error] Canceled: Canceled
	at new $ (/usr/share/code/resources/app/out/vs/workbench/api/node/extensionHostProcess.js:140:45885)
	at s.U (/usr/share/code/resources/app/out/vs/workbench/api/node/extensionHostProcess.js:147:5556)
	at z.<computed>.T.charCodeAt.z.<computed> (/usr/share/code/resources/app/out/vs/workbench/api/node/extensionHostProcess.js:147:3007)
	at l.g (/usr/share/code/resources/app/out/vs/workbench/api/node/extensionHostProcess.js:150:184300)
	at l.executeCommand (/usr/share/code/resources/app/out/vs/workbench/api/node/extensionHostProcess.js:150:183738)
	at f.registerCommand.description (/usr/share/code/resources/app/out/vs/workbench/api/node/extensionHostProcess.js:150:183062)
	at l.h (/usr/share/code/resources/app/out/vs/workbench/api/node/extensionHostProcess.js:150:184839)
	at l.g (/usr/share/code/resources/app/out/vs/workbench/api/node/extensionHostProcess.js:150:183831)
	at l.executeCommand (/usr/share/code/resources/app/out/vs/workbench/api/node/extensionHostProcess.js:150:183738)
	at Object.executeCommand (/usr/share/code/resources/app/out/vs/workbench/api/node/extensionHostProcess.js:160:21654)
	at e (/root/.vscode/extensions/github.vscode-pull-request-github-0.82.1/dist/extension.js:1968:1467)
	at Object.n [as setContext] (/root/.vscode/extensions/github.vscode-pull-request-github-0.82.1/dist/extension.js:1968:1582)
	at qp.updateActiveReviewCount (/root/.vscode/extensions/github.vscode-pull-request-github-0.82.1/dist/extension.js:2031:22909)
	at qp.removeRepo (/root/.vscode/extensions/github.vscode-pull-request-github-0.82.1/dist/extension.js:2031:24054)
	at w.value (/root/.vscode/extensions/github.vscode-pull-request-github-0.82.1/dist/extension.js:2144:4217)
	at n.y (/usr/share/code/resources/app/out/vs/workbench/api/node/extensionHostProcess.js:80:1902)
	at n.z (/usr/share/code/resources/app/out/vs/workbench/api/node/extensionHostProcess.js:80:1972)
	at n.fire (/usr/share/code/resources/app/out/vs/workbench/api/node/extensionHostProcess.js:80:2188)
	at w.value (/root/.vscode/extensions/github.vscode-pull-request-github-0.82.1/dist/extension.js:1936:446993)
	at n.y (/usr/share/code/resources/app/out/vs/workbench/api/node/extensionHostProcess.js:80:1902)
	at n.fire (/usr/share/code/resources/app/out/vs/workbench/api/node/extensionHostProcess.js:80:2119)
	at /root/.vscode/extensions/github.vscode-pull-request-github-0.82.1/dist/extension.js:2031:27770
	at w.value (/usr/share/code/resources/app/extensions/git/dist/main.js:2:1050811)
	at n.y (/usr/share/code/resources/app/out/vs/workbench/api/node/extensionHostProcess.js:80:1902)
	at n.z (/usr/share/code/resources/app/out/vs/workbench/api/node/extensionHostProcess.js:80:1972)
	at n.fire (/usr/share/code/resources/app/out/vs/workbench/api/node/extensionHostProcess.js:80:2188)
	at Object.m [as dispose] (/usr/share/code/resources/app/extensions/git/dist/main.js:2:962791)
	at /usr/share/code/resources/app/extensions/git/dist/main.js:2:968825
	at Array.forEach (<anonymous>)
	at f.dispose (/usr/share/code/resources/app/extensions/git/dist/main.js:2:968811)
	at u.<anonymous> (/usr/share/code/resources/app/out/vs/workbench/api/node/extensionHostProcess.js:148:3704)
	at u.dispose (/usr/share/code/resources/app/out/vs/workbench/api/node/extensionHostProcess.js:148:3801)
	at u.<anonymous> (/usr/share/code/resources/app/extensions/git/dist/main.js:2:945736)
	at u.dispose (/usr/share/code/resources/app/out/vs/workbench/api/node/extensionHostProcess.js:148:3801)
	at o (/usr/share/code/resources/app/out/vs/workbench/api/node/extensionHostProcess.js:30:754)
	at w.cb (/usr/share/code/resources/app/out/vs/workbench/api/node/extensionHostProcess.js:156:9882)
	at /usr/share/code/resources/app/out/vs/workbench/api/node/extensionHostProcess.js:156:7816
	at Array.map (<anonymous>)
	at w.Y (/usr/share/code/resources/app/out/vs/workbench/api/node/extensionHostProcess.js:156:7803)
	at w.terminate (/usr/share/code/resources/app/out/vs/workbench/api/node/extensionHostProcess.js:156:8076)
	at o.terminate (/usr/share/code/resources/app/out/vs/workbench/api/node/extensionHostProcess.js:160:1513)
	at t (/usr/share/code/resources/app/out/vs/workbench/api/node/extensionHostProcess.js:173:9949)
	at MessagePortMain.<anonymous> (/usr/share/code/resources/app/out/vs/workbench/api/node/extensionHostProcess.js:173:6374)
	at MessagePortMain.emit (node:events:514:28)
	at Object.emit (node:electron/js2c/utility_init:2:2285) setContext undefined
2024-03-27 15:13:38.971 [error] Canceled: Canceled
	at new $ (/usr/share/code/resources/app/out/vs/workbench/api/node/extensionHostProcess.js:140:45885)
	at s.U (/usr/share/code/resources/app/out/vs/workbench/api/node/extensionHostProcess.js:147:5556)
	at z.<computed>.T.charCodeAt.z.<computed> (/usr/share/code/resources/app/out/vs/workbench/api/node/extensionHostProcess.js:147:3007)
	at l.g (/usr/share/code/resources/app/out/vs/workbench/api/node/extensionHostProcess.js:150:184300)
	at l.executeCommand (/usr/share/code/resources/app/out/vs/workbench/api/node/extensionHostProcess.js:150:183738)
	at f.registerCommand.description (/usr/share/code/resources/app/out/vs/workbench/api/node/extensionHostProcess.js:150:183062)
	at l.h (/usr/share/code/resources/app/out/vs/workbench/api/node/extensionHostProcess.js:150:184839)
	at l.g (/usr/share/code/resources/app/out/vs/workbench/api/node/extensionHostProcess.js:150:183831)
	at l.executeCommand (/usr/share/code/resources/app/out/vs/workbench/api/node/extensionHostProcess.js:150:183738)
	at Object.executeCommand (/usr/share/code/resources/app/out/vs/workbench/api/node/extensionHostProcess.js:160:21654)
	at e (/root/.vscode/extensions/github.vscode-pull-request-github-0.82.1/dist/extension.js:1968:1467)
	at Object.n [as setContext] (/root/.vscode/extensions/github.vscode-pull-request-github-0.82.1/dist/extension.js:1968:1582)
	at Dm.setReviewModeContexts (/root/.vscode/extensions/github.vscode-pull-request-github-0.82.1/dist/extension.js:2131:14280)
	at Dm.removePrFromView (/root/.vscode/extensions/github.vscode-pull-request-github-0.82.1/dist/extension.js:2131:14907)
	at zc.clear (/root/.vscode/extensions/github.vscode-pull-request-github-0.82.1/dist/extension.js:2012:26101)
	at zc.dispose (/root/.vscode/extensions/github.vscode-pull-request-github-0.82.1/dist/extension.js:2014:167)
	at Lm.removeReviewManager (/root/.vscode/extensions/github.vscode-pull-request-github-0.82.1/dist/extension.js:2131:45823)
	at w.value (/root/.vscode/extensions/github.vscode-pull-request-github-0.82.1/dist/extension.js:2144:4235)
	at n.y (/usr/share/code/resources/app/out/vs/workbench/api/node/extensionHostProcess.js:80:1902)
	at n.z (/usr/share/code/resources/app/out/vs/workbench/api/node/extensionHostProcess.js:80:1972)
	at n.fire (/usr/share/code/resources/app/out/vs/workbench/api/node/extensionHostProcess.js:80:2188)
	at w.value (/root/.vscode/extensions/github.vscode-pull-request-github-0.82.1/dist/extension.js:1936:446993)
	at n.y (/usr/share/code/resources/app/out/vs/workbench/api/node/extensionHostProcess.js:80:1902)
	at n.fire (/usr/share/code/resources/app/out/vs/workbench/api/node/extensionHostProcess.js:80:2119)
	at /root/.vscode/extensions/github.vscode-pull-request-github-0.82.1/dist/extension.js:2031:27770
	at w.value (/usr/share/code/resources/app/extensions/git/dist/main.js:2:1050811)
	at n.y (/usr/share/code/resources/app/out/vs/workbench/api/node/extensionHostProcess.js:80:1902)
	at n.z (/usr/share/code/resources/app/out/vs/workbench/api/node/extensionHostProcess.js:80:1972)
	at n.fire (/usr/share/code/resources/app/out/vs/workbench/api/node/extensionHostProcess.js:80:2188)
	at Object.m [as dispose] (/usr/share/code/resources/app/extensions/git/dist/main.js:2:962791)
	at /usr/share/code/resources/app/extensions/git/dist/main.js:2:968825
	at Array.forEach (<anonymous>)
	at f.dispose (/usr/share/code/resources/app/extensions/git/dist/main.js:2:968811)
	at u.<anonymous> (/usr/share/code/resources/app/out/vs/workbench/api/node/extensionHostProcess.js:148:3704)
	at u.dispose (/usr/share/code/resources/app/out/vs/workbench/api/node/extensionHostProcess.js:148:3801)
	at u.<anonymous> (/usr/share/code/resources/app/extensions/git/dist/main.js:2:945736)
	at u.dispose (/usr/share/code/resources/app/out/vs/workbench/api/node/extensionHostProcess.js:148:3801)
	at o (/usr/share/code/resources/app/out/vs/workbench/api/node/extensionHostProcess.js:30:754)
	at w.cb (/usr/share/code/resources/app/out/vs/workbench/api/node/extensionHostProcess.js:156:9882)
	at /usr/share/code/resources/app/out/vs/workbench/api/node/extensionHostProcess.js:156:7816
	at Array.map (<anonymous>)
	at w.Y (/usr/share/code/resources/app/out/vs/workbench/api/node/extensionHostProcess.js:156:7803)
	at w.terminate (/usr/share/code/resources/app/out/vs/workbench/api/node/extensionHostProcess.js:156:8076)
	at o.terminate (/usr/share/code/resources/app/out/vs/workbench/api/node/extensionHostProcess.js:160:1513)
	at t (/usr/share/code/resources/app/out/vs/workbench/api/node/extensionHostProcess.js:173:9949)
	at MessagePortMain.<anonymous> (/usr/share/code/resources/app/out/vs/workbench/api/node/extensionHostProcess.js:173:6374)
	at MessagePortMain.emit (node:events:514:28)
	at Object.emit (node:electron/js2c/utility_init:2:2285) setContext undefined
2024-03-27 15:13:38.971 [error] Canceled: Canceled
	at new $ (/usr/share/code/resources/app/out/vs/workbench/api/node/extensionHostProcess.js:140:45885)
	at s.U (/usr/share/code/resources/app/out/vs/workbench/api/node/extensionHostProcess.js:147:5556)
	at z.<computed>.T.charCodeAt.z.<computed> (/usr/share/code/resources/app/out/vs/workbench/api/node/extensionHostProcess.js:147:3007)
	at l.g (/usr/share/code/resources/app/out/vs/workbench/api/node/extensionHostProcess.js:150:184300)
	at l.executeCommand (/usr/share/code/resources/app/out/vs/workbench/api/node/extensionHostProcess.js:150:183738)
	at f.registerCommand.description (/usr/share/code/resources/app/out/vs/workbench/api/node/extensionHostProcess.js:150:183062)
	at l.h (/usr/share/code/resources/app/out/vs/workbench/api/node/extensionHostProcess.js:150:184839)
	at l.g (/usr/share/code/resources/app/out/vs/workbench/api/node/extensionHostProcess.js:150:183831)
	at l.executeCommand (/usr/share/code/resources/app/out/vs/workbench/api/node/extensionHostProcess.js:150:183738)
	at Object.executeCommand (/usr/share/code/resources/app/out/vs/workbench/api/node/extensionHostProcess.js:160:21654)
	at S2.reset (/root/.vscode/extensions/github.vscode-pull-request-github-0.82.1/dist/extension.js:2131:7888)
	at S2.dispose (/root/.vscode/extensions/github.vscode-pull-request-github-0.82.1/dist/extension.js:2131:8159)
	at o (/usr/share/code/resources/app/out/vs/workbench/api/node/extensionHostProcess.js:30:754)
	at w.cb (/usr/share/code/resources/app/out/vs/workbench/api/node/extensionHostProcess.js:156:9882)
	at /usr/share/code/resources/app/out/vs/workbench/api/node/extensionHostProcess.js:156:7816
	at Array.map (<anonymous>)
	at w.Y (/usr/share/code/resources/app/out/vs/workbench/api/node/extensionHostProcess.js:156:7803)
	at w.terminate (/usr/share/code/resources/app/out/vs/workbench/api/node/extensionHostProcess.js:156:8076)
	at o.terminate (/usr/share/code/resources/app/out/vs/workbench/api/node/extensionHostProcess.js:160:1513)
	at t (/usr/share/code/resources/app/out/vs/workbench/api/node/extensionHostProcess.js:173:9949)
	at MessagePortMain.<anonymous> (/usr/share/code/resources/app/out/vs/workbench/api/node/extensionHostProcess.js:173:6374)
	at MessagePortMain.emit (node:events:514:28)
	at Object.emit (node:electron/js2c/utility_init:2:2285) setContext undefined
2024-03-27 15:13:39.389 [info] Extension host with pid 13427 exiting with code 0
