2024-03-27 14:43:30.925 [info] Log level: Info
2024-03-27 14:43:30.925 [info] Validating found git in: "git"
2024-03-27 14:43:30.926 [info] Using git "2.43.0" from "git"
2024-03-27 14:43:42.068 [info] Log level: Info
2024-03-27 14:43:42.069 [info] Validating found git in: "git"
2024-03-27 14:43:42.069 [info] Using git "2.43.0" from "git"
2024-03-27 14:43:42.069 [info] > git rev-parse --show-toplevel [37ms]
2024-03-27 14:43:42.092 [info] > git rev-parse --git-dir --git-common-dir [10ms]
2024-03-27 14:43:42.122 [info] Open repository: /root/docker
2024-03-27 14:43:42.154 [info] > git config --get commit.template [14ms]
2024-03-27 14:43:42.160 [info] > git rev-parse --show-toplevel [9ms]
2024-03-27 14:43:42.180 [info] > git for-each-ref --format=%(refname)%00%(upstream:short)%00%(objectname)%00%(upstream:track)%00%(upstream:remotename)%00%(upstream:remoteref) refs/heads/main refs/remotes/main [11ms]
2024-03-27 14:43:42.192 [info] > git rev-parse --show-toplevel [14ms]
2024-03-27 14:43:42.211 [info] > git rev-parse --show-toplevel [4ms]
2024-03-27 14:43:42.248 [info] > git status -z -uall [57ms]
2024-03-27 14:43:42.254 [info] > git rev-parse --show-toplevel [13ms]
2024-03-27 14:43:42.665 [info] > git config --get commit.template [281ms]
2024-03-27 14:43:42.666 [info] > git rev-parse --show-toplevel [292ms]
2024-03-27 14:43:42.893 [info] > git for-each-ref --format=%(refname)%00%(upstream:short)%00%(objectname)%00%(upstream:track)%00%(upstream:remotename)%00%(upstream:remoteref) refs/heads/main [175ms]
2024-03-27 14:43:42.918 [info] > git rev-parse --show-toplevel [217ms]
2024-03-27 14:43:43.169 [info] > git for-each-ref --format=%(refname)%00%(upstream:short)%00%(objectname)%00%(upstream:track)%00%(upstream:remotename)%00%(upstream:remoteref) refs/heads/main [251ms]
2024-03-27 14:43:43.184 [info] > git for-each-ref --format=%(refname)%00%(upstream:short)%00%(objectname)%00%(upstream:track)%00%(upstream:remotename)%00%(upstream:remoteref) refs/heads/main refs/remotes/main [292ms]
2024-03-27 14:43:43.282 [info] > git status -z -uall [86ms]
2024-03-27 14:43:43.328 [info] > git config --local branch.main.vscode-merge-base [144ms]
2024-03-27 14:43:43.328 [warning] git config failed: Failed to execute git
2024-03-27 14:43:43.377 [info] > git rev-parse --show-toplevel [209ms]
2024-03-27 14:43:43.416 [info] > git reflog refs/heads/main --grep-reflog=branch: Created from *. [40ms]
2024-03-27 14:43:43.712 [info] > git symbolic-ref --short refs/remotes/origin/HEAD [270ms]
2024-03-27 14:43:43.712 [info] fatal: ref refs/remotes/origin/HEAD is not a symbolic ref
2024-03-27 14:43:43.712 [info] GitHistoryProvider:resolveHistoryItemGroupBase - Failed to resolve history item group base for 'refs/heads/main'
2024-03-27 14:43:43.712 [info] GitHistoryProvider:resolveHistoryItemGroupCommonAncestor - Failed to resolve history item group base for 'refs/heads/main'
2024-03-27 14:43:43.712 [info] > git rev-parse --show-toplevel [298ms]
2024-03-27 14:43:43.730 [info] > git rev-parse --show-toplevel [5ms]
2024-03-27 14:43:43.749 [info] > git rev-parse --show-toplevel [7ms]
2024-03-27 14:43:43.765 [info] > git rev-parse --show-toplevel [3ms]
2024-03-27 14:43:43.784 [info] > git rev-parse --show-toplevel [2ms]
2024-03-27 14:43:43.801 [info] > git rev-parse --show-toplevel [5ms]
2024-03-27 14:43:43.815 [info] > git rev-parse --show-toplevel [4ms]
2024-03-27 14:43:43.836 [info] > git rev-parse --show-toplevel [5ms]
2024-03-27 14:43:43.849 [info] > git rev-parse --show-toplevel [4ms]
2024-03-27 14:43:43.862 [info] > git rev-parse --show-toplevel [5ms]
2024-03-27 14:43:43.887 [info] > git rev-parse --show-toplevel [1ms]
2024-03-27 14:43:43.927 [info] > git for-each-ref --format=%(refname)%00%(upstream:short)%00%(objectname)%00%(upstream:track)%00%(upstream:remotename)%00%(upstream:remoteref) refs/heads/main [6ms]
2024-03-27 14:43:43.955 [info] > git for-each-ref --format=%(refname)%00%(upstream:short)%00%(objectname)%00%(upstream:track)%00%(upstream:remotename)%00%(upstream:remoteref) refs/heads/main [10ms]
2024-03-27 14:43:43.983 [info] > git config --local branch.main.vscode-merge-base [4ms]
2024-03-27 14:43:43.983 [warning] git config failed: Failed to execute git
2024-03-27 14:43:43.999 [info] > git reflog refs/heads/main --grep-reflog=branch: Created from *. [5ms]
2024-03-27 14:43:44.009 [info] > git symbolic-ref --short refs/remotes/origin/HEAD [3ms]
2024-03-27 14:43:44.009 [info] fatal: ref refs/remotes/origin/HEAD is not a symbolic ref
2024-03-27 14:43:44.009 [info] GitHistoryProvider:resolveHistoryItemGroupBase - Failed to resolve history item group base for 'refs/heads/main'
2024-03-27 14:43:44.009 [info] GitHistoryProvider:resolveHistoryItemGroupCommonAncestor - Failed to resolve history item group base for 'refs/heads/main'
2024-03-27 14:43:44.464 [info] > git check-ignore -v -z --stdin [3ms]
2024-03-27 14:43:53.623 [info] > git config --get commit.template [11ms]
2024-03-27 14:43:53.624 [info] > git for-each-ref --format=%(refname)%00%(upstream:short)%00%(objectname)%00%(upstream:track)%00%(upstream:remotename)%00%(upstream:remoteref) refs/heads/main refs/remotes/main [2ms]
2024-03-27 14:43:53.651 [info] > git status -z -uall [16ms]
2024-03-27 14:43:53.696 [info] > git for-each-ref --format=%(refname)%00%(upstream:short)%00%(objectname)%00%(upstream:track)%00%(upstream:remotename)%00%(upstream:remoteref) refs/heads/main [4ms]
2024-03-27 14:43:53.724 [info] > git for-each-ref --format=%(refname)%00%(upstream:short)%00%(objectname)%00%(upstream:track)%00%(upstream:remotename)%00%(upstream:remoteref) refs/heads/main [14ms]
2024-03-27 14:43:53.750 [info] > git config --local branch.main.vscode-merge-base [6ms]
2024-03-27 14:43:53.751 [warning] git config failed: Failed to execute git
2024-03-27 14:43:53.942 [info] > git reflog refs/heads/main --grep-reflog=branch: Created from *. [181ms]
2024-03-27 14:43:53.964 [info] > git symbolic-ref --short refs/remotes/origin/HEAD [9ms]
2024-03-27 14:43:53.965 [info] fatal: ref refs/remotes/origin/HEAD is not a symbolic ref
2024-03-27 14:43:53.965 [info] GitHistoryProvider:resolveHistoryItemGroupBase - Failed to resolve history item group base for 'refs/heads/main'
2024-03-27 14:43:53.965 [info] GitHistoryProvider:resolveHistoryItemGroupCommonAncestor - Failed to resolve history item group base for 'refs/heads/main'
2024-03-27 14:43:54.014 [info] > git for-each-ref --format=%(refname)%00%(upstream:short)%00%(objectname)%00%(upstream:track)%00%(upstream:remotename)%00%(upstream:remoteref) refs/heads/main [5ms]
2024-03-27 14:43:54.041 [info] > git for-each-ref --format=%(refname)%00%(upstream:short)%00%(objectname)%00%(upstream:track)%00%(upstream:remotename)%00%(upstream:remoteref) refs/heads/main [11ms]
2024-03-27 14:43:54.060 [info] > git config --local branch.main.vscode-merge-base [11ms]
2024-03-27 14:43:54.060 [warning] git config failed: Failed to execute git
2024-03-27 14:43:54.076 [info] > git reflog refs/heads/main --grep-reflog=branch: Created from *. [4ms]
2024-03-27 14:43:54.091 [info] > git symbolic-ref --short refs/remotes/origin/HEAD [3ms]
2024-03-27 14:43:54.092 [info] fatal: ref refs/remotes/origin/HEAD is not a symbolic ref
2024-03-27 14:43:54.092 [info] GitHistoryProvider:resolveHistoryItemGroupBase - Failed to resolve history item group base for 'refs/heads/main'
2024-03-27 14:43:54.092 [info] GitHistoryProvider:resolveHistoryItemGroupCommonAncestor - Failed to resolve history item group base for 'refs/heads/main'
2024-03-27 14:43:54.748 [info] > git for-each-ref --format=%(refname)%00%(upstream:short)%00%(objectname)%00%(upstream:track)%00%(upstream:remotename)%00%(upstream:remoteref) refs/heads/main [3ms]
2024-03-27 14:43:54.781 [info] > git for-each-ref --format=%(refname)%00%(upstream:short)%00%(objectname)%00%(upstream:track)%00%(upstream:remotename)%00%(upstream:remoteref) refs/heads/main [8ms]
2024-03-27 14:43:54.817 [info] > git config --local branch.main.vscode-merge-base [5ms]
2024-03-27 14:43:54.817 [warning] git config failed: Failed to execute git
2024-03-27 14:43:54.858 [info] > git reflog refs/heads/main --grep-reflog=branch: Created from *. [4ms]
2024-03-27 14:43:54.884 [info] > git symbolic-ref --short refs/remotes/origin/HEAD [6ms]
2024-03-27 14:43:54.884 [info] fatal: ref refs/remotes/origin/HEAD is not a symbolic ref
2024-03-27 14:43:54.885 [info] GitHistoryProvider:resolveHistoryItemGroupBase - Failed to resolve history item group base for 'refs/heads/main'
2024-03-27 14:43:54.886 [info] GitHistoryProvider:resolveHistoryItemGroupCommonAncestor - Failed to resolve history item group base for 'refs/heads/main'
2024-03-27 14:43:56.242 [info] > git for-each-ref --format=%(refname)%00%(upstream:short)%00%(objectname)%00%(upstream:track)%00%(upstream:remotename)%00%(upstream:remoteref) refs/heads/main [3ms]
2024-03-27 14:43:56.268 [info] > git for-each-ref --format=%(refname)%00%(upstream:short)%00%(objectname)%00%(upstream:track)%00%(upstream:remotename)%00%(upstream:remoteref) refs/heads/main [17ms]
2024-03-27 14:43:56.328 [info] > git config --local branch.main.vscode-merge-base [9ms]
2024-03-27 14:43:56.328 [warning] git config failed: Failed to execute git
2024-03-27 14:43:56.358 [info] > git reflog refs/heads/main --grep-reflog=branch: Created from *. [7ms]
2024-03-27 14:43:56.374 [info] > git symbolic-ref --short refs/remotes/origin/HEAD [3ms]
2024-03-27 14:43:56.374 [info] fatal: ref refs/remotes/origin/HEAD is not a symbolic ref
2024-03-27 14:43:56.375 [info] GitHistoryProvider:resolveHistoryItemGroupBase - Failed to resolve history item group base for 'refs/heads/main'
2024-03-27 14:43:56.375 [info] GitHistoryProvider:resolveHistoryItemGroupCommonAncestor - Failed to resolve history item group base for 'refs/heads/main'
2024-03-27 14:43:56.443 [info] > git for-each-ref --format=%(refname)%00%(upstream:short)%00%(objectname)%00%(upstream:track)%00%(upstream:remotename)%00%(upstream:remoteref) refs/heads/main [9ms]
2024-03-27 14:43:56.494 [info] > git for-each-ref --format=%(refname)%00%(upstream:short)%00%(objectname)%00%(upstream:track)%00%(upstream:remotename)%00%(upstream:remoteref) refs/heads/main [15ms]
2024-03-27 14:43:56.508 [info] > git config --local branch.main.vscode-merge-base [7ms]
2024-03-27 14:43:56.508 [warning] git config failed: Failed to execute git
2024-03-27 14:43:56.525 [info] > git reflog refs/heads/main --grep-reflog=branch: Created from *. [7ms]
2024-03-27 14:43:56.545 [info] > git symbolic-ref --short refs/remotes/origin/HEAD [12ms]
2024-03-27 14:43:56.545 [info] fatal: ref refs/remotes/origin/HEAD is not a symbolic ref
2024-03-27 14:43:56.545 [info] GitHistoryProvider:resolveHistoryItemGroupBase - Failed to resolve history item group base for 'refs/heads/main'
2024-03-27 14:43:56.545 [info] GitHistoryProvider:resolveHistoryItemGroupCommonAncestor - Failed to resolve history item group base for 'refs/heads/main'
2024-03-27 14:43:58.706 [info] > git config --get commit.template [19ms]
2024-03-27 14:43:58.708 [info] > git for-each-ref --format=%(refname)%00%(upstream:short)%00%(objectname)%00%(upstream:track)%00%(upstream:remotename)%00%(upstream:remoteref) refs/heads/main refs/remotes/main [5ms]
2024-03-27 14:43:58.738 [info] > git status -z -uall [21ms]
2024-03-27 14:43:58.799 [info] > git for-each-ref --format=%(refname)%00%(upstream:short)%00%(objectname)%00%(upstream:track)%00%(upstream:remotename)%00%(upstream:remoteref) refs/heads/main [11ms]
2024-03-27 14:43:58.812 [info] > git for-each-ref --format=%(refname)%00%(upstream:short)%00%(objectname)%00%(upstream:track)%00%(upstream:remotename)%00%(upstream:remoteref) refs/heads/main [3ms]
2024-03-27 14:43:58.831 [info] > git config --local branch.main.vscode-merge-base [3ms]
2024-03-27 14:43:58.831 [warning] git config failed: Failed to execute git
2024-03-27 14:43:58.845 [info] > git reflog refs/heads/main --grep-reflog=branch: Created from *. [4ms]
2024-03-27 14:43:58.989 [info] > git symbolic-ref --short refs/remotes/origin/HEAD [136ms]
2024-03-27 14:43:58.989 [info] fatal: ref refs/remotes/origin/HEAD is not a symbolic ref
2024-03-27 14:43:58.989 [info] GitHistoryProvider:resolveHistoryItemGroupBase - Failed to resolve history item group base for 'refs/heads/main'
2024-03-27 14:43:58.989 [info] GitHistoryProvider:resolveHistoryItemGroupCommonAncestor - Failed to resolve history item group base for 'refs/heads/main'
2024-03-27 14:43:59.035 [info] > git for-each-ref --format=%(refname)%00%(upstream:short)%00%(objectname)%00%(upstream:track)%00%(upstream:remotename)%00%(upstream:remoteref) refs/heads/main [3ms]
2024-03-27 14:43:59.050 [info] > git for-each-ref --format=%(refname)%00%(upstream:short)%00%(objectname)%00%(upstream:track)%00%(upstream:remotename)%00%(upstream:remoteref) refs/heads/main [3ms]
2024-03-27 14:43:59.071 [info] > git config --local branch.main.vscode-merge-base [4ms]
2024-03-27 14:43:59.072 [warning] git config failed: Failed to execute git
2024-03-27 14:43:59.087 [info] > git reflog refs/heads/main --grep-reflog=branch: Created from *. [5ms]
2024-03-27 14:43:59.097 [info] > git symbolic-ref --short refs/remotes/origin/HEAD [3ms]
2024-03-27 14:43:59.098 [info] fatal: ref refs/remotes/origin/HEAD is not a symbolic ref
2024-03-27 14:43:59.098 [info] GitHistoryProvider:resolveHistoryItemGroupBase - Failed to resolve history item group base for 'refs/heads/main'
2024-03-27 14:43:59.098 [info] GitHistoryProvider:resolveHistoryItemGroupCommonAncestor - Failed to resolve history item group base for 'refs/heads/main'
2024-03-27 14:44:03.799 [info] > git config --get commit.template [12ms]
2024-03-27 14:44:03.805 [info] > git for-each-ref --format=%(refname)%00%(upstream:short)%00%(objectname)%00%(upstream:track)%00%(upstream:remotename)%00%(upstream:remoteref) refs/heads/main refs/remotes/main [6ms]
2024-03-27 14:44:03.833 [info] > git status -z -uall [14ms]
2024-03-27 14:44:08.876 [info] > git config --get commit.template [14ms]
2024-03-27 14:44:08.879 [info] > git for-each-ref --format=%(refname)%00%(upstream:short)%00%(objectname)%00%(upstream:track)%00%(upstream:remotename)%00%(upstream:remoteref) refs/heads/main refs/remotes/main [5ms]
2024-03-27 14:44:08.898 [info] > git status -z -uall [8ms]
2024-03-27 14:44:13.930 [info] > git config --get commit.template [5ms]
2024-03-27 14:44:13.940 [info] > git for-each-ref --format=%(refname)%00%(upstream:short)%00%(objectname)%00%(upstream:track)%00%(upstream:remotename)%00%(upstream:remoteref) refs/heads/main refs/remotes/main [3ms]
2024-03-27 14:44:13.964 [info] > git status -z -uall [16ms]
2024-03-27 14:44:19.007 [info] > git config --get commit.template [9ms]
2024-03-27 14:44:19.009 [info] > git for-each-ref --format=%(refname)%00%(upstream:short)%00%(objectname)%00%(upstream:track)%00%(upstream:remotename)%00%(upstream:remoteref) refs/heads/main refs/remotes/main [3ms]
2024-03-27 14:44:19.029 [info] > git status -z -uall [10ms]
2024-03-27 14:44:26.669 [info] > git config --get commit.template [3ms]
2024-03-27 14:44:26.698 [info] > git for-each-ref --format=%(refname)%00%(upstream:short)%00%(objectname)%00%(upstream:track)%00%(upstream:remotename)%00%(upstream:remoteref) refs/heads/main refs/remotes/main [9ms]
2024-03-27 14:44:26.728 [info] > git status -z -uall [16ms]
2024-03-27 14:45:05.614 [info] > git config --get commit.template [13ms]
2024-03-27 14:45:05.624 [info] > git for-each-ref --format=%(refname)%00%(upstream:short)%00%(objectname)%00%(upstream:track)%00%(upstream:remotename)%00%(upstream:remoteref) refs/heads/main refs/remotes/main [12ms]
2024-03-27 14:45:05.682 [info] > git status -z -uall [40ms]
2024-03-27 14:45:10.322 [info] > git for-each-ref --format=%(refname)%00%(upstream:short)%00%(objectname)%00%(upstream:track)%00%(upstream:remotename)%00%(upstream:remoteref) refs/heads/main [2ms]
2024-03-27 14:45:10.374 [info] > git for-each-ref --format=%(refname)%00%(upstream:short)%00%(objectname)%00%(upstream:track)%00%(upstream:remotename)%00%(upstream:remoteref) refs/heads/main [6ms]
2024-03-27 14:45:10.395 [info] > git config --local branch.main.vscode-merge-base [7ms]
2024-03-27 14:45:10.395 [warning] git config failed: Failed to execute git
2024-03-27 14:45:10.430 [info] > git reflog refs/heads/main --grep-reflog=branch: Created from *. [15ms]
2024-03-27 14:45:10.441 [info] > git symbolic-ref --short refs/remotes/origin/HEAD [3ms]
2024-03-27 14:45:10.441 [info] fatal: ref refs/remotes/origin/HEAD is not a symbolic ref
2024-03-27 14:45:10.441 [info] GitHistoryProvider:resolveHistoryItemGroupBase - Failed to resolve history item group base for 'refs/heads/main'
2024-03-27 14:45:10.441 [info] GitHistoryProvider:resolveHistoryItemGroupCommonAncestor - Failed to resolve history item group base for 'refs/heads/main'
2024-03-27 14:45:10.776 [info] > git config --get commit.template [29ms]
2024-03-27 14:45:10.778 [info] > git for-each-ref --format=%(refname)%00%(upstream:short)%00%(objectname)%00%(upstream:track)%00%(upstream:remotename)%00%(upstream:remoteref) refs/heads/main refs/remotes/main [9ms]
2024-03-27 14:45:10.821 [info] > git status -z -uall [21ms]
2024-03-27 14:45:11.838 [info] > git for-each-ref --format=%(refname)%00%(upstream:short)%00%(objectname)%00%(upstream:track)%00%(upstream:remotename)%00%(upstream:remoteref) refs/heads/main [6ms]
2024-03-27 14:45:11.852 [info] > git for-each-ref --format=%(refname)%00%(upstream:short)%00%(objectname)%00%(upstream:track)%00%(upstream:remotename)%00%(upstream:remoteref) refs/heads/main [3ms]
2024-03-27 14:45:11.872 [info] > git config --local branch.main.vscode-merge-base [6ms]
2024-03-27 14:45:11.872 [warning] git config failed: Failed to execute git
2024-03-27 14:45:11.893 [info] > git reflog refs/heads/main --grep-reflog=branch: Created from *. [9ms]
2024-03-27 14:45:11.910 [info] > git symbolic-ref --short refs/remotes/origin/HEAD [7ms]
2024-03-27 14:45:11.912 [info] fatal: ref refs/remotes/origin/HEAD is not a symbolic ref
2024-03-27 14:45:11.915 [info] GitHistoryProvider:resolveHistoryItemGroupBase - Failed to resolve history item group base for 'refs/heads/main'
2024-03-27 14:45:11.916 [info] GitHistoryProvider:resolveHistoryItemGroupCommonAncestor - Failed to resolve history item group base for 'refs/heads/main'
2024-03-27 14:45:11.953 [info] > git for-each-ref --format=%(refname)%00%(upstream:short)%00%(objectname)%00%(upstream:track)%00%(upstream:remotename)%00%(upstream:remoteref) refs/heads/main [3ms]
2024-03-27 14:45:11.999 [info] > git for-each-ref --format=%(refname)%00%(upstream:short)%00%(objectname)%00%(upstream:track)%00%(upstream:remotename)%00%(upstream:remoteref) refs/heads/main [15ms]
2024-03-27 14:45:12.055 [info] > git config --local branch.main.vscode-merge-base [30ms]
2024-03-27 14:45:12.055 [warning] git config failed: Failed to execute git
2024-03-27 14:45:12.074 [info] > git reflog refs/heads/main --grep-reflog=branch: Created from *. [9ms]
2024-03-27 14:45:12.114 [info] > git symbolic-ref --short refs/remotes/origin/HEAD [13ms]
2024-03-27 14:45:12.114 [info] fatal: ref refs/remotes/origin/HEAD is not a symbolic ref
2024-03-27 14:45:12.114 [info] GitHistoryProvider:resolveHistoryItemGroupBase - Failed to resolve history item group base for 'refs/heads/main'
2024-03-27 14:45:12.114 [info] GitHistoryProvider:resolveHistoryItemGroupCommonAncestor - Failed to resolve history item group base for 'refs/heads/main'
2024-03-27 14:45:15.912 [info] > git config --get commit.template [14ms]
2024-03-27 14:45:15.914 [info] > git for-each-ref --format=%(refname)%00%(upstream:short)%00%(objectname)%00%(upstream:track)%00%(upstream:remotename)%00%(upstream:remoteref) refs/heads/main refs/remotes/main [4ms]
2024-03-27 14:45:15.942 [info] > git status -z -uall [17ms]
2024-03-27 14:45:15.993 [info] > git for-each-ref --format=%(refname)%00%(upstream:short)%00%(objectname)%00%(upstream:track)%00%(upstream:remotename)%00%(upstream:remoteref) refs/heads/main [14ms]
2024-03-27 14:45:16.020 [info] > git for-each-ref --format=%(refname)%00%(upstream:short)%00%(objectname)%00%(upstream:track)%00%(upstream:remotename)%00%(upstream:remoteref) refs/heads/main [8ms]
2024-03-27 14:45:16.038 [info] > git config --local branch.main.vscode-merge-base [5ms]
2024-03-27 14:45:16.038 [warning] git config failed: Failed to execute git
2024-03-27 14:45:16.213 [info] > git reflog refs/heads/main --grep-reflog=branch: Created from *. [160ms]
2024-03-27 14:45:16.240 [info] > git symbolic-ref --short refs/remotes/origin/HEAD [14ms]
2024-03-27 14:45:16.244 [info] fatal: ref refs/remotes/origin/HEAD is not a symbolic ref
2024-03-27 14:45:16.244 [info] GitHistoryProvider:resolveHistoryItemGroupBase - Failed to resolve history item group base for 'refs/heads/main'
2024-03-27 14:45:16.245 [info] GitHistoryProvider:resolveHistoryItemGroupCommonAncestor - Failed to resolve history item group base for 'refs/heads/main'
2024-03-27 14:45:16.300 [info] > git for-each-ref --format=%(refname)%00%(upstream:short)%00%(objectname)%00%(upstream:track)%00%(upstream:remotename)%00%(upstream:remoteref) refs/heads/main [6ms]
2024-03-27 14:45:16.338 [info] > git for-each-ref --format=%(refname)%00%(upstream:short)%00%(objectname)%00%(upstream:track)%00%(upstream:remotename)%00%(upstream:remoteref) refs/heads/main [12ms]
2024-03-27 14:45:16.375 [info] > git config --local branch.main.vscode-merge-base [14ms]
2024-03-27 14:45:16.375 [warning] git config failed: Failed to execute git
2024-03-27 14:45:16.393 [info] > git reflog refs/heads/main --grep-reflog=branch: Created from *. [5ms]
2024-03-27 14:45:16.409 [info] > git symbolic-ref --short refs/remotes/origin/HEAD [8ms]
2024-03-27 14:45:16.409 [info] fatal: ref refs/remotes/origin/HEAD is not a symbolic ref
2024-03-27 14:45:16.409 [info] GitHistoryProvider:resolveHistoryItemGroupBase - Failed to resolve history item group base for 'refs/heads/main'
2024-03-27 14:45:16.409 [info] GitHistoryProvider:resolveHistoryItemGroupCommonAncestor - Failed to resolve history item group base for 'refs/heads/main'
2024-03-27 14:45:16.479 [info] > git for-each-ref --format=%(refname)%00%(upstream:short)%00%(objectname)%00%(upstream:track)%00%(upstream:remotename)%00%(upstream:remoteref) refs/heads/main [2ms]
2024-03-27 14:45:16.495 [info] > git for-each-ref --format=%(refname)%00%(upstream:short)%00%(objectname)%00%(upstream:track)%00%(upstream:remotename)%00%(upstream:remoteref) refs/heads/main [7ms]
2024-03-27 14:45:16.512 [info] > git config --local branch.main.vscode-merge-base [5ms]
2024-03-27 14:45:16.512 [warning] git config failed: Failed to execute git
2024-03-27 14:45:16.530 [info] > git reflog refs/heads/main --grep-reflog=branch: Created from *. [6ms]
2024-03-27 14:45:16.543 [info] > git symbolic-ref --short refs/remotes/origin/HEAD [3ms]
2024-03-27 14:45:16.543 [info] fatal: ref refs/remotes/origin/HEAD is not a symbolic ref
2024-03-27 14:45:16.543 [info] GitHistoryProvider:resolveHistoryItemGroupBase - Failed to resolve history item group base for 'refs/heads/main'
2024-03-27 14:45:16.543 [info] GitHistoryProvider:resolveHistoryItemGroupCommonAncestor - Failed to resolve history item group base for 'refs/heads/main'
2024-03-27 14:45:16.878 [info] > git check-ignore -v -z --stdin [4ms]
2024-03-27 14:45:21.000 [info] > git config --get commit.template [13ms]
2024-03-27 14:45:21.003 [info] > git for-each-ref --format=%(refname)%00%(upstream:short)%00%(objectname)%00%(upstream:track)%00%(upstream:remotename)%00%(upstream:remoteref) refs/heads/main refs/remotes/main [5ms]
2024-03-27 14:45:21.039 [info] > git status -z -uall [24ms]
2024-03-27 14:45:22.601 [info] > git for-each-ref --format=%(refname)%00%(upstream:short)%00%(objectname)%00%(upstream:track)%00%(upstream:remotename)%00%(upstream:remoteref) refs/heads/main [5ms]
2024-03-27 14:45:22.617 [info] > git for-each-ref --format=%(refname)%00%(upstream:short)%00%(objectname)%00%(upstream:track)%00%(upstream:remotename)%00%(upstream:remoteref) refs/heads/main [6ms]
2024-03-27 14:45:22.631 [info] > git config --local branch.main.vscode-merge-base [5ms]
2024-03-27 14:45:22.631 [warning] git config failed: Failed to execute git
2024-03-27 14:45:22.650 [info] > git reflog refs/heads/main --grep-reflog=branch: Created from *. [7ms]
2024-03-27 14:45:22.666 [info] > git symbolic-ref --short refs/remotes/origin/HEAD [5ms]
2024-03-27 14:45:22.666 [info] fatal: ref refs/remotes/origin/HEAD is not a symbolic ref
2024-03-27 14:45:22.666 [info] GitHistoryProvider:resolveHistoryItemGroupBase - Failed to resolve history item group base for 'refs/heads/main'
2024-03-27 14:45:22.666 [info] GitHistoryProvider:resolveHistoryItemGroupCommonAncestor - Failed to resolve history item group base for 'refs/heads/main'
2024-03-27 14:45:22.714 [info] > git for-each-ref --format=%(refname)%00%(upstream:short)%00%(objectname)%00%(upstream:track)%00%(upstream:remotename)%00%(upstream:remoteref) refs/heads/main [10ms]
2024-03-27 14:45:22.736 [info] > git for-each-ref --format=%(refname)%00%(upstream:short)%00%(objectname)%00%(upstream:track)%00%(upstream:remotename)%00%(upstream:remoteref) refs/heads/main [8ms]
2024-03-27 14:45:22.750 [info] > git config --local branch.main.vscode-merge-base [2ms]
2024-03-27 14:45:22.751 [warning] git config failed: Failed to execute git
2024-03-27 14:45:22.768 [info] > git reflog refs/heads/main --grep-reflog=branch: Created from *. [5ms]
2024-03-27 14:45:22.792 [info] > git symbolic-ref --short refs/remotes/origin/HEAD [8ms]
2024-03-27 14:45:22.792 [info] fatal: ref refs/remotes/origin/HEAD is not a symbolic ref
2024-03-27 14:45:22.793 [info] GitHistoryProvider:resolveHistoryItemGroupBase - Failed to resolve history item group base for 'refs/heads/main'
2024-03-27 14:45:22.793 [info] GitHistoryProvider:resolveHistoryItemGroupCommonAncestor - Failed to resolve history item group base for 'refs/heads/main'
2024-03-27 14:45:26.093 [info] > git config --get commit.template [8ms]
2024-03-27 14:45:26.096 [info] > git for-each-ref --format=%(refname)%00%(upstream:short)%00%(objectname)%00%(upstream:track)%00%(upstream:remotename)%00%(upstream:remoteref) refs/heads/main refs/remotes/main [5ms]
2024-03-27 14:45:26.121 [info] > git status -z -uall [16ms]
2024-03-27 14:45:31.180 [info] > git config --get commit.template [17ms]
2024-03-27 14:45:31.182 [info] > git for-each-ref --format=%(refname)%00%(upstream:short)%00%(objectname)%00%(upstream:track)%00%(upstream:remotename)%00%(upstream:remoteref) refs/heads/main refs/remotes/main [3ms]
2024-03-27 14:45:31.212 [info] > git status -z -uall [16ms]
2024-03-27 14:45:36.265 [info] > git config --get commit.template [22ms]
2024-03-27 14:45:36.267 [info] > git for-each-ref --format=%(refname)%00%(upstream:short)%00%(objectname)%00%(upstream:track)%00%(upstream:remotename)%00%(upstream:remoteref) refs/heads/main refs/remotes/main [7ms]
2024-03-27 14:45:36.308 [info] > git status -z -uall [12ms]
