2024-03-27 14:54:14.059 [info] Reading sessions from keychain...
2024-03-27 14:54:14.059 [info] Getting sessions for all scopes...
2024-03-27 14:54:14.059 [info] Got 0 sessions for ...
2024-03-27 14:54:14.059 [info] Getting sessions for read:user,repo,user:email,workflow...
2024-03-27 14:54:14.059 [info] Got 0 sessions for read:user,repo,user:email,workflow...
2024-03-27 14:54:15.535 [info] Getting sessions for project,read:org,read:user,repo,user:email,workflow...
2024-03-27 14:54:15.535 [info] Got 0 sessions for project,read:org,read:user,repo,user:email,workflow...
2024-03-27 14:54:15.795 [info] Getting sessions for read:user,repo,user:email,workflow...
2024-03-27 14:54:15.795 [info] Got 0 sessions for read:user,repo,user:email,workflow...
2024-03-27 14:54:15.805 [info] Getting sessions for read:user,repo,user:email...
2024-03-27 14:54:15.805 [info] Got 0 sessions for read:user,repo,user:email...
2024-03-27 14:54:15.808 [info] Getting sessions for read:user,repo,user:email,workflow...
2024-03-27 14:54:15.809 [info] Got 0 sessions for read:user,repo,user:email,workflow...
2024-03-27 14:54:16.620 [info] Getting sessions for all scopes...
2024-03-27 14:54:16.620 [info] Got 0 sessions for ...
2024-03-27 14:54:22.218 [info] Getting sessions for read:user,repo,user:email,workflow...
2024-03-27 14:54:22.218 [info] Got 0 sessions for read:user,repo,user:email,workflow...
2024-03-27 14:54:23.320 [info] Logging in for the following scopes: read:user repo user:email workflow
2024-03-27 14:54:23.374 [info] Trying without local server... (read:user repo user:email workflow)
2024-03-27 14:55:08.396 [info] Getting sessions for project,read:org,read:user,repo,user:email,workflow...
2024-03-27 14:55:08.397 [info] Got 0 sessions for project,read:org,read:user,repo,user:email,workflow...
2024-03-27 14:55:08.400 [info] Getting sessions for read:user,repo,user:email,workflow...
2024-03-27 14:55:08.400 [info] Got 0 sessions for read:user,repo,user:email,workflow...
2024-03-27 14:55:08.403 [info] Getting sessions for read:user,repo,user:email...
2024-03-27 14:55:08.403 [info] Got 0 sessions for read:user,repo,user:email...
2024-03-27 14:55:08.406 [info] Getting sessions for read:user,repo,user:email,workflow...
2024-03-27 14:55:08.406 [info] Got 0 sessions for read:user,repo,user:email,workflow...
2024-03-27 14:55:09.469 [info] Logging in for the following scopes: read:user repo user:email workflow
2024-03-27 14:55:09.490 [info] Trying without local server... (read:user repo user:email workflow)
2024-03-27 14:55:11.912 [error] User Cancelled
2024-03-27 14:55:11.918 [error] Cancelled
2024-03-27 14:55:15.580 [info] Getting sessions for project,read:org,read:user,repo,user:email,workflow...
2024-03-27 14:55:15.580 [info] Got 0 sessions for project,read:org,read:user,repo,user:email,workflow...
2024-03-27 14:55:19.326 [info] Getting sessions for project,read:org,read:user,repo,user:email,workflow...
2024-03-27 14:55:19.326 [info] Got 0 sessions for project,read:org,read:user,repo,user:email,workflow...
2024-03-27 14:55:19.330 [info] Getting sessions for read:user,repo,user:email,workflow...
2024-03-27 14:55:19.330 [info] Got 0 sessions for read:user,repo,user:email,workflow...
2024-03-27 14:55:19.333 [info] Getting sessions for read:user,repo,user:email...
2024-03-27 14:55:19.333 [info] Got 0 sessions for read:user,repo,user:email...
2024-03-27 14:55:19.335 [info] Getting sessions for read:user,repo,user:email,workflow...
2024-03-27 14:55:19.335 [info] Got 0 sessions for read:user,repo,user:email,workflow...
2024-03-27 14:55:20.612 [info] Logging in for the following scopes: read:user repo user:email workflow
2024-03-27 14:55:20.620 [info] Trying without local server... (read:user repo user:email workflow)
2024-03-27 14:56:10.373 [info] Getting sessions for read:user,repo,user:email,workflow...
2024-03-27 14:56:10.373 [info] Got 0 sessions for read:user,repo,user:email,workflow...
2024-03-27 14:56:11.585 [info] Logging in for the following scopes: read:user repo user:email workflow
2024-03-27 14:56:11.591 [info] Trying without local server... (read:user repo user:email workflow)
2024-03-27 14:57:06.712 [error] User Cancelled
2024-03-27 14:57:06.713 [error] Cancelled
2024-03-27 14:57:09.869 [info] Trying with local server... (read:user repo user:email workflow)
2024-03-27 14:57:12.025 [error] User Cancelled
2024-03-27 15:04:46.381 [error] Canceled
2024-03-27 15:04:46.382 [error] Error: No auth flow succeeded.
	at a.GitHubServer.login (/usr/share/code/resources/app/extensions/github-authentication/dist/extension.js:2:262306)
	at async a.GitHubAuthenticationProvider.createSession (/usr/share/code/resources/app/extensions/github-authentication/dist/extension.js:2:258135)
