2024-03-27 10:12:20.610 [info] Extension host with pid 9939 started
2024-03-27 10:12:21.054 [info] ExtensionService#_doActivateExtension vscode.git-base, startup: true, activationEvent: '*', root cause: vscode.git
2024-03-27 10:12:21.292 [info] ExtensionService#_doActivateExtension vscode.git, startup: true, activationEvent: '*'
2024-03-27 10:12:21.599 [info] ExtensionService#_doActivateExtension vscode.github, startup: true, activationEvent: '*'
2024-03-27 10:12:22.091 [info] Eager extensions activated
2024-03-27 10:12:22.136 [info] ExtensionService#_doActivateExtension vscode.debug-auto-launch, startup: false, activationEvent: 'onStartupFinished'
2024-03-27 10:12:22.159 [info] ExtensionService#_doActivateExtension vscode.merge-conflict, startup: false, activationEvent: 'onStartupFinished'
2024-03-27 10:12:22.211 [info] ExtensionService#_doActivateExtension ms-vscode-remote.remote-containers, startup: false, activationEvent: 'onStartupFinished'
2024-03-27 10:12:22.471 [info] ExtensionService#_doActivateExtension ms-vscode-remote.remote-wsl, startup: false, activationEvent: 'onStartupFinished'
2024-03-27 10:12:33.641 [info] Extension host terminating: renderer closed the MessagePort
2024-03-27 10:12:33.686 [info] Extension host with pid 9939 exiting with code 0
2024-03-27 10:12:36.060 [info] Extension host with pid 10097 started
2024-03-27 10:12:36.060 [info] Skipping acquiring lock for /root/docker/07_compose/01_nginx/~/vscode/User/workspaceStorage/814fb4e0ea067e0160cf1ea1830b3d6d.
2024-03-27 10:12:36.173 [info] ExtensionService#_doActivateExtension vscode.git-base, startup: true, activationEvent: '*'
2024-03-27 10:12:36.227 [info] ExtensionService#_doActivateExtension vscode.github, startup: true, activationEvent: '*'
2024-03-27 10:12:36.462 [info] Eager extensions activated
2024-03-27 10:12:36.645 [info] ExtensionService#_doActivateExtension vscode.debug-auto-launch, startup: false, activationEvent: 'onStartupFinished'
2024-03-27 10:12:36.653 [info] ExtensionService#_doActivateExtension vscode.merge-conflict, startup: false, activationEvent: 'onStartupFinished'
2024-03-27 10:12:36.825 [info] ExtensionService#_doActivateExtension ms-vscode-remote.remote-containers, startup: false, activationEvent: 'onStartupFinished'
2024-03-27 10:12:37.331 [info] ExtensionService#_doActivateExtension ms-vscode-remote.remote-wsl, startup: false, activationEvent: 'onStartupFinished'
2024-03-27 10:12:41.698 [info] ExtensionService#_doActivateExtension vscode.git, startup: false, activationEvent: 'api', root cause: vscode.github
2024-03-27 10:13:52.632 [info] Extension host terminating: renderer closed the MessagePort
2024-03-27 10:13:52.693 [info] Extension host with pid 10097 exiting with code 0
