2024-03-27 10:12:22.738 [info] Log level: Info
2024-03-27 10:12:22.738 [info] Validating found git in: "git"
2024-03-27 10:12:22.738 [info] Using git "2.43.0" from "git"
2024-03-27 10:12:41.835 [info] Log level: Info
2024-03-27 10:12:41.835 [info] Validating found git in: "git"
2024-03-27 10:12:41.835 [info] Using git "2.43.0" from "git"
2024-03-27 10:12:41.856 [info] > git rev-parse --show-toplevel [34ms]
2024-03-27 10:12:41.856 [info] fatal: not a git repository (or any of the parent directories): .git
2024-03-27 10:12:41.871 [info] > git rev-parse --show-toplevel [3ms]
2024-03-27 10:12:41.871 [info] fatal: not a git repository (or any of the parent directories): .git
2024-03-27 10:12:41.889 [info] > git rev-parse --show-toplevel [3ms]
2024-03-27 10:12:41.889 [info] fatal: not a git repository (or any of the parent directories): .git
2024-03-27 10:12:41.902 [info] > git rev-parse --show-toplevel [5ms]
2024-03-27 10:12:41.902 [info] fatal: not a git repository (or any of the parent directories): .git
2024-03-27 10:12:41.917 [info] > git rev-parse --show-toplevel [5ms]
2024-03-27 10:12:41.917 [info] fatal: not a git repository (or any of the parent directories): .git
2024-03-27 10:12:41.930 [info] > git rev-parse --show-toplevel [5ms]
2024-03-27 10:12:41.930 [info] fatal: not a git repository (or any of the parent directories): .git
2024-03-27 10:12:41.941 [info] > git rev-parse --show-toplevel [2ms]
2024-03-27 10:12:41.941 [info] fatal: not a git repository (or any of the parent directories): .git
2024-03-27 10:12:41.952 [info] > git rev-parse --show-toplevel [3ms]
2024-03-27 10:12:41.952 [info] fatal: not a git repository (or any of the parent directories): .git
2024-03-27 10:12:41.964 [info] > git rev-parse --show-toplevel [3ms]
2024-03-27 10:12:41.964 [info] fatal: not a git repository (or any of the parent directories): .git
2024-03-27 10:12:41.983 [info] > git rev-parse --show-toplevel [4ms]
2024-03-27 10:12:41.983 [info] fatal: not a git repository (or any of the parent directories): .git
2024-03-27 10:12:41.993 [info] > git rev-parse --show-toplevel [2ms]
2024-03-27 10:12:41.993 [info] fatal: not a git repository (or any of the parent directories): .git
2024-03-27 10:12:42.004 [info] > git rev-parse --show-toplevel [4ms]
2024-03-27 10:12:42.004 [info] fatal: not a git repository (or any of the parent directories): .git
2024-03-27 10:12:42.014 [info] > git rev-parse --show-toplevel [3ms]
2024-03-27 10:12:42.014 [info] fatal: not a git repository (or any of the parent directories): .git
2024-03-27 10:12:42.024 [info] > git rev-parse --show-toplevel [1ms]
2024-03-27 10:12:42.024 [info] fatal: not a git repository (or any of the parent directories): .git
