2024-03-27 15:26:15.195 [info] Reading sessions from keychain...
2024-03-27 15:26:15.195 [info] Getting sessions for all scopes...
2024-03-27 15:26:15.195 [info] Got 0 sessions for ...
2024-03-27 15:26:16.266 [info] Getting sessions for project,read:org,read:user,repo,user:email,workflow...
2024-03-27 15:26:16.266 [info] Got 0 sessions for project,read:org,read:user,repo,user:email,workflow...
2024-03-27 15:26:16.369 [info] Getting sessions for all scopes...
2024-03-27 15:26:16.369 [info] Got 0 sessions for ...
2024-03-27 15:26:16.664 [info] Getting sessions for read:user,repo,user:email,workflow...
2024-03-27 15:26:16.664 [info] Got 0 sessions for read:user,repo,user:email,workflow...
2024-03-27 15:26:17.591 [info] Getting sessions for read:user,repo,user:email,workflow...
2024-03-27 15:26:17.591 [info] Got 0 sessions for read:user,repo,user:email,workflow...
2024-03-27 15:26:18.687 [info] Getting sessions for read:user,repo,user:email...
2024-03-27 15:26:18.687 [info] Got 0 sessions for read:user,repo,user:email...
2024-03-27 15:26:18.871 [info] Getting sessions for read:user,repo,user:email,workflow...
2024-03-27 15:26:18.872 [info] Got 0 sessions for read:user,repo,user:email,workflow...
2024-03-27 15:26:24.944 [info] Getting sessions for read:user,repo,user:email,workflow...
2024-03-27 15:26:24.944 [info] Got 0 sessions for read:user,repo,user:email,workflow...
2024-03-27 15:26:25.962 [info] Logging in for the following scopes: read:user repo user:email workflow
2024-03-27 15:26:26.112 [info] Trying without local server... (read:user repo user:email workflow)
2024-03-27 15:28:26.579 [error] User Cancelled
2024-03-27 15:29:12.887 [info] Getting sessions for read:user,repo,user:email,workflow...
2024-03-27 15:29:12.888 [info] Got 0 sessions for read:user,repo,user:email,workflow...
2024-03-27 15:29:15.114 [info] Logging in for the following scopes: read:user repo user:email workflow
2024-03-27 15:29:15.166 [info] Trying without local server... (read:user repo user:email workflow)
2024-03-27 15:29:58.913 [error] User Cancelled
2024-03-27 15:30:00.596 [info] Trying with local server... (read:user repo user:email workflow)
2024-03-27 15:30:02.184 [error] User Cancelled
2024-03-27 15:30:36.609 [info] Getting sessions for read:user,repo,user:email,workflow...
2024-03-27 15:30:36.610 [info] Got 0 sessions for read:user,repo,user:email,workflow...
2024-03-27 15:30:37.667 [info] Logging in for the following scopes: read:user repo user:email workflow
2024-03-27 15:30:37.674 [info] Trying without local server... (read:user repo user:email workflow)
2024-03-27 15:30:54.621 [error] User Cancelled
2024-03-27 15:30:56.352 [info] Trying with local server... (read:user repo user:email workflow)
2024-03-27 15:31:29.903 [info] Exchanging code for token...
2024-03-27 15:31:30.289 [info] Token exchange success!
2024-03-27 15:31:30.298 [info] Getting user info...
2024-03-27 15:31:30.663 [info] Got account info!
2024-03-27 15:31:30.664 [info] Storing 1 sessions...
2024-03-27 15:31:30.669 [info] Reading sessions from keychain...
2024-03-27 15:31:30.670 [info] Stored 1 sessions!
2024-03-27 15:31:30.670 [info] Login success!
2024-03-27 15:31:30.814 [info] Got stored sessions!
2024-03-27 15:31:30.818 [info] Got 1 verified sessions.
2024-03-27 15:31:30.829 [info] Getting sessions for project,read:org,read:user,repo,user:email,workflow...
2024-03-27 15:31:30.830 [info] Got 0 sessions for project,read:org,read:user,repo,user:email,workflow...
2024-03-27 15:31:30.856 [info] Getting sessions for read:user,repo,user:email,workflow...
2024-03-27 15:31:30.857 [info] Got 1 sessions for read:user,repo,user:email,workflow...
2024-03-27 15:31:31.334 [info] Getting sessions for read:user,repo,user:email,workflow...
2024-03-27 15:31:31.334 [info] Got 1 sessions for read:user,repo,user:email,workflow...
