2024-03-27 15:04:56.350 [info] Extension host with pid 11545 started
2024-03-27 15:04:56.350 [info] Skipping acquiring lock for /root/docker/~/vscode/User/workspaceStorage/814fb4e0ea067e0160cf1ea1830b3d6d.
2024-03-27 15:04:56.532 [info] ExtensionService#_doActivateExtension vscode.git-base, startup: true, activationEvent: '*', root cause: vscode.git
2024-03-27 15:04:56.678 [info] ExtensionService#_doActivateExtension vscode.git, startup: true, activationEvent: '*'
2024-03-27 15:04:56.795 [info] ExtensionService#_doActivateExtension vscode.github, startup: true, activationEvent: '*'
2024-03-27 15:04:57.058 [info] Eager extensions activated
2024-03-27 15:04:57.137 [info] ExtensionService#_doActivateExtension vscode.debug-auto-launch, startup: false, activationEvent: 'onStartupFinished'
2024-03-27 15:04:57.144 [info] ExtensionService#_doActivateExtension vscode.merge-conflict, startup: false, activationEvent: 'onStartupFinished'
2024-03-27 15:04:57.155 [info] ExtensionService#_doActivateExtension vscode.github-authentication, startup: false, activationEvent: 'onStartupFinished', root cause: GitHub.vscode-pull-request-github
2024-03-27 15:04:57.234 [info] ExtensionService#_doActivateExtension ms-vscode-remote.remote-containers, startup: false, activationEvent: 'onStartupFinished'
2024-03-27 15:04:57.387 [info] ExtensionService#_doActivateExtension ms-vscode-remote.remote-wsl, startup: false, activationEvent: 'onStartupFinished'
2024-03-27 15:04:57.648 [info] ExtensionService#_doActivateExtension GitHub.vscode-pull-request-github, startup: false, activationEvent: 'onStartupFinished'
2024-03-27 15:04:58.631 [warning] [Decorations] CAPPING events from decorations provider vscode.git 1020
2024-03-27 15:05:00.696 [warning] [Decorations] CAPPING events from decorations provider vscode.git 1023
2024-03-27 15:05:06.415 [warning] [Decorations] CAPPING events from decorations provider vscode.git 1023
2024-03-27 15:05:07.923 [info] ExtensionService#_doActivateExtension vscode.emmet, startup: false, activationEvent: 'onLanguage'
2024-03-27 15:05:11.492 [warning] [Decorations] CAPPING events from decorations provider vscode.git 1023
2024-03-27 15:06:01.383 [warning] [Decorations] CAPPING events from decorations provider vscode.git 1023
2024-03-27 15:06:04.935 [info] ExtensionService#_doActivateExtension vscode.references-view, startup: false, activationEvent: 'onCommand:references-view.showCallHierarchy'
2024-03-27 15:06:06.574 [warning] [Decorations] CAPPING events from decorations provider vscode.git 1023
2024-03-27 15:06:12.002 [warning] [Decorations] CAPPING events from decorations provider vscode.git 1023
2024-03-27 15:06:17.110 [warning] [Decorations] CAPPING events from decorations provider vscode.git 1024
2024-03-27 15:06:22.306 [warning] [Decorations] CAPPING events from decorations provider vscode.git 1024
2024-03-27 15:06:27.461 [warning] [Decorations] CAPPING events from decorations provider vscode.git 1024
2024-03-27 15:06:32.669 [warning] [Decorations] CAPPING events from decorations provider vscode.git 1024
2024-03-27 15:06:38.094 [warning] [Decorations] CAPPING events from decorations provider vscode.git 1024
2024-03-27 15:06:43.502 [warning] [Decorations] CAPPING events from decorations provider vscode.git 1024
2024-03-27 15:06:48.717 [warning] [Decorations] CAPPING events from decorations provider vscode.git 1024
2024-03-27 15:06:53.803 [warning] [Decorations] CAPPING events from decorations provider vscode.git 1024
2024-03-27 15:06:59.009 [warning] [Decorations] CAPPING events from decorations provider vscode.git 1024
2024-03-27 15:07:04.377 [warning] [Decorations] CAPPING events from decorations provider vscode.git 1024
2024-03-27 15:07:09.602 [warning] [Decorations] CAPPING events from decorations provider vscode.git 1024
2024-03-27 15:07:14.672 [warning] [Decorations] CAPPING events from decorations provider vscode.git 1024
2024-03-27 15:07:19.808 [warning] [Decorations] CAPPING events from decorations provider vscode.git 1024
2024-03-27 15:07:24.943 [warning] [Decorations] CAPPING events from decorations provider vscode.git 1024
2024-03-27 15:07:30.720 [warning] [Decorations] CAPPING events from decorations provider vscode.git 1024
2024-03-27 15:08:19.015 [info] Extension host terminating: renderer closed the MessagePort
2024-03-27 15:08:20.081 [error] Canceled: Canceled
	at new $ (/usr/share/code/resources/app/out/vs/workbench/api/node/extensionHostProcess.js:140:45885)
	at s.U (/usr/share/code/resources/app/out/vs/workbench/api/node/extensionHostProcess.js:147:5556)
	at z.<computed>.T.charCodeAt.z.<computed> (/usr/share/code/resources/app/out/vs/workbench/api/node/extensionHostProcess.js:147:3007)
	at l.g (/usr/share/code/resources/app/out/vs/workbench/api/node/extensionHostProcess.js:150:184300)
	at l.executeCommand (/usr/share/code/resources/app/out/vs/workbench/api/node/extensionHostProcess.js:150:183738)
	at f.registerCommand.description (/usr/share/code/resources/app/out/vs/workbench/api/node/extensionHostProcess.js:150:183062)
	at l.h (/usr/share/code/resources/app/out/vs/workbench/api/node/extensionHostProcess.js:150:184839)
	at l.g (/usr/share/code/resources/app/out/vs/workbench/api/node/extensionHostProcess.js:150:183831)
	at l.executeCommand (/usr/share/code/resources/app/out/vs/workbench/api/node/extensionHostProcess.js:150:183738)
	at Object.executeCommand (/usr/share/code/resources/app/out/vs/workbench/api/node/extensionHostProcess.js:160:21654)
	at w.O [as value] (/usr/share/code/resources/app/extensions/git/dist/main.js:2:943479)
	at n.y (/usr/share/code/resources/app/out/vs/workbench/api/node/extensionHostProcess.js:80:1902)
	at n.z (/usr/share/code/resources/app/out/vs/workbench/api/node/extensionHostProcess.js:80:1972)
	at n.fire (/usr/share/code/resources/app/out/vs/workbench/api/node/extensionHostProcess.js:80:2188)
	at Object.m [as dispose] (/usr/share/code/resources/app/extensions/git/dist/main.js:2:962791)
	at /usr/share/code/resources/app/extensions/git/dist/main.js:2:968825
	at Array.forEach (<anonymous>)
	at f.dispose (/usr/share/code/resources/app/extensions/git/dist/main.js:2:968811)
	at u.<anonymous> (/usr/share/code/resources/app/out/vs/workbench/api/node/extensionHostProcess.js:148:3704)
	at u.dispose (/usr/share/code/resources/app/out/vs/workbench/api/node/extensionHostProcess.js:148:3801)
	at u.<anonymous> (/usr/share/code/resources/app/extensions/git/dist/main.js:2:945736)
	at u.dispose (/usr/share/code/resources/app/out/vs/workbench/api/node/extensionHostProcess.js:148:3801)
	at o (/usr/share/code/resources/app/out/vs/workbench/api/node/extensionHostProcess.js:30:754)
	at w.cb (/usr/share/code/resources/app/out/vs/workbench/api/node/extensionHostProcess.js:156:9882)
	at /usr/share/code/resources/app/out/vs/workbench/api/node/extensionHostProcess.js:156:7816
	at Array.map (<anonymous>)
	at w.Y (/usr/share/code/resources/app/out/vs/workbench/api/node/extensionHostProcess.js:156:7803)
	at w.terminate (/usr/share/code/resources/app/out/vs/workbench/api/node/extensionHostProcess.js:156:8076)
	at o.terminate (/usr/share/code/resources/app/out/vs/workbench/api/node/extensionHostProcess.js:160:1513)
	at t (/usr/share/code/resources/app/out/vs/workbench/api/node/extensionHostProcess.js:173:9949)
	at MessagePortMain.<anonymous> (/usr/share/code/resources/app/out/vs/workbench/api/node/extensionHostProcess.js:173:6374)
	at MessagePortMain.emit (node:events:514:28)
	at Object.emit (node:electron/js2c/utility_init:2:2285) setContext undefined
2024-03-27 15:08:20.090 [error] Canceled: Canceled
	at new $ (/usr/share/code/resources/app/out/vs/workbench/api/node/extensionHostProcess.js:140:45885)
	at s.U (/usr/share/code/resources/app/out/vs/workbench/api/node/extensionHostProcess.js:147:5556)
	at z.<computed>.T.charCodeAt.z.<computed> (/usr/share/code/resources/app/out/vs/workbench/api/node/extensionHostProcess.js:147:3007)
	at l.g (/usr/share/code/resources/app/out/vs/workbench/api/node/extensionHostProcess.js:150:184300)
	at l.executeCommand (/usr/share/code/resources/app/out/vs/workbench/api/node/extensionHostProcess.js:150:183738)
	at f.registerCommand.description (/usr/share/code/resources/app/out/vs/workbench/api/node/extensionHostProcess.js:150:183062)
	at l.h (/usr/share/code/resources/app/out/vs/workbench/api/node/extensionHostProcess.js:150:184839)
	at l.g (/usr/share/code/resources/app/out/vs/workbench/api/node/extensionHostProcess.js:150:183831)
	at l.executeCommand (/usr/share/code/resources/app/out/vs/workbench/api/node/extensionHostProcess.js:150:183738)
	at Object.executeCommand (/usr/share/code/resources/app/out/vs/workbench/api/node/extensionHostProcess.js:160:21654)
	at set hasGitHubRepositories [as hasGitHubRepositories] (/usr/share/code/resources/app/extensions/github/dist/extension.js:2:325214)
	at /usr/share/code/resources/app/extensions/github/dist/extension.js:2:326173
	at w.value (/usr/share/code/resources/app/extensions/git/dist/main.js:2:1050811)
	at n.y (/usr/share/code/resources/app/out/vs/workbench/api/node/extensionHostProcess.js:80:1902)
	at n.z (/usr/share/code/resources/app/out/vs/workbench/api/node/extensionHostProcess.js:80:1972)
	at n.fire (/usr/share/code/resources/app/out/vs/workbench/api/node/extensionHostProcess.js:80:2188)
	at Object.m [as dispose] (/usr/share/code/resources/app/extensions/git/dist/main.js:2:962791)
	at /usr/share/code/resources/app/extensions/git/dist/main.js:2:968825
	at Array.forEach (<anonymous>)
	at f.dispose (/usr/share/code/resources/app/extensions/git/dist/main.js:2:968811)
	at u.<anonymous> (/usr/share/code/resources/app/out/vs/workbench/api/node/extensionHostProcess.js:148:3704)
	at u.dispose (/usr/share/code/resources/app/out/vs/workbench/api/node/extensionHostProcess.js:148:3801)
	at u.<anonymous> (/usr/share/code/resources/app/extensions/git/dist/main.js:2:945736)
	at u.dispose (/usr/share/code/resources/app/out/vs/workbench/api/node/extensionHostProcess.js:148:3801)
	at o (/usr/share/code/resources/app/out/vs/workbench/api/node/extensionHostProcess.js:30:754)
	at w.cb (/usr/share/code/resources/app/out/vs/workbench/api/node/extensionHostProcess.js:156:9882)
	at /usr/share/code/resources/app/out/vs/workbench/api/node/extensionHostProcess.js:156:7816
	at Array.map (<anonymous>)
	at w.Y (/usr/share/code/resources/app/out/vs/workbench/api/node/extensionHostProcess.js:156:7803)
	at w.terminate (/usr/share/code/resources/app/out/vs/workbench/api/node/extensionHostProcess.js:156:8076)
	at o.terminate (/usr/share/code/resources/app/out/vs/workbench/api/node/extensionHostProcess.js:160:1513)
	at t (/usr/share/code/resources/app/out/vs/workbench/api/node/extensionHostProcess.js:173:9949)
	at MessagePortMain.<anonymous> (/usr/share/code/resources/app/out/vs/workbench/api/node/extensionHostProcess.js:173:6374)
	at MessagePortMain.emit (node:events:514:28)
	at Object.emit (node:electron/js2c/utility_init:2:2285) setContext undefined
2024-03-27 15:08:20.106 [error] Canceled: Canceled
	at new $ (/usr/share/code/resources/app/out/vs/workbench/api/node/extensionHostProcess.js:140:45885)
	at s.U (/usr/share/code/resources/app/out/vs/workbench/api/node/extensionHostProcess.js:147:5556)
	at z.<computed>.T.charCodeAt.z.<computed> (/usr/share/code/resources/app/out/vs/workbench/api/node/extensionHostProcess.js:147:3007)
	at l.g (/usr/share/code/resources/app/out/vs/workbench/api/node/extensionHostProcess.js:150:184300)
	at l.executeCommand (/usr/share/code/resources/app/out/vs/workbench/api/node/extensionHostProcess.js:150:183738)
	at f.registerCommand.description (/usr/share/code/resources/app/out/vs/workbench/api/node/extensionHostProcess.js:150:183062)
	at l.h (/usr/share/code/resources/app/out/vs/workbench/api/node/extensionHostProcess.js:150:184839)
	at l.g (/usr/share/code/resources/app/out/vs/workbench/api/node/extensionHostProcess.js:150:183831)
	at l.executeCommand (/usr/share/code/resources/app/out/vs/workbench/api/node/extensionHostProcess.js:150:183738)
	at Object.executeCommand (/usr/share/code/resources/app/out/vs/workbench/api/node/extensionHostProcess.js:160:21654)
	at e (/root/.vscode/extensions/github.vscode-pull-request-github-0.82.1/dist/extension.js:1968:1467)
	at Object.n [as setContext] (/root/.vscode/extensions/github.vscode-pull-request-github-0.82.1/dist/extension.js:1968:1582)
	at qp.updateActiveReviewCount (/root/.vscode/extensions/github.vscode-pull-request-github-0.82.1/dist/extension.js:2031:22909)
	at qp.removeRepo (/root/.vscode/extensions/github.vscode-pull-request-github-0.82.1/dist/extension.js:2031:24054)
	at w.value (/root/.vscode/extensions/github.vscode-pull-request-github-0.82.1/dist/extension.js:2144:4217)
	at n.y (/usr/share/code/resources/app/out/vs/workbench/api/node/extensionHostProcess.js:80:1902)
	at n.z (/usr/share/code/resources/app/out/vs/workbench/api/node/extensionHostProcess.js:80:1972)
	at n.fire (/usr/share/code/resources/app/out/vs/workbench/api/node/extensionHostProcess.js:80:2188)
	at w.value (/root/.vscode/extensions/github.vscode-pull-request-github-0.82.1/dist/extension.js:1936:446993)
	at n.y (/usr/share/code/resources/app/out/vs/workbench/api/node/extensionHostProcess.js:80:1902)
	at n.fire (/usr/share/code/resources/app/out/vs/workbench/api/node/extensionHostProcess.js:80:2119)
	at /root/.vscode/extensions/github.vscode-pull-request-github-0.82.1/dist/extension.js:2031:27770
	at w.value (/usr/share/code/resources/app/extensions/git/dist/main.js:2:1050811)
	at n.y (/usr/share/code/resources/app/out/vs/workbench/api/node/extensionHostProcess.js:80:1902)
	at n.z (/usr/share/code/resources/app/out/vs/workbench/api/node/extensionHostProcess.js:80:1972)
	at n.fire (/usr/share/code/resources/app/out/vs/workbench/api/node/extensionHostProcess.js:80:2188)
	at Object.m [as dispose] (/usr/share/code/resources/app/extensions/git/dist/main.js:2:962791)
	at /usr/share/code/resources/app/extensions/git/dist/main.js:2:968825
	at Array.forEach (<anonymous>)
	at f.dispose (/usr/share/code/resources/app/extensions/git/dist/main.js:2:968811)
	at u.<anonymous> (/usr/share/code/resources/app/out/vs/workbench/api/node/extensionHostProcess.js:148:3704)
	at u.dispose (/usr/share/code/resources/app/out/vs/workbench/api/node/extensionHostProcess.js:148:3801)
	at u.<anonymous> (/usr/share/code/resources/app/extensions/git/dist/main.js:2:945736)
	at u.dispose (/usr/share/code/resources/app/out/vs/workbench/api/node/extensionHostProcess.js:148:3801)
	at o (/usr/share/code/resources/app/out/vs/workbench/api/node/extensionHostProcess.js:30:754)
	at w.cb (/usr/share/code/resources/app/out/vs/workbench/api/node/extensionHostProcess.js:156:9882)
	at /usr/share/code/resources/app/out/vs/workbench/api/node/extensionHostProcess.js:156:7816
	at Array.map (<anonymous>)
	at w.Y (/usr/share/code/resources/app/out/vs/workbench/api/node/extensionHostProcess.js:156:7803)
	at w.terminate (/usr/share/code/resources/app/out/vs/workbench/api/node/extensionHostProcess.js:156:8076)
	at o.terminate (/usr/share/code/resources/app/out/vs/workbench/api/node/extensionHostProcess.js:160:1513)
	at t (/usr/share/code/resources/app/out/vs/workbench/api/node/extensionHostProcess.js:173:9949)
	at MessagePortMain.<anonymous> (/usr/share/code/resources/app/out/vs/workbench/api/node/extensionHostProcess.js:173:6374)
	at MessagePortMain.emit (node:events:514:28)
	at Object.emit (node:electron/js2c/utility_init:2:2285) setContext undefined
2024-03-27 15:08:20.176 [error] Canceled: Canceled
	at new $ (/usr/share/code/resources/app/out/vs/workbench/api/node/extensionHostProcess.js:140:45885)
	at s.U (/usr/share/code/resources/app/out/vs/workbench/api/node/extensionHostProcess.js:147:5556)
	at z.<computed>.T.charCodeAt.z.<computed> (/usr/share/code/resources/app/out/vs/workbench/api/node/extensionHostProcess.js:147:3007)
	at l.g (/usr/share/code/resources/app/out/vs/workbench/api/node/extensionHostProcess.js:150:184300)
	at l.executeCommand (/usr/share/code/resources/app/out/vs/workbench/api/node/extensionHostProcess.js:150:183738)
	at f.registerCommand.description (/usr/share/code/resources/app/out/vs/workbench/api/node/extensionHostProcess.js:150:183062)
	at l.h (/usr/share/code/resources/app/out/vs/workbench/api/node/extensionHostProcess.js:150:184839)
	at l.g (/usr/share/code/resources/app/out/vs/workbench/api/node/extensionHostProcess.js:150:183831)
	at l.executeCommand (/usr/share/code/resources/app/out/vs/workbench/api/node/extensionHostProcess.js:150:183738)
	at Object.executeCommand (/usr/share/code/resources/app/out/vs/workbench/api/node/extensionHostProcess.js:160:21654)
	at e (/root/.vscode/extensions/github.vscode-pull-request-github-0.82.1/dist/extension.js:1968:1467)
	at Object.n [as setContext] (/root/.vscode/extensions/github.vscode-pull-request-github-0.82.1/dist/extension.js:1968:1582)
	at Dm.setReviewModeContexts (/root/.vscode/extensions/github.vscode-pull-request-github-0.82.1/dist/extension.js:2131:14280)
	at Dm.removePrFromView (/root/.vscode/extensions/github.vscode-pull-request-github-0.82.1/dist/extension.js:2131:14907)
	at zc.clear (/root/.vscode/extensions/github.vscode-pull-request-github-0.82.1/dist/extension.js:2012:26101)
	at zc.dispose (/root/.vscode/extensions/github.vscode-pull-request-github-0.82.1/dist/extension.js:2014:167)
	at Lm.removeReviewManager (/root/.vscode/extensions/github.vscode-pull-request-github-0.82.1/dist/extension.js:2131:45823)
	at w.value (/root/.vscode/extensions/github.vscode-pull-request-github-0.82.1/dist/extension.js:2144:4235)
	at n.y (/usr/share/code/resources/app/out/vs/workbench/api/node/extensionHostProcess.js:80:1902)
	at n.z (/usr/share/code/resources/app/out/vs/workbench/api/node/extensionHostProcess.js:80:1972)
	at n.fire (/usr/share/code/resources/app/out/vs/workbench/api/node/extensionHostProcess.js:80:2188)
	at w.value (/root/.vscode/extensions/github.vscode-pull-request-github-0.82.1/dist/extension.js:1936:446993)
	at n.y (/usr/share/code/resources/app/out/vs/workbench/api/node/extensionHostProcess.js:80:1902)
	at n.fire (/usr/share/code/resources/app/out/vs/workbench/api/node/extensionHostProcess.js:80:2119)
	at /root/.vscode/extensions/github.vscode-pull-request-github-0.82.1/dist/extension.js:2031:27770
	at w.value (/usr/share/code/resources/app/extensions/git/dist/main.js:2:1050811)
	at n.y (/usr/share/code/resources/app/out/vs/workbench/api/node/extensionHostProcess.js:80:1902)
	at n.z (/usr/share/code/resources/app/out/vs/workbench/api/node/extensionHostProcess.js:80:1972)
	at n.fire (/usr/share/code/resources/app/out/vs/workbench/api/node/extensionHostProcess.js:80:2188)
	at Object.m [as dispose] (/usr/share/code/resources/app/extensions/git/dist/main.js:2:962791)
	at /usr/share/code/resources/app/extensions/git/dist/main.js:2:968825
	at Array.forEach (<anonymous>)
	at f.dispose (/usr/share/code/resources/app/extensions/git/dist/main.js:2:968811)
	at u.<anonymous> (/usr/share/code/resources/app/out/vs/workbench/api/node/extensionHostProcess.js:148:3704)
	at u.dispose (/usr/share/code/resources/app/out/vs/workbench/api/node/extensionHostProcess.js:148:3801)
	at u.<anonymous> (/usr/share/code/resources/app/extensions/git/dist/main.js:2:945736)
	at u.dispose (/usr/share/code/resources/app/out/vs/workbench/api/node/extensionHostProcess.js:148:3801)
	at o (/usr/share/code/resources/app/out/vs/workbench/api/node/extensionHostProcess.js:30:754)
	at w.cb (/usr/share/code/resources/app/out/vs/workbench/api/node/extensionHostProcess.js:156:9882)
	at /usr/share/code/resources/app/out/vs/workbench/api/node/extensionHostProcess.js:156:7816
	at Array.map (<anonymous>)
	at w.Y (/usr/share/code/resources/app/out/vs/workbench/api/node/extensionHostProcess.js:156:7803)
	at w.terminate (/usr/share/code/resources/app/out/vs/workbench/api/node/extensionHostProcess.js:156:8076)
	at o.terminate (/usr/share/code/resources/app/out/vs/workbench/api/node/extensionHostProcess.js:160:1513)
	at t (/usr/share/code/resources/app/out/vs/workbench/api/node/extensionHostProcess.js:173:9949)
	at MessagePortMain.<anonymous> (/usr/share/code/resources/app/out/vs/workbench/api/node/extensionHostProcess.js:173:6374)
	at MessagePortMain.emit (node:events:514:28)
	at Object.emit (node:electron/js2c/utility_init:2:2285) setContext undefined
2024-03-27 15:08:20.176 [error] Canceled: Canceled
	at new $ (/usr/share/code/resources/app/out/vs/workbench/api/node/extensionHostProcess.js:140:45885)
	at s.U (/usr/share/code/resources/app/out/vs/workbench/api/node/extensionHostProcess.js:147:5556)
	at z.<computed>.T.charCodeAt.z.<computed> (/usr/share/code/resources/app/out/vs/workbench/api/node/extensionHostProcess.js:147:3007)
	at l.g (/usr/share/code/resources/app/out/vs/workbench/api/node/extensionHostProcess.js:150:184300)
	at l.executeCommand (/usr/share/code/resources/app/out/vs/workbench/api/node/extensionHostProcess.js:150:183738)
	at f.registerCommand.description (/usr/share/code/resources/app/out/vs/workbench/api/node/extensionHostProcess.js:150:183062)
	at l.h (/usr/share/code/resources/app/out/vs/workbench/api/node/extensionHostProcess.js:150:184839)
	at l.g (/usr/share/code/resources/app/out/vs/workbench/api/node/extensionHostProcess.js:150:183831)
	at l.executeCommand (/usr/share/code/resources/app/out/vs/workbench/api/node/extensionHostProcess.js:150:183738)
	at Object.executeCommand (/usr/share/code/resources/app/out/vs/workbench/api/node/extensionHostProcess.js:160:21654)
	at S2.reset (/root/.vscode/extensions/github.vscode-pull-request-github-0.82.1/dist/extension.js:2131:7888)
	at S2.dispose (/root/.vscode/extensions/github.vscode-pull-request-github-0.82.1/dist/extension.js:2131:8159)
	at o (/usr/share/code/resources/app/out/vs/workbench/api/node/extensionHostProcess.js:30:754)
	at w.cb (/usr/share/code/resources/app/out/vs/workbench/api/node/extensionHostProcess.js:156:9882)
	at /usr/share/code/resources/app/out/vs/workbench/api/node/extensionHostProcess.js:156:7816
	at Array.map (<anonymous>)
	at w.Y (/usr/share/code/resources/app/out/vs/workbench/api/node/extensionHostProcess.js:156:7803)
	at w.terminate (/usr/share/code/resources/app/out/vs/workbench/api/node/extensionHostProcess.js:156:8076)
	at o.terminate (/usr/share/code/resources/app/out/vs/workbench/api/node/extensionHostProcess.js:160:1513)
	at t (/usr/share/code/resources/app/out/vs/workbench/api/node/extensionHostProcess.js:173:9949)
	at MessagePortMain.<anonymous> (/usr/share/code/resources/app/out/vs/workbench/api/node/extensionHostProcess.js:173:6374)
	at MessagePortMain.emit (node:events:514:28)
	at Object.emit (node:electron/js2c/utility_init:2:2285) setContext undefined
2024-03-27 15:08:20.177 [info] Extension host with pid 11545 exiting with code 0
