2024-03-27 14:43:25.099 [info] Added views:workbench.panel.markers.view in workbench.panel.markers
2024-03-27 14:43:25.099 [info] Added views:workbench.panel.output in workbench.panel.output
2024-03-27 14:43:25.099 [info] Added views:terminal in terminal
2024-03-27 14:43:25.099 [info] Added views:outline in workbench.view.explorer
2024-03-27 14:43:25.099 [info] Added views:workbench.scm in workbench.view.scm
2024-03-27 14:43:25.099 [info] Added views:workbench.view.search in workbench.view.search
2024-03-27 14:43:25.099 [info] Added views:timeline in workbench.view.explorer
2024-03-27 14:43:25.099 [info] Added views:workbench.explorer.emptyView in workbench.view.explorer
2024-03-27 14:43:25.363 [info] Added views:workbench.debug.variablesView,workbench.debug.watchExpressionsView,workbench.debug.callStackView,workbench.debug.breakPointsView in workbench.view.debug
2024-03-27 14:43:28.398 [info] Added views:dockerContainers,dockerImages,dockerRegistries,dockerNetworks,dockerVolumes,vscode-docker.views.dockerContexts,vscode-docker.views.help in workbench.view.extension.dockerView
2024-03-27 14:43:28.401 [info] Added views:targetsContainers,devVolumes in workbench.view.remote
2024-03-27 14:43:28.402 [info] Added views:remoteTargets in workbench.view.remote
2024-03-27 14:43:28.463 [info] Added views:~remote.forwardedPorts in ~remote.forwardedPortsContainer
2024-03-27 14:43:28.808 [info] Added views:workbench.panel.repl.view in workbench.panel.repl
2024-03-27 14:43:28.856 [info] Removed views:workbench.debug.breakPointsView,workbench.debug.callStackView,workbench.debug.watchExpressionsView,workbench.debug.variablesView from workbench.view.debug
2024-03-27 14:43:28.857 [info] Added views:workbench.debug.welcome in workbench.view.debug
2024-03-27 14:43:35.860 [info] Added views:workbench.panel.markers.view in workbench.panel.markers
2024-03-27 14:43:35.860 [info] Added views:workbench.panel.output in workbench.panel.output
2024-03-27 14:43:35.860 [info] Added views:terminal in terminal
2024-03-27 14:43:35.860 [info] Added views:outline in workbench.view.explorer
2024-03-27 14:43:35.860 [info] Added views:workbench.scm in workbench.view.scm
2024-03-27 14:43:35.860 [info] Added views:workbench.view.search in workbench.view.search
2024-03-27 14:43:35.860 [info] Added views:timeline in workbench.view.explorer
2024-03-27 14:43:35.860 [info] Added views:workbench.explorer.fileView in workbench.view.explorer
2024-03-27 14:43:36.502 [info] Added views:dockerContainers,dockerImages,dockerRegistries,dockerNetworks,dockerVolumes,vscode-docker.views.dockerContexts,vscode-docker.views.help in workbench.view.extension.dockerView
2024-03-27 14:43:36.504 [info] Added views:targetsContainers,devVolumes in workbench.view.remote
2024-03-27 14:43:36.505 [info] Added views:remoteTargets in workbench.view.remote
2024-03-27 14:43:37.023 [info] Added views:workbench.debug.variablesView,workbench.debug.watchExpressionsView,workbench.debug.callStackView,workbench.debug.breakPointsView in workbench.view.debug
2024-03-27 14:43:37.544 [info] Added views:~remote.forwardedPorts in ~remote.forwardedPortsContainer
2024-03-27 14:43:37.636 [info] Added views:workbench.panel.repl.view in workbench.panel.repl
2024-03-27 14:43:37.641 [info] Removed views:workbench.debug.breakPointsView,workbench.debug.callStackView,workbench.debug.watchExpressionsView,workbench.debug.variablesView from workbench.view.debug
2024-03-27 14:43:37.642 [info] Added views:workbench.debug.welcome in workbench.view.debug
