2024-03-27 14:49:36.774 [info] Extension host with pid 5863 started
2024-03-27 14:49:36.774 [info] Skipping acquiring lock for /root/docker/~/vscode/User/workspaceStorage/814fb4e0ea067e0160cf1ea1830b3d6d.
2024-03-27 14:49:36.916 [info] ExtensionService#_doActivateExtension vscode.git-base, startup: true, activationEvent: '*', root cause: vscode.git
2024-03-27 14:49:37.023 [info] ExtensionService#_doActivateExtension vscode.git, startup: true, activationEvent: '*'
2024-03-27 14:49:37.153 [info] ExtensionService#_doActivateExtension vscode.github, startup: true, activationEvent: '*'
2024-03-27 14:49:37.380 [info] Eager extensions activated
2024-03-27 14:49:37.525 [info] ExtensionService#_doActivateExtension vscode.debug-auto-launch, startup: false, activationEvent: 'onStartupFinished'
2024-03-27 14:49:37.530 [info] ExtensionService#_doActivateExtension vscode.merge-conflict, startup: false, activationEvent: 'onStartupFinished'
2024-03-27 14:49:37.544 [info] ExtensionService#_doActivateExtension ms-vscode-remote.remote-containers, startup: false, activationEvent: 'onStartupFinished'
2024-03-27 14:49:37.646 [info] ExtensionService#_doActivateExtension ms-vscode-remote.remote-wsl, startup: false, activationEvent: 'onStartupFinished'
2024-03-27 14:49:38.028 [warning] [Decorations] CAPPING events from decorations provider vscode.git 897
2024-03-27 14:49:38.873 [warning] [Decorations] CAPPING events from decorations provider vscode.git 898
2024-03-27 14:49:38.899 [info] ExtensionService#_doActivateExtension vscode.github-authentication, startup: false, activationEvent: 'onAuthenticationRequest:github'
2024-03-27 14:49:42.670 [warning] [Decorations] CAPPING events from decorations provider vscode.git 899
2024-03-27 14:49:47.750 [warning] [Decorations] CAPPING events from decorations provider vscode.git 899
2024-03-27 14:49:52.809 [warning] [Decorations] CAPPING events from decorations provider vscode.git 899
2024-03-27 14:50:32.617 [warning] [Decorations] CAPPING events from decorations provider vscode.git 899
2024-03-27 14:50:37.729 [warning] [Decorations] CAPPING events from decorations provider vscode.git 899
2024-03-27 14:50:42.882 [warning] [Decorations] CAPPING events from decorations provider vscode.git 899
2024-03-27 14:50:47.964 [warning] [Decorations] CAPPING events from decorations provider vscode.git 899
2024-03-27 14:50:53.052 [warning] [Decorations] CAPPING events from decorations provider vscode.git 899
2024-03-27 14:50:55.648 [info] ExtensionService#_doActivateExtension vscode.emmet, startup: false, activationEvent: 'onLanguage'
2024-03-27 14:50:58.162 [warning] [Decorations] CAPPING events from decorations provider vscode.git 899
2024-03-27 14:51:03.283 [warning] [Decorations] CAPPING events from decorations provider vscode.git 899
2024-03-27 14:51:08.398 [warning] [Decorations] CAPPING events from decorations provider vscode.git 899
2024-03-27 14:51:14.571 [warning] [Decorations] CAPPING events from decorations provider vscode.git 899
2024-03-27 14:51:17.778 [info] Extension host terminating: renderer closed the MessagePort
2024-03-27 14:51:17.857 [error] Canceled: Canceled
	at new $ (/usr/share/code/resources/app/out/vs/workbench/api/node/extensionHostProcess.js:140:45885)
	at s.U (/usr/share/code/resources/app/out/vs/workbench/api/node/extensionHostProcess.js:147:5556)
	at z.<computed>.T.charCodeAt.z.<computed> (/usr/share/code/resources/app/out/vs/workbench/api/node/extensionHostProcess.js:147:3007)
	at l.g (/usr/share/code/resources/app/out/vs/workbench/api/node/extensionHostProcess.js:150:184300)
	at l.executeCommand (/usr/share/code/resources/app/out/vs/workbench/api/node/extensionHostProcess.js:150:183738)
	at f.registerCommand.description (/usr/share/code/resources/app/out/vs/workbench/api/node/extensionHostProcess.js:150:183062)
	at l.h (/usr/share/code/resources/app/out/vs/workbench/api/node/extensionHostProcess.js:150:184839)
	at l.g (/usr/share/code/resources/app/out/vs/workbench/api/node/extensionHostProcess.js:150:183831)
	at l.executeCommand (/usr/share/code/resources/app/out/vs/workbench/api/node/extensionHostProcess.js:150:183738)
	at Object.executeCommand (/usr/share/code/resources/app/out/vs/workbench/api/node/extensionHostProcess.js:160:21654)
	at w.O [as value] (/usr/share/code/resources/app/extensions/git/dist/main.js:2:943479)
	at n.y (/usr/share/code/resources/app/out/vs/workbench/api/node/extensionHostProcess.js:80:1902)
	at n.z (/usr/share/code/resources/app/out/vs/workbench/api/node/extensionHostProcess.js:80:1972)
	at n.fire (/usr/share/code/resources/app/out/vs/workbench/api/node/extensionHostProcess.js:80:2188)
	at Object.m [as dispose] (/usr/share/code/resources/app/extensions/git/dist/main.js:2:962791)
	at /usr/share/code/resources/app/extensions/git/dist/main.js:2:968825
	at Array.forEach (<anonymous>)
	at f.dispose (/usr/share/code/resources/app/extensions/git/dist/main.js:2:968811)
	at u.<anonymous> (/usr/share/code/resources/app/out/vs/workbench/api/node/extensionHostProcess.js:148:3704)
	at u.dispose (/usr/share/code/resources/app/out/vs/workbench/api/node/extensionHostProcess.js:148:3801)
	at u.<anonymous> (/usr/share/code/resources/app/extensions/git/dist/main.js:2:945736)
	at u.dispose (/usr/share/code/resources/app/out/vs/workbench/api/node/extensionHostProcess.js:148:3801)
	at o (/usr/share/code/resources/app/out/vs/workbench/api/node/extensionHostProcess.js:30:754)
	at w.cb (/usr/share/code/resources/app/out/vs/workbench/api/node/extensionHostProcess.js:156:9882)
	at /usr/share/code/resources/app/out/vs/workbench/api/node/extensionHostProcess.js:156:7816
	at Array.map (<anonymous>)
	at w.Y (/usr/share/code/resources/app/out/vs/workbench/api/node/extensionHostProcess.js:156:7803)
	at w.terminate (/usr/share/code/resources/app/out/vs/workbench/api/node/extensionHostProcess.js:156:8076)
	at o.terminate (/usr/share/code/resources/app/out/vs/workbench/api/node/extensionHostProcess.js:160:1513)
	at t (/usr/share/code/resources/app/out/vs/workbench/api/node/extensionHostProcess.js:173:9949)
	at MessagePortMain.<anonymous> (/usr/share/code/resources/app/out/vs/workbench/api/node/extensionHostProcess.js:173:6374)
	at MessagePortMain.emit (node:events:514:28)
	at Object.emit (node:electron/js2c/utility_init:2:2285) setContext undefined
2024-03-27 14:51:17.858 [error] Canceled: Canceled
	at new $ (/usr/share/code/resources/app/out/vs/workbench/api/node/extensionHostProcess.js:140:45885)
	at s.U (/usr/share/code/resources/app/out/vs/workbench/api/node/extensionHostProcess.js:147:5556)
	at z.<computed>.T.charCodeAt.z.<computed> (/usr/share/code/resources/app/out/vs/workbench/api/node/extensionHostProcess.js:147:3007)
	at l.g (/usr/share/code/resources/app/out/vs/workbench/api/node/extensionHostProcess.js:150:184300)
	at l.executeCommand (/usr/share/code/resources/app/out/vs/workbench/api/node/extensionHostProcess.js:150:183738)
	at f.registerCommand.description (/usr/share/code/resources/app/out/vs/workbench/api/node/extensionHostProcess.js:150:183062)
	at l.h (/usr/share/code/resources/app/out/vs/workbench/api/node/extensionHostProcess.js:150:184839)
	at l.g (/usr/share/code/resources/app/out/vs/workbench/api/node/extensionHostProcess.js:150:183831)
	at l.executeCommand (/usr/share/code/resources/app/out/vs/workbench/api/node/extensionHostProcess.js:150:183738)
	at Object.executeCommand (/usr/share/code/resources/app/out/vs/workbench/api/node/extensionHostProcess.js:160:21654)
	at set hasGitHubRepositories [as hasGitHubRepositories] (/usr/share/code/resources/app/extensions/github/dist/extension.js:2:325214)
	at /usr/share/code/resources/app/extensions/github/dist/extension.js:2:326173
	at w.value (/usr/share/code/resources/app/extensions/git/dist/main.js:2:1050811)
	at n.y (/usr/share/code/resources/app/out/vs/workbench/api/node/extensionHostProcess.js:80:1902)
	at n.z (/usr/share/code/resources/app/out/vs/workbench/api/node/extensionHostProcess.js:80:1972)
	at n.fire (/usr/share/code/resources/app/out/vs/workbench/api/node/extensionHostProcess.js:80:2188)
	at Object.m [as dispose] (/usr/share/code/resources/app/extensions/git/dist/main.js:2:962791)
	at /usr/share/code/resources/app/extensions/git/dist/main.js:2:968825
	at Array.forEach (<anonymous>)
	at f.dispose (/usr/share/code/resources/app/extensions/git/dist/main.js:2:968811)
	at u.<anonymous> (/usr/share/code/resources/app/out/vs/workbench/api/node/extensionHostProcess.js:148:3704)
	at u.dispose (/usr/share/code/resources/app/out/vs/workbench/api/node/extensionHostProcess.js:148:3801)
	at u.<anonymous> (/usr/share/code/resources/app/extensions/git/dist/main.js:2:945736)
	at u.dispose (/usr/share/code/resources/app/out/vs/workbench/api/node/extensionHostProcess.js:148:3801)
	at o (/usr/share/code/resources/app/out/vs/workbench/api/node/extensionHostProcess.js:30:754)
	at w.cb (/usr/share/code/resources/app/out/vs/workbench/api/node/extensionHostProcess.js:156:9882)
	at /usr/share/code/resources/app/out/vs/workbench/api/node/extensionHostProcess.js:156:7816
	at Array.map (<anonymous>)
	at w.Y (/usr/share/code/resources/app/out/vs/workbench/api/node/extensionHostProcess.js:156:7803)
	at w.terminate (/usr/share/code/resources/app/out/vs/workbench/api/node/extensionHostProcess.js:156:8076)
	at o.terminate (/usr/share/code/resources/app/out/vs/workbench/api/node/extensionHostProcess.js:160:1513)
	at t (/usr/share/code/resources/app/out/vs/workbench/api/node/extensionHostProcess.js:173:9949)
	at MessagePortMain.<anonymous> (/usr/share/code/resources/app/out/vs/workbench/api/node/extensionHostProcess.js:173:6374)
	at MessagePortMain.emit (node:events:514:28)
	at Object.emit (node:electron/js2c/utility_init:2:2285) setContext undefined
2024-03-27 14:51:17.858 [info] Extension host with pid 5863 exiting with code 0
