2024-03-27 14:51:27.246 [info] Reading sessions from keychain...
2024-03-27 14:51:27.246 [info] Getting sessions for all scopes...
2024-03-27 14:51:27.565 [info] Got 0 sessions for ...
2024-03-27 14:51:27.688 [info] Getting sessions for read:user,repo,user:email,workflow...
2024-03-27 14:51:27.688 [info] Got 0 sessions for read:user,repo,user:email,workflow...
2024-03-27 14:51:28.592 [info] Getting sessions for all scopes...
2024-03-27 14:51:28.593 [info] Got 0 sessions for ...
2024-03-27 14:51:39.655 [info] Getting sessions for read:user,repo,user:email,workflow...
2024-03-27 14:51:39.655 [info] Got 0 sessions for read:user,repo,user:email,workflow...
2024-03-27 14:51:43.886 [info] Logging in for the following scopes: read:user repo user:email workflow
2024-03-27 14:51:43.995 [info] Trying without local server... (read:user repo user:email workflow)
2024-03-27 14:51:52.400 [info] Getting sessions for read:org,user:email...
2024-03-27 14:51:52.401 [info] Got 0 sessions for read:org,user:email...
2024-03-27 14:51:52.529 [info] Getting sessions for all scopes...
2024-03-27 14:51:52.529 [info] Got 0 sessions for ...
2024-03-27 14:53:47.900 [info] Getting sessions for project,read:org,read:user,repo,user:email,workflow...
2024-03-27 14:53:47.901 [info] Got 0 sessions for project,read:org,read:user,repo,user:email,workflow...
2024-03-27 14:53:47.908 [info] Getting sessions for read:user,repo,user:email,workflow...
2024-03-27 14:53:47.908 [info] Got 0 sessions for read:user,repo,user:email,workflow...
2024-03-27 14:53:47.913 [info] Getting sessions for read:user,repo,user:email...
2024-03-27 14:53:47.914 [info] Got 0 sessions for read:user,repo,user:email...
2024-03-27 14:53:47.926 [info] Getting sessions for read:user,repo,user:email,workflow...
2024-03-27 14:53:47.926 [info] Got 0 sessions for read:user,repo,user:email,workflow...
