2024-03-27 14:49:37.395 [info] Log level: Info
2024-03-27 14:49:37.395 [info] Validating found git in: "git"
2024-03-27 14:49:37.395 [info] Using git "2.43.0" from "git"
2024-03-27 14:49:37.402 [info] > git rev-parse --show-toplevel [9ms]
2024-03-27 14:49:37.435 [info] > git rev-parse --git-dir --git-common-dir [20ms]
2024-03-27 14:49:37.458 [info] Open repository: /root/docker
2024-03-27 14:49:37.518 [info] > git rev-parse --show-toplevel [20ms]
2024-03-27 14:49:37.521 [info] > git config --get commit.template [41ms]
2024-03-27 14:49:37.819 [info] > git rev-parse --show-toplevel [141ms]
2024-03-27 14:49:37.868 [info] > git for-each-ref --format=%(refname)%00%(upstream:short)%00%(objectname)%00%(upstream:track)%00%(upstream:remotename)%00%(upstream:remoteref) refs/heads/main refs/remotes/main [60ms]
2024-03-27 14:49:37.893 [info] > git rev-parse --show-toplevel [27ms]
2024-03-27 14:49:37.968 [info] > git status -z -uall [84ms]
2024-03-27 14:49:38.052 [info] > git rev-parse --show-toplevel [91ms]
2024-03-27 14:49:38.793 [info] > git check-ignore -v -z --stdin [29ms]
2024-03-27 14:49:38.796 [info] > git rev-parse --show-toplevel [730ms]
2024-03-27 14:49:38.798 [info] > git config --get commit.template [746ms]
2024-03-27 14:49:38.814 [info] > git for-each-ref --format=%(refname)%00%(upstream:short)%00%(objectname)%00%(upstream:track)%00%(upstream:remotename)%00%(upstream:remoteref) refs/heads/main refs/remotes/main [23ms]
2024-03-27 14:49:38.856 [info] > git status -z -uall [27ms]
2024-03-27 14:49:38.880 [info] > git rev-parse --show-toplevel [67ms]
2024-03-27 14:49:39.330 [info] > git rev-parse --show-toplevel [340ms]
2024-03-27 14:49:39.520 [info] > git rev-parse --show-toplevel [112ms]
2024-03-27 14:49:39.545 [info] > git rev-parse --show-toplevel [13ms]
2024-03-27 14:49:39.569 [info] > git rev-parse --show-toplevel [16ms]
2024-03-27 14:49:39.620 [info] > git rev-parse --show-toplevel [20ms]
2024-03-27 14:49:39.667 [info] > git rev-parse --show-toplevel [4ms]
2024-03-27 14:49:39.683 [info] > git rev-parse --show-toplevel [4ms]
2024-03-27 14:49:39.697 [info] > git rev-parse --show-toplevel [5ms]
2024-03-27 14:49:39.711 [info] > git rev-parse --show-toplevel [6ms]
2024-03-27 14:49:39.732 [info] > git rev-parse --show-toplevel [9ms]
2024-03-27 14:49:39.752 [info] > git rev-parse --show-toplevel [4ms]
2024-03-27 14:49:39.766 [info] > git rev-parse --show-toplevel [4ms]
2024-03-27 14:49:42.634 [info] > git config --get commit.template [11ms]
2024-03-27 14:49:42.635 [info] > git for-each-ref --format=%(refname)%00%(upstream:short)%00%(objectname)%00%(upstream:track)%00%(upstream:remotename)%00%(upstream:remoteref) refs/heads/main refs/remotes/main [3ms]
2024-03-27 14:49:42.653 [info] > git status -z -uall [11ms]
2024-03-27 14:49:47.699 [info] > git config --get commit.template [3ms]
2024-03-27 14:49:47.714 [info] > git for-each-ref --format=%(refname)%00%(upstream:short)%00%(objectname)%00%(upstream:track)%00%(upstream:remotename)%00%(upstream:remoteref) refs/heads/main refs/remotes/main [6ms]
2024-03-27 14:49:47.734 [info] > git status -z -uall [13ms]
2024-03-27 14:49:52.777 [info] > git config --get commit.template [11ms]
2024-03-27 14:49:52.778 [info] > git for-each-ref --format=%(refname)%00%(upstream:short)%00%(objectname)%00%(upstream:track)%00%(upstream:remotename)%00%(upstream:remoteref) refs/heads/main refs/remotes/main [3ms]
2024-03-27 14:49:52.797 [info] > git status -z -uall [11ms]
2024-03-27 14:50:32.452 [info] > git config --get commit.template [39ms]
2024-03-27 14:50:32.465 [info] > git for-each-ref --format=%(refname)%00%(upstream:short)%00%(objectname)%00%(upstream:track)%00%(upstream:remotename)%00%(upstream:remoteref) refs/heads/main refs/remotes/main [16ms]
2024-03-27 14:50:32.527 [info] > git status -z -uall [29ms]
2024-03-27 14:50:37.672 [info] > git config --get commit.template [15ms]
2024-03-27 14:50:37.676 [info] > git for-each-ref --format=%(refname)%00%(upstream:short)%00%(objectname)%00%(upstream:track)%00%(upstream:remotename)%00%(upstream:remoteref) refs/heads/main refs/remotes/main [6ms]
2024-03-27 14:50:37.712 [info] > git status -z -uall [15ms]
2024-03-27 14:50:42.808 [info] > git config --get commit.template [59ms]
2024-03-27 14:50:42.826 [info] > git for-each-ref --format=%(refname)%00%(upstream:short)%00%(objectname)%00%(upstream:track)%00%(upstream:remotename)%00%(upstream:remoteref) refs/heads/main refs/remotes/main [23ms]
2024-03-27 14:50:42.863 [info] > git status -z -uall [20ms]
2024-03-27 14:50:47.915 [info] > git config --get commit.template [17ms]
2024-03-27 14:50:47.920 [info] > git for-each-ref --format=%(refname)%00%(upstream:short)%00%(objectname)%00%(upstream:track)%00%(upstream:remotename)%00%(upstream:remoteref) refs/heads/main refs/remotes/main [6ms]
2024-03-27 14:50:47.950 [info] > git status -z -uall [19ms]
2024-03-27 14:50:51.238 [info] > git check-ignore -v -z --stdin [3ms]
2024-03-27 14:50:52.569 [info] > git check-ignore -v -z --stdin [3ms]
2024-03-27 14:50:53.012 [info] > git config --get commit.template [22ms]
2024-03-27 14:50:53.013 [info] > git for-each-ref --format=%(refname)%00%(upstream:short)%00%(objectname)%00%(upstream:track)%00%(upstream:remotename)%00%(upstream:remoteref) refs/heads/main refs/remotes/main [12ms]
2024-03-27 14:50:53.037 [info] > git status -z -uall [15ms]
2024-03-27 14:50:54.836 [info] > git for-each-ref --format=%(refname)%00%(upstream:short)%00%(objectname)%00%(upstream:track)%00%(upstream:remotename)%00%(upstream:remoteref) refs/heads/main [7ms]
2024-03-27 14:50:54.865 [info] > git for-each-ref --format=%(refname)%00%(upstream:short)%00%(objectname)%00%(upstream:track)%00%(upstream:remotename)%00%(upstream:remoteref) refs/heads/main [5ms]
2024-03-27 14:50:54.905 [info] > git config --local branch.main.vscode-merge-base [13ms]
2024-03-27 14:50:54.909 [warning] git config failed: Failed to execute git
2024-03-27 14:50:54.952 [info] > git reflog refs/heads/main --grep-reflog=branch: Created from *. [9ms]
2024-03-27 14:50:54.988 [info] > git symbolic-ref --short refs/remotes/origin/HEAD [13ms]
2024-03-27 14:50:54.988 [info] fatal: ref refs/remotes/origin/HEAD is not a symbolic ref
2024-03-27 14:50:54.988 [info] GitHistoryProvider:resolveHistoryItemGroupBase - Failed to resolve history item group base for 'refs/heads/main'
2024-03-27 14:50:54.988 [info] GitHistoryProvider:resolveHistoryItemGroupCommonAncestor - Failed to resolve history item group base for 'refs/heads/main'
2024-03-27 14:50:55.460 [info] > git for-each-ref --format=%(refname)%00%(upstream:short)%00%(objectname)%00%(upstream:track)%00%(upstream:remotename)%00%(upstream:remoteref) refs/heads/main [7ms]
2024-03-27 14:50:55.485 [info] > git for-each-ref --format=%(refname)%00%(upstream:short)%00%(objectname)%00%(upstream:track)%00%(upstream:remotename)%00%(upstream:remoteref) refs/heads/main [8ms]
2024-03-27 14:50:55.502 [info] > git config --local branch.main.vscode-merge-base [4ms]
2024-03-27 14:50:55.503 [warning] git config failed: Failed to execute git
2024-03-27 14:50:55.540 [info] > git reflog refs/heads/main --grep-reflog=branch: Created from *. [17ms]
2024-03-27 14:50:55.573 [info] > git symbolic-ref --short refs/remotes/origin/HEAD [14ms]
2024-03-27 14:50:55.574 [info] fatal: ref refs/remotes/origin/HEAD is not a symbolic ref
2024-03-27 14:50:55.574 [info] GitHistoryProvider:resolveHistoryItemGroupBase - Failed to resolve history item group base for 'refs/heads/main'
2024-03-27 14:50:55.574 [info] GitHistoryProvider:resolveHistoryItemGroupCommonAncestor - Failed to resolve history item group base for 'refs/heads/main'
2024-03-27 14:50:56.174 [info] > git check-ignore -v -z --stdin [20ms]
2024-03-27 14:50:58.095 [info] > git config --get commit.template [6ms]
2024-03-27 14:50:58.113 [info] > git for-each-ref --format=%(refname)%00%(upstream:short)%00%(objectname)%00%(upstream:track)%00%(upstream:remotename)%00%(upstream:remoteref) refs/heads/main refs/remotes/main [7ms]
2024-03-27 14:50:58.148 [info] > git status -z -uall [20ms]
2024-03-27 14:51:03.208 [info] > git config --get commit.template [14ms]
2024-03-27 14:51:03.218 [info] > git for-each-ref --format=%(refname)%00%(upstream:short)%00%(objectname)%00%(upstream:track)%00%(upstream:remotename)%00%(upstream:remoteref) refs/heads/main refs/remotes/main [11ms]
2024-03-27 14:51:03.258 [info] > git status -z -uall [26ms]
2024-03-27 14:51:08.321 [info] > git config --get commit.template [2ms]
2024-03-27 14:51:08.347 [info] > git for-each-ref --format=%(refname)%00%(upstream:short)%00%(objectname)%00%(upstream:track)%00%(upstream:remotename)%00%(upstream:remoteref) refs/heads/main refs/remotes/main [7ms]
2024-03-27 14:51:08.373 [info] > git status -z -uall [19ms]
2024-03-27 14:51:14.521 [info] > git config --get commit.template [17ms]
2024-03-27 14:51:14.527 [info] > git for-each-ref --format=%(refname)%00%(upstream:short)%00%(objectname)%00%(upstream:track)%00%(upstream:remotename)%00%(upstream:remoteref) refs/heads/main refs/remotes/main [10ms]
2024-03-27 14:51:14.554 [info] > git status -z -uall [14ms]
