2024-03-27 14:51:22.210 [info] Added views:workbench.panel.markers.view in workbench.panel.markers
2024-03-27 14:51:22.210 [info] Added views:workbench.panel.output in workbench.panel.output
2024-03-27 14:51:22.210 [info] Added views:terminal in terminal
2024-03-27 14:51:22.210 [info] Added views:outline in workbench.view.explorer
2024-03-27 14:51:22.210 [info] Added views:workbench.scm in workbench.view.scm
2024-03-27 14:51:22.210 [info] Added views:workbench.view.search in workbench.view.search
2024-03-27 14:51:22.210 [info] Added views:timeline in workbench.view.explorer
2024-03-27 14:51:22.210 [info] Added views:workbench.explorer.fileView in workbench.view.explorer
2024-03-27 14:51:23.995 [info] Added views:dockerContainers,dockerImages,dockerRegistries,dockerNetworks,dockerVolumes,vscode-docker.views.dockerContexts,vscode-docker.views.help in workbench.view.extension.dockerView
2024-03-27 14:51:23.997 [info] Added views:targetsContainers,devVolumes in workbench.view.remote
2024-03-27 14:51:23.998 [info] Added views:remoteTargets in workbench.view.remote
2024-03-27 14:51:24.622 [info] Added views:workbench.debug.welcome in workbench.view.debug
2024-03-27 14:51:24.689 [info] Added views:workbench.panel.repl.view in workbench.panel.repl
2024-03-27 14:51:25.875 [info] Added views:~remote.forwardedPorts in ~remote.forwardedPortsContainer
2024-03-27 14:51:49.490 [info] Added views:~remote.helpPanel in workbench.view.remote
2024-03-27 14:51:50.366 [info] Added views:workbench.views.extensions.installed,workbench.views.extensions.popular,extensions.recommendedList in workbench.view.extensions
2024-03-27 14:51:50.381 [info] Removed views:workbench.views.extensions.popular from workbench.view.extensions
2024-03-27 14:51:53.835 [info] Removed views:extensions.recommendedList,workbench.views.extensions.installed from workbench.view.extensions
2024-03-27 14:51:53.852 [info] Added views:workbench.views.extensions.marketplace in workbench.view.extensions
2024-03-27 14:53:46.756 [info] Added views:pr:github,issues:github in workbench.view.extension.github-pull-requests
2024-03-27 14:53:48.174 [info] Removed views:issues:github,pr:github from workbench.view.extension.github-pull-requests
2024-03-27 14:53:48.174 [info] Added views:github:login in workbench.view.extension.github-pull-requests
