2024-03-27 15:04:59.888 [info] Reading sessions from keychain...
2024-03-27 15:04:59.888 [info] Getting sessions for all scopes...
2024-03-27 15:04:59.888 [info] Getting sessions for all scopes...
2024-03-27 15:04:59.888 [info] Got 0 sessions for ...
2024-03-27 15:04:59.888 [info] Got 0 sessions for ...
2024-03-27 15:05:00.010 [info] Getting sessions for project,read:org,read:user,repo,user:email,workflow...
2024-03-27 15:05:00.011 [info] Got 0 sessions for project,read:org,read:user,repo,user:email,workflow...
2024-03-27 15:05:00.012 [info] Getting sessions for read:user,repo,user:email,workflow...
2024-03-27 15:05:00.013 [info] Got 0 sessions for read:user,repo,user:email,workflow...
2024-03-27 15:05:02.082 [info] Getting sessions for read:user,repo,user:email,workflow...
2024-03-27 15:05:02.083 [info] Got 0 sessions for read:user,repo,user:email,workflow...
2024-03-27 15:05:02.424 [info] Getting sessions for read:user,repo,user:email...
2024-03-27 15:05:02.424 [info] Got 0 sessions for read:user,repo,user:email...
2024-03-27 15:05:03.579 [info] Getting sessions for read:user,repo,user:email,workflow...
2024-03-27 15:05:03.580 [info] Got 0 sessions for read:user,repo,user:email,workflow...
2024-03-27 15:05:12.628 [info] Getting sessions for read:user,repo,user:email,workflow...
2024-03-27 15:05:12.628 [info] Got 0 sessions for read:user,repo,user:email,workflow...
2024-03-27 15:05:13.715 [info] Logging in for the following scopes: read:user repo user:email workflow
2024-03-27 15:05:13.760 [info] Trying without local server... (read:user repo user:email workflow)
2024-03-27 15:06:46.357 [error] User Cancelled
2024-03-27 15:06:55.238 [info] Getting sessions for read:user,repo,user:email,workflow...
2024-03-27 15:06:55.238 [info] Got 0 sessions for read:user,repo,user:email,workflow...
2024-03-27 15:06:56.243 [info] Logging in for the following scopes: read:user repo user:email workflow
2024-03-27 15:06:56.254 [info] Trying without local server... (read:user repo user:email workflow)
2024-03-27 15:07:25.575 [info] Getting sessions for project,read:org,read:user,repo,user:email,workflow...
2024-03-27 15:07:25.576 [info] Got 0 sessions for project,read:org,read:user,repo,user:email,workflow...
2024-03-27 15:07:25.598 [info] Getting sessions for read:user,repo,user:email,workflow...
2024-03-27 15:07:25.598 [info] Got 0 sessions for read:user,repo,user:email,workflow...
2024-03-27 15:07:25.607 [info] Getting sessions for read:user,repo,user:email...
2024-03-27 15:07:25.608 [info] Got 0 sessions for read:user,repo,user:email...
2024-03-27 15:07:25.620 [info] Getting sessions for read:user,repo,user:email,workflow...
2024-03-27 15:07:25.620 [info] Got 0 sessions for read:user,repo,user:email,workflow...
2024-03-27 15:07:27.229 [info] Logging in for the following scopes: read:user repo user:email workflow
2024-03-27 15:07:27.233 [info] Trying without local server... (read:user repo user:email workflow)
