2024-03-27 14:45:49.327 [info] Log level: Info
2024-03-27 14:45:49.327 [info] Validating found git in: "git"
2024-03-27 14:45:49.327 [info] Using git "2.43.0" from "git"
2024-03-27 14:45:49.327 [info] > git rev-parse --show-toplevel [29ms]
2024-03-27 14:45:49.328 [info] > git rev-parse --git-dir --git-common-dir [11ms]
2024-03-27 14:45:49.348 [info] Open repository: /root/docker
2024-03-27 14:45:49.381 [info] > git rev-parse --show-toplevel [6ms]
2024-03-27 14:45:49.382 [info] > git config --get commit.template [15ms]
2024-03-27 14:45:49.580 [info] > git for-each-ref --format=%(refname)%00%(upstream:short)%00%(objectname)%00%(upstream:track)%00%(upstream:remotename)%00%(upstream:remoteref) refs/heads/main refs/remotes/main [174ms]
2024-03-27 14:45:49.590 [info] > git rev-parse --show-toplevel [200ms]
2024-03-27 14:45:49.703 [info] > git status -z -uall [114ms]
2024-03-27 14:45:49.811 [info] > git rev-parse --show-toplevel [109ms]
2024-03-27 14:45:50.261 [info] > git config --get commit.template [452ms]
2024-03-27 14:45:50.344 [info] > git rev-parse --show-toplevel [84ms]
2024-03-27 14:45:50.578 [info] > git check-ignore -v -z --stdin [272ms]
2024-03-27 14:45:50.581 [info] > git rev-parse --show-toplevel [178ms]
2024-03-27 14:45:50.589 [info] > git for-each-ref --format=%(refname)%00%(upstream:short)%00%(objectname)%00%(upstream:track)%00%(upstream:remotename)%00%(upstream:remoteref) refs/heads/main refs/remotes/main [214ms]
2024-03-27 14:45:50.693 [info] > git status -z -uall [79ms]
2024-03-27 14:45:50.807 [info] > git rev-parse --show-toplevel [116ms]
2024-03-27 14:45:51.138 [info] > git rev-parse --show-toplevel [308ms]
2024-03-27 14:45:51.219 [info] > git rev-parse --show-toplevel [67ms]
2024-03-27 14:45:51.285 [info] > git rev-parse --show-toplevel [33ms]
2024-03-27 14:45:51.316 [info] > git rev-parse --show-toplevel [13ms]
2024-03-27 14:45:51.348 [info] > git rev-parse --show-toplevel [8ms]
2024-03-27 14:45:51.363 [info] > git rev-parse --show-toplevel [7ms]
2024-03-27 14:45:51.376 [info] > git rev-parse --show-toplevel [5ms]
2024-03-27 14:45:51.389 [info] > git rev-parse --show-toplevel [4ms]
2024-03-27 14:45:51.403 [info] > git rev-parse --show-toplevel [2ms]
2024-03-27 14:45:51.431 [info] > git rev-parse --show-toplevel [4ms]
2024-03-27 14:45:51.455 [info] > git rev-parse --show-toplevel [5ms]
2024-03-27 14:45:51.492 [info] > git rev-parse --show-toplevel [12ms]
2024-03-27 14:45:54.072 [info] > git config --get commit.template [11ms]
2024-03-27 14:45:54.074 [info] > git for-each-ref --format=%(refname)%00%(upstream:short)%00%(objectname)%00%(upstream:track)%00%(upstream:remotename)%00%(upstream:remoteref) refs/heads/main refs/remotes/main [4ms]
2024-03-27 14:45:54.095 [info] > git status -z -uall [11ms]
2024-03-27 14:45:54.996 [info] > git for-each-ref --format=%(refname)%00%(upstream:short)%00%(objectname)%00%(upstream:track)%00%(upstream:remotename)%00%(upstream:remoteref) refs/heads/main [5ms]
2024-03-27 14:45:55.017 [info] > git for-each-ref --format=%(refname)%00%(upstream:short)%00%(objectname)%00%(upstream:track)%00%(upstream:remotename)%00%(upstream:remoteref) refs/heads/main [12ms]
2024-03-27 14:45:55.038 [info] > git config --local branch.main.vscode-merge-base [7ms]
2024-03-27 14:45:55.038 [warning] git config failed: Failed to execute git
2024-03-27 14:45:55.052 [info] > git reflog refs/heads/main --grep-reflog=branch: Created from *. [5ms]
2024-03-27 14:45:55.071 [info] > git symbolic-ref --short refs/remotes/origin/HEAD [4ms]
2024-03-27 14:45:55.071 [info] fatal: ref refs/remotes/origin/HEAD is not a symbolic ref
2024-03-27 14:45:55.071 [info] GitHistoryProvider:resolveHistoryItemGroupBase - Failed to resolve history item group base for 'refs/heads/main'
2024-03-27 14:45:55.071 [info] GitHistoryProvider:resolveHistoryItemGroupCommonAncestor - Failed to resolve history item group base for 'refs/heads/main'
2024-03-27 14:45:55.335 [info] > git for-each-ref --format=%(refname)%00%(upstream:short)%00%(objectname)%00%(upstream:track)%00%(upstream:remotename)%00%(upstream:remoteref) refs/heads/main [3ms]
2024-03-27 14:45:55.352 [info] > git for-each-ref --format=%(refname)%00%(upstream:short)%00%(objectname)%00%(upstream:track)%00%(upstream:remotename)%00%(upstream:remoteref) refs/heads/main [2ms]
2024-03-27 14:45:55.380 [info] > git config --local branch.main.vscode-merge-base [11ms]
2024-03-27 14:45:55.380 [warning] git config failed: Failed to execute git
2024-03-27 14:45:55.397 [info] > git reflog refs/heads/main --grep-reflog=branch: Created from *. [6ms]
2024-03-27 14:45:55.419 [info] > git symbolic-ref --short refs/remotes/origin/HEAD [14ms]
2024-03-27 14:45:55.419 [info] fatal: ref refs/remotes/origin/HEAD is not a symbolic ref
2024-03-27 14:45:55.420 [info] GitHistoryProvider:resolveHistoryItemGroupBase - Failed to resolve history item group base for 'refs/heads/main'
2024-03-27 14:45:55.420 [info] GitHistoryProvider:resolveHistoryItemGroupCommonAncestor - Failed to resolve history item group base for 'refs/heads/main'
2024-03-27 14:45:55.946 [info] > git check-ignore -v -z --stdin [3ms]
2024-03-27 14:45:59.141 [info] > git config --get commit.template [13ms]
2024-03-27 14:45:59.142 [info] > git for-each-ref --format=%(refname)%00%(upstream:short)%00%(objectname)%00%(upstream:track)%00%(upstream:remotename)%00%(upstream:remoteref) refs/heads/main refs/remotes/main [3ms]
2024-03-27 14:45:59.170 [info] > git status -z -uall [18ms]
2024-03-27 14:46:04.219 [info] > git config --get commit.template [15ms]
2024-03-27 14:46:04.220 [info] > git for-each-ref --format=%(refname)%00%(upstream:short)%00%(objectname)%00%(upstream:track)%00%(upstream:remotename)%00%(upstream:remoteref) refs/heads/main refs/remotes/main [3ms]
2024-03-27 14:46:04.249 [info] > git status -z -uall [18ms]
2024-03-27 14:46:09.296 [info] > git config --get commit.template [15ms]
2024-03-27 14:46:09.297 [info] > git for-each-ref --format=%(refname)%00%(upstream:short)%00%(objectname)%00%(upstream:track)%00%(upstream:remotename)%00%(upstream:remoteref) refs/heads/main refs/remotes/main [5ms]
2024-03-27 14:46:09.320 [info] > git status -z -uall [13ms]
2024-03-27 14:46:14.369 [info] > git config --get commit.template [16ms]
2024-03-27 14:46:14.372 [info] > git for-each-ref --format=%(refname)%00%(upstream:short)%00%(objectname)%00%(upstream:track)%00%(upstream:remotename)%00%(upstream:remoteref) refs/heads/main refs/remotes/main [5ms]
2024-03-27 14:46:14.396 [info] > git status -z -uall [14ms]
2024-03-27 14:46:19.458 [info] > git for-each-ref --format=%(refname)%00%(upstream:short)%00%(objectname)%00%(upstream:track)%00%(upstream:remotename)%00%(upstream:remoteref) refs/heads/main refs/remotes/main [3ms]
2024-03-27 14:46:19.459 [info] > git config --get commit.template [17ms]
2024-03-27 14:46:19.484 [info] > git status -z -uall [16ms]
2024-03-27 14:46:19.519 [info] > git for-each-ref --format=%(refname)%00%(upstream:short)%00%(objectname)%00%(upstream:track)%00%(upstream:remotename)%00%(upstream:remoteref) refs/heads/main [7ms]
2024-03-27 14:46:19.541 [info] > git for-each-ref --format=%(refname)%00%(upstream:short)%00%(objectname)%00%(upstream:track)%00%(upstream:remotename)%00%(upstream:remoteref) refs/heads/main [5ms]
2024-03-27 14:46:19.557 [info] > git config --local branch.main.vscode-merge-base [5ms]
2024-03-27 14:46:19.557 [warning] git config failed: Failed to execute git
2024-03-27 14:46:19.576 [info] > git reflog refs/heads/main --grep-reflog=branch: Created from *. [5ms]
2024-03-27 14:46:19.587 [info] > git symbolic-ref --short refs/remotes/origin/HEAD [4ms]
2024-03-27 14:46:19.591 [info] fatal: ref refs/remotes/origin/HEAD is not a symbolic ref
2024-03-27 14:46:19.592 [info] GitHistoryProvider:resolveHistoryItemGroupBase - Failed to resolve history item group base for 'refs/heads/main'
2024-03-27 14:46:19.592 [info] GitHistoryProvider:resolveHistoryItemGroupCommonAncestor - Failed to resolve history item group base for 'refs/heads/main'
2024-03-27 14:46:19.798 [info] > git for-each-ref --format=%(refname)%00%(upstream:short)%00%(objectname)%00%(upstream:track)%00%(upstream:remotename)%00%(upstream:remoteref) refs/heads/main [3ms]
2024-03-27 14:46:19.835 [info] > git for-each-ref --format=%(refname)%00%(upstream:short)%00%(objectname)%00%(upstream:track)%00%(upstream:remotename)%00%(upstream:remoteref) refs/heads/main [21ms]
2024-03-27 14:46:19.857 [info] > git config --local branch.main.vscode-merge-base [6ms]
2024-03-27 14:46:19.857 [warning] git config failed: Failed to execute git
2024-03-27 14:46:19.895 [info] > git reflog refs/heads/main --grep-reflog=branch: Created from *. [17ms]
2024-03-27 14:46:19.911 [info] > git symbolic-ref --short refs/remotes/origin/HEAD [4ms]
2024-03-27 14:46:19.911 [info] fatal: ref refs/remotes/origin/HEAD is not a symbolic ref
2024-03-27 14:46:19.911 [info] GitHistoryProvider:resolveHistoryItemGroupBase - Failed to resolve history item group base for 'refs/heads/main'
2024-03-27 14:46:19.911 [info] GitHistoryProvider:resolveHistoryItemGroupCommonAncestor - Failed to resolve history item group base for 'refs/heads/main'
2024-03-27 14:46:24.535 [info] > git config --get commit.template [18ms]
2024-03-27 14:46:24.538 [info] > git for-each-ref --format=%(refname)%00%(upstream:short)%00%(objectname)%00%(upstream:track)%00%(upstream:remotename)%00%(upstream:remoteref) refs/heads/main refs/remotes/main [10ms]
2024-03-27 14:46:24.568 [info] > git status -z -uall [21ms]
2024-03-27 14:46:29.677 [info] > git config --get commit.template [15ms]
2024-03-27 14:46:29.687 [info] > git for-each-ref --format=%(refname)%00%(upstream:short)%00%(objectname)%00%(upstream:track)%00%(upstream:remotename)%00%(upstream:remoteref) refs/heads/main refs/remotes/main [12ms]
2024-03-27 14:46:29.805 [info] > git status -z -uall [93ms]
2024-03-27 14:46:34.913 [info] > git config --get commit.template [17ms]
2024-03-27 14:46:34.916 [info] > git for-each-ref --format=%(refname)%00%(upstream:short)%00%(objectname)%00%(upstream:track)%00%(upstream:remotename)%00%(upstream:remoteref) refs/heads/main refs/remotes/main [3ms]
2024-03-27 14:46:34.944 [info] > git status -z -uall [18ms]
2024-03-27 14:46:40.005 [info] > git config --get commit.template [16ms]
2024-03-27 14:46:40.006 [info] > git for-each-ref --format=%(refname)%00%(upstream:short)%00%(objectname)%00%(upstream:track)%00%(upstream:remotename)%00%(upstream:remoteref) refs/heads/main refs/remotes/main [3ms]
2024-03-27 14:46:40.037 [info] > git status -z -uall [17ms]
2024-03-27 14:46:45.077 [info] > git config --get commit.template [3ms]
2024-03-27 14:46:45.097 [info] > git for-each-ref --format=%(refname)%00%(upstream:short)%00%(objectname)%00%(upstream:track)%00%(upstream:remotename)%00%(upstream:remoteref) refs/heads/main refs/remotes/main [5ms]
2024-03-27 14:46:45.125 [info] > git status -z -uall [14ms]
2024-03-27 14:46:50.194 [info] > git for-each-ref --format=%(refname)%00%(upstream:short)%00%(objectname)%00%(upstream:track)%00%(upstream:remotename)%00%(upstream:remoteref) refs/heads/main refs/remotes/main [4ms]
2024-03-27 14:46:50.195 [info] > git config --get commit.template [21ms]
2024-03-27 14:46:50.221 [info] > git status -z -uall [16ms]
2024-03-27 14:46:55.260 [info] > git config --get commit.template [11ms]
2024-03-27 14:46:55.261 [info] > git for-each-ref --format=%(refname)%00%(upstream:short)%00%(objectname)%00%(upstream:track)%00%(upstream:remotename)%00%(upstream:remoteref) refs/heads/main refs/remotes/main [3ms]
2024-03-27 14:46:55.287 [info] > git status -z -uall [14ms]
2024-03-27 14:47:00.339 [info] > git config --get commit.template [16ms]
2024-03-27 14:47:00.342 [info] > git for-each-ref --format=%(refname)%00%(upstream:short)%00%(objectname)%00%(upstream:track)%00%(upstream:remotename)%00%(upstream:remoteref) refs/heads/main refs/remotes/main [7ms]
2024-03-27 14:47:00.372 [info] > git status -z -uall [15ms]
2024-03-27 14:47:05.423 [info] > git config --get commit.template [12ms]
2024-03-27 14:47:05.431 [info] > git for-each-ref --format=%(refname)%00%(upstream:short)%00%(objectname)%00%(upstream:track)%00%(upstream:remotename)%00%(upstream:remoteref) refs/heads/main refs/remotes/main [9ms]
2024-03-27 14:47:05.459 [info] > git status -z -uall [17ms]
2024-03-27 14:47:10.519 [info] > git config --get commit.template [21ms]
2024-03-27 14:47:10.520 [info] > git for-each-ref --format=%(refname)%00%(upstream:short)%00%(objectname)%00%(upstream:track)%00%(upstream:remotename)%00%(upstream:remoteref) refs/heads/main refs/remotes/main [3ms]
2024-03-27 14:47:10.546 [info] > git status -z -uall [13ms]
2024-03-27 14:47:15.594 [info] > git config --get commit.template [16ms]
2024-03-27 14:47:15.597 [info] > git for-each-ref --format=%(refname)%00%(upstream:short)%00%(objectname)%00%(upstream:track)%00%(upstream:remotename)%00%(upstream:remoteref) refs/heads/main refs/remotes/main [5ms]
2024-03-27 14:47:15.624 [info] > git status -z -uall [15ms]
2024-03-27 14:47:20.678 [info] > git config --get commit.template [18ms]
2024-03-27 14:47:20.679 [info] > git for-each-ref --format=%(refname)%00%(upstream:short)%00%(objectname)%00%(upstream:track)%00%(upstream:remotename)%00%(upstream:remoteref) refs/heads/main refs/remotes/main [6ms]
2024-03-27 14:47:20.705 [info] > git status -z -uall [16ms]
2024-03-27 14:47:25.758 [info] > git config --get commit.template [12ms]
2024-03-27 14:47:25.760 [info] > git for-each-ref --format=%(refname)%00%(upstream:short)%00%(objectname)%00%(upstream:track)%00%(upstream:remotename)%00%(upstream:remoteref) refs/heads/main refs/remotes/main [3ms]
2024-03-27 14:47:25.788 [info] > git status -z -uall [17ms]
2024-03-27 14:47:30.834 [info] > git config --get commit.template [15ms]
2024-03-27 14:47:30.841 [info] > git for-each-ref --format=%(refname)%00%(upstream:short)%00%(objectname)%00%(upstream:track)%00%(upstream:remotename)%00%(upstream:remoteref) refs/heads/main refs/remotes/main [8ms]
2024-03-27 14:47:30.867 [info] > git status -z -uall [16ms]
2024-03-27 14:47:35.919 [info] > git config --get commit.template [21ms]
2024-03-27 14:47:35.920 [info] > git for-each-ref --format=%(refname)%00%(upstream:short)%00%(objectname)%00%(upstream:track)%00%(upstream:remotename)%00%(upstream:remoteref) refs/heads/main refs/remotes/main [2ms]
2024-03-27 14:47:35.946 [info] > git status -z -uall [15ms]
2024-03-27 14:47:41.003 [info] > git config --get commit.template [5ms]
2024-03-27 14:47:41.020 [info] > git for-each-ref --format=%(refname)%00%(upstream:short)%00%(objectname)%00%(upstream:track)%00%(upstream:remotename)%00%(upstream:remoteref) refs/heads/main refs/remotes/main [3ms]
2024-03-27 14:47:41.047 [info] > git status -z -uall [14ms]
2024-03-27 14:47:46.101 [info] > git config --get commit.template [15ms]
2024-03-27 14:47:46.104 [info] > git for-each-ref --format=%(refname)%00%(upstream:short)%00%(objectname)%00%(upstream:track)%00%(upstream:remotename)%00%(upstream:remoteref) refs/heads/main refs/remotes/main [4ms]
2024-03-27 14:47:46.127 [info] > git status -z -uall [13ms]
2024-03-27 14:47:51.169 [info] > git config --get commit.template [5ms]
2024-03-27 14:47:51.188 [info] > git for-each-ref --format=%(refname)%00%(upstream:short)%00%(objectname)%00%(upstream:track)%00%(upstream:remotename)%00%(upstream:remoteref) refs/heads/main refs/remotes/main [2ms]
2024-03-27 14:47:51.210 [info] > git status -z -uall [11ms]
2024-03-27 14:47:56.244 [info] > git config --get commit.template [12ms]
2024-03-27 14:47:56.248 [info] > git for-each-ref --format=%(refname)%00%(upstream:short)%00%(objectname)%00%(upstream:track)%00%(upstream:remotename)%00%(upstream:remoteref) refs/heads/main refs/remotes/main [5ms]
2024-03-27 14:47:56.276 [info] > git status -z -uall [15ms]
2024-03-27 14:48:01.313 [info] > git config --get commit.template [5ms]
2024-03-27 14:48:01.329 [info] > git for-each-ref --format=%(refname)%00%(upstream:short)%00%(objectname)%00%(upstream:track)%00%(upstream:remotename)%00%(upstream:remoteref) refs/heads/main refs/remotes/main [2ms]
2024-03-27 14:48:01.355 [info] > git status -z -uall [11ms]
2024-03-27 14:48:06.404 [info] > git config --get commit.template [14ms]
2024-03-27 14:48:06.407 [info] > git for-each-ref --format=%(refname)%00%(upstream:short)%00%(objectname)%00%(upstream:track)%00%(upstream:remotename)%00%(upstream:remoteref) refs/heads/main refs/remotes/main [6ms]
2024-03-27 14:48:06.434 [info] > git status -z -uall [13ms]
2024-03-27 14:48:11.506 [info] > git config --get commit.template [17ms]
2024-03-27 14:48:11.507 [info] > git for-each-ref --format=%(refname)%00%(upstream:short)%00%(objectname)%00%(upstream:track)%00%(upstream:remotename)%00%(upstream:remoteref) refs/heads/main refs/remotes/main [6ms]
2024-03-27 14:48:11.535 [info] > git status -z -uall [13ms]
2024-03-27 14:48:16.573 [info] > git config --get commit.template [12ms]
2024-03-27 14:48:16.575 [info] > git for-each-ref --format=%(refname)%00%(upstream:short)%00%(objectname)%00%(upstream:track)%00%(upstream:remotename)%00%(upstream:remoteref) refs/heads/main refs/remotes/main [3ms]
2024-03-27 14:48:16.620 [info] > git status -z -uall [27ms]
2024-03-27 14:48:21.661 [info] > git config --get commit.template [15ms]
2024-03-27 14:48:21.667 [info] > git for-each-ref --format=%(refname)%00%(upstream:short)%00%(objectname)%00%(upstream:track)%00%(upstream:remotename)%00%(upstream:remoteref) refs/heads/main refs/remotes/main [7ms]
2024-03-27 14:48:21.697 [info] > git status -z -uall [10ms]
2024-03-27 14:48:26.731 [info] > git config --get commit.template [2ms]
2024-03-27 14:48:26.751 [info] > git for-each-ref --format=%(refname)%00%(upstream:short)%00%(objectname)%00%(upstream:track)%00%(upstream:remotename)%00%(upstream:remoteref) refs/heads/main refs/remotes/main [1ms]
2024-03-27 14:48:26.779 [info] > git status -z -uall [19ms]
2024-03-27 14:48:31.873 [info] > git config --get commit.template [23ms]
2024-03-27 14:48:31.884 [info] > git for-each-ref --format=%(refname)%00%(upstream:short)%00%(objectname)%00%(upstream:track)%00%(upstream:remotename)%00%(upstream:remoteref) refs/heads/main refs/remotes/main [13ms]
2024-03-27 14:48:32.054 [info] > git status -z -uall [96ms]
2024-03-27 14:48:37.112 [info] > git config --get commit.template [14ms]
2024-03-27 14:48:37.114 [info] > git for-each-ref --format=%(refname)%00%(upstream:short)%00%(objectname)%00%(upstream:track)%00%(upstream:remotename)%00%(upstream:remoteref) refs/heads/main refs/remotes/main [3ms]
2024-03-27 14:48:37.139 [info] > git status -z -uall [11ms]
2024-03-27 14:48:42.180 [info] > git config --get commit.template [13ms]
2024-03-27 14:48:42.182 [info] > git for-each-ref --format=%(refname)%00%(upstream:short)%00%(objectname)%00%(upstream:track)%00%(upstream:remotename)%00%(upstream:remoteref) refs/heads/main refs/remotes/main [3ms]
2024-03-27 14:48:42.229 [info] > git status -z -uall [16ms]
2024-03-27 14:48:47.278 [info] > git config --get commit.template [15ms]
2024-03-27 14:48:47.279 [info] > git for-each-ref --format=%(refname)%00%(upstream:short)%00%(objectname)%00%(upstream:track)%00%(upstream:remotename)%00%(upstream:remoteref) refs/heads/main refs/remotes/main [3ms]
2024-03-27 14:48:47.304 [info] > git status -z -uall [16ms]
2024-03-27 14:48:52.349 [info] > git config --get commit.template [7ms]
2024-03-27 14:48:52.365 [info] > git for-each-ref --format=%(refname)%00%(upstream:short)%00%(objectname)%00%(upstream:track)%00%(upstream:remotename)%00%(upstream:remoteref) refs/heads/main refs/remotes/main [6ms]
2024-03-27 14:48:52.389 [info] > git status -z -uall [14ms]
2024-03-27 14:48:57.430 [info] > git config --get commit.template [15ms]
2024-03-27 14:48:57.432 [info] > git for-each-ref --format=%(refname)%00%(upstream:short)%00%(objectname)%00%(upstream:track)%00%(upstream:remotename)%00%(upstream:remoteref) refs/heads/main refs/remotes/main [3ms]
2024-03-27 14:48:57.459 [info] > git status -z -uall [14ms]
2024-03-27 14:49:02.534 [info] > git config --get commit.template [34ms]
2024-03-27 14:49:02.540 [info] > git for-each-ref --format=%(refname)%00%(upstream:short)%00%(objectname)%00%(upstream:track)%00%(upstream:remotename)%00%(upstream:remoteref) refs/heads/main refs/remotes/main [7ms]
2024-03-27 14:49:02.588 [info] > git status -z -uall [31ms]
2024-03-27 14:49:07.637 [info] > git config --get commit.template [15ms]
2024-03-27 14:49:07.640 [info] > git for-each-ref --format=%(refname)%00%(upstream:short)%00%(objectname)%00%(upstream:track)%00%(upstream:remotename)%00%(upstream:remoteref) refs/heads/main refs/remotes/main [4ms]
2024-03-27 14:49:07.664 [info] > git status -z -uall [16ms]
2024-03-27 14:49:12.712 [info] > git config --get commit.template [13ms]
2024-03-27 14:49:12.718 [info] > git for-each-ref --format=%(refname)%00%(upstream:short)%00%(objectname)%00%(upstream:track)%00%(upstream:remotename)%00%(upstream:remoteref) refs/heads/main refs/remotes/main [8ms]
2024-03-27 14:49:12.747 [info] > git status -z -uall [14ms]
2024-03-27 14:49:17.784 [info] > git config --get commit.template [2ms]
2024-03-27 14:49:17.795 [info] > git for-each-ref --format=%(refname)%00%(upstream:short)%00%(objectname)%00%(upstream:track)%00%(upstream:remotename)%00%(upstream:remoteref) refs/heads/main refs/remotes/main [3ms]
2024-03-27 14:49:17.816 [info] > git status -z -uall [13ms]
2024-03-27 14:49:22.859 [info] > git config --get commit.template [14ms]
2024-03-27 14:49:22.861 [info] > git for-each-ref --format=%(refname)%00%(upstream:short)%00%(objectname)%00%(upstream:track)%00%(upstream:remotename)%00%(upstream:remoteref) refs/heads/main refs/remotes/main [3ms]
2024-03-27 14:49:22.892 [info] > git status -z -uall [15ms]
2024-03-27 14:49:27.930 [info] > git config --get commit.template [11ms]
2024-03-27 14:49:27.932 [info] > git for-each-ref --format=%(refname)%00%(upstream:short)%00%(objectname)%00%(upstream:track)%00%(upstream:remotename)%00%(upstream:remoteref) refs/heads/main refs/remotes/main [3ms]
2024-03-27 14:49:27.954 [info] > git status -z -uall [13ms]
