2024-03-27 15:26:11.875 [info] Added views:workbench.panel.markers.view in workbench.panel.markers
2024-03-27 15:26:11.875 [info] Added views:workbench.panel.output in workbench.panel.output
2024-03-27 15:26:11.875 [info] Added views:terminal in terminal
2024-03-27 15:26:11.875 [info] Added views:outline in workbench.view.explorer
2024-03-27 15:26:11.875 [info] Added views:workbench.scm in workbench.view.scm
2024-03-27 15:26:11.875 [info] Added views:workbench.view.search in workbench.view.search
2024-03-27 15:26:11.875 [info] Added views:timeline in workbench.view.explorer
2024-03-27 15:26:11.875 [info] Added views:workbench.explorer.fileView in workbench.view.explorer
2024-03-27 15:26:13.030 [info] Added views:pr:github,issues:github in workbench.view.extension.github-pull-requests
2024-03-27 15:26:13.051 [info] Added views:dockerContainers,dockerImages,dockerRegistries,dockerNetworks,dockerVolumes,vscode-docker.views.dockerContexts,vscode-docker.views.help in workbench.view.extension.dockerView
2024-03-27 15:26:13.052 [info] Added views:targetsContainers,devVolumes in workbench.view.remote
2024-03-27 15:26:13.064 [info] Added views:remoteTargets in workbench.view.remote
2024-03-27 15:26:13.624 [info] Added views:workbench.debug.welcome in workbench.view.debug
2024-03-27 15:26:13.800 [info] Added views:workbench.panel.repl.view in workbench.panel.repl
2024-03-27 15:26:15.140 [info] Added views:~remote.forwardedPorts in ~remote.forwardedPortsContainer
2024-03-27 15:26:19.076 [info] Removed views:issues:github,pr:github from workbench.view.extension.github-pull-requests
2024-03-27 15:26:19.078 [info] Added views:github:login in workbench.view.extension.github-pull-requests
2024-03-27 15:31:31.072 [info] Removed views:github:login from workbench.view.extension.github-pull-requests
2024-03-27 15:31:31.080 [info] Added views:pr:github,issues:github in workbench.view.extension.github-pull-requests
2024-03-27 15:31:31.249 [info] Added views:workbench.panel.comments in workbench.panel.comments
